#
# There is insufficient memory for the Java Runtime Environment to continue.
# Native memory allocation (malloc) failed to allocate 2606048 bytes for Chunk::new
# Possible reasons:
#   The system is out of physical RAM or swap space
#   The process is running with CompressedOops enabled, and the Java Heap may be blocking the growth of the native heap
# Possible solutions:
#   Reduce memory load on the system
#   Increase physical memory or swap space
#   Check if swap backing store is full
#   Decrease Java heap size (-Xmx/-Xms)
#   Decrease number of Java threads
#   Decrease Java thread stack sizes (-Xss)
#   Set larger code cache with -XX:ReservedCodeCacheSize=
#   JVM is running with Unscaled Compressed Oops mode in which the Java heap is
#     placed in the first 4GB address space. The Java Heap base address is the
#     maximum limit for the native heap growth. Please use -XX:HeapBaseMinAddress
#     to set the Java Heap base and to place the Java Heap above 4GB virtual address.
# This output file may be truncated or incomplete.
#
#  Out of Memory Error (arena.cpp:189), pid=2036, tid=2728
#
# JRE version: OpenJDK Runtime Environment Temurin-17.0.8.1+1 (17.0.8.1+1) (build 17.0.8.1+1)
# Java VM: OpenJDK 64-Bit Server VM Temurin-17.0.8.1+1 (17.0.8.1+1, mixed mode, tiered, compressed oops, compressed class ptrs, parallel gc, windows-amd64)
# No core dump will be written. Minidumps are not enabled by default on client versions of Windows
#

---------------  S U M M A R Y ------------

Command Line: --add-modules=ALL-SYSTEM --add-opens=java.base/java.util=ALL-UNNAMED --add-opens=java.base/java.lang=ALL-UNNAMED --add-opens=java.base/sun.nio.fs=ALL-UNNAMED -Declipse.application=org.eclipse.jdt.ls.core.id1 -Dosgi.bundles.defaultStartLevel=4 -Declipse.product=org.eclipse.jdt.ls.core.product -Djava.import.generatesMetadataFilesAtProjectRoot=false -DDetectVMInstallationsJob.disabled=true -Dfile.encoding=utf8 -XX:+UseParallelGC -XX:GCTimeRatio=4 -XX:AdaptiveSizePolicyWeight=90 -Dsun.zip.disableMemoryMapping=true -Xmx1G -Xms100m -Xlog:disable -javaagent:c:\Users\HP\.vscode\extensions\redhat.java-1.24.0-win32-x64\lombok\lombok-1.18.30.jar c:\Users\HP\.vscode\extensions\redhat.java-1.24.0-win32-x64\server\plugins\org.eclipse.equinox.launcher_1.6.500.v20230717-2134.jar -configuration c:\Users\HP\AppData\Roaming\Code\User\globalStorage\redhat.java\1.24.0\config_ss_win -data c:\Users\HP\AppData\Roaming\Code\User\workspaceStorage\760992161360fd93b4713378337e30bc\redhat.java\ss_ws --stdio

Host: 12th Gen Intel(R) Core(TM) i5-1240P, 16 cores, 7G,  Windows 11 , 64 bit Build 22621 (10.0.22621.2428)
Time: Fri Nov 10 15:10:18 2023 SE Asia Standard Time elapsed time: 1.635617 seconds (0d 0h 0m 1s)

---------------  T H R E A D  ---------------

Current thread (0x0000020b86a1f3e0):  JavaThread "C2 CompilerThread1" daemon [_thread_in_native, id=2728, stack(0x000000c174d00000,0x000000c174e00000)]


Current CompileTask:
C2:   1635 2453       4       org.lombokweb.asm.ClassReader::readMethod (1066 bytes)

Stack: [0x000000c174d00000,0x000000c174e00000]
Native frames: (J=compiled Java code, j=interpreted, Vv=VM code, C=native code)
V  [jvm.dll+0x678b0a]
V  [jvm.dll+0x835e84]
V  [jvm.dll+0x83762e]
V  [jvm.dll+0x837c93]
V  [jvm.dll+0x24746f]
V  [jvm.dll+0xac20c]
V  [jvm.dll+0xac7dc]
V  [jvm.dll+0x365ca7]
V  [jvm.dll+0x1bd1f8]
V  [jvm.dll+0x219d49]
V  [jvm.dll+0x219011]
V  [jvm.dll+0x1a534d]
V  [jvm.dll+0x228d8a]
V  [jvm.dll+0x226dcc]
V  [jvm.dll+0x7ec09b]
V  [jvm.dll+0x7e64ca]
V  [jvm.dll+0x677955]
C  [ucrtbase.dll+0x29363]
C  [KERNEL32.DLL+0x1257d]
C  [ntdll.dll+0x5aa78]


---------------  P R O C E S S  ---------------

Threads class SMR info:
_java_thread_list=0x0000020b89eb9cf0, length=25, elements={
0x0000020bed6aa550, 0x0000020bff51b8b0, 0x0000020bff51c920, 0x0000020b86873330,
0x0000020b86873d00, 0x0000020b868747d0, 0x0000020b868772f0, 0x0000020b8689dba0,
0x0000020b8689e560, 0x0000020b868a2370, 0x0000020bed70af60, 0x0000020b86988bf0,
0x0000020b86a1e470, 0x0000020b86a1f3e0, 0x0000020b887208a0, 0x0000020b887b6a10,
0x0000020b88e48a80, 0x0000020b88f1b150, 0x0000020b891b1490, 0x0000020b8929c240,
0x0000020b89233890, 0x0000020b8935d3f0, 0x0000020b8935f760, 0x0000020b8935d900,
0x0000020b89360690
}

Java Threads: ( => current thread )
  0x0000020bed6aa550 JavaThread "main" [_thread_blocked, id=6708, stack(0x000000c173e00000,0x000000c173f00000)]
  0x0000020bff51b8b0 JavaThread "Reference Handler" daemon [_thread_blocked, id=4632, stack(0x000000c174100000,0x000000c174200000)]
  0x0000020bff51c920 JavaThread "Finalizer" daemon [_thread_blocked, id=16084, stack(0x000000c174200000,0x000000c174300000)]
  0x0000020b86873330 JavaThread "Signal Dispatcher" daemon [_thread_blocked, id=5944, stack(0x000000c174300000,0x000000c174400000)]
  0x0000020b86873d00 JavaThread "Attach Listener" daemon [_thread_blocked, id=15824, stack(0x000000c174400000,0x000000c174500000)]
  0x0000020b868747d0 JavaThread "Service Thread" daemon [_thread_blocked, id=18808, stack(0x000000c174500000,0x000000c174600000)]
  0x0000020b868772f0 JavaThread "Monitor Deflation Thread" daemon [_thread_blocked, id=19444, stack(0x000000c174600000,0x000000c174700000)]
  0x0000020b8689dba0 JavaThread "C2 CompilerThread0" daemon [_thread_blocked, id=7900, stack(0x000000c174700000,0x000000c174800000)]
  0x0000020b8689e560 JavaThread "C1 CompilerThread0" daemon [_thread_blocked, id=16788, stack(0x000000c174800000,0x000000c174900000)]
  0x0000020b868a2370 JavaThread "Sweeper thread" daemon [_thread_blocked, id=18492, stack(0x000000c174900000,0x000000c174a00000)]
  0x0000020bed70af60 JavaThread "Common-Cleaner" daemon [_thread_blocked, id=15924, stack(0x000000c174a00000,0x000000c174b00000)]
  0x0000020b86988bf0 JavaThread "C1 CompilerThread1" daemon [_thread_blocked, id=19308, stack(0x000000c174b00000,0x000000c174c00000)]
  0x0000020b86a1e470 JavaThread "C1 CompilerThread2" daemon [_thread_blocked, id=10816, stack(0x000000c174c00000,0x000000c174d00000)]
=>0x0000020b86a1f3e0 JavaThread "C2 CompilerThread1" daemon [_thread_in_native, id=2728, stack(0x000000c174d00000,0x000000c174e00000)]
  0x0000020b887208a0 JavaThread "C1 CompilerThread3" daemon [_thread_blocked, id=12412, stack(0x000000c174e00000,0x000000c174f00000)]
  0x0000020b887b6a10 JavaThread "Notification Thread" daemon [_thread_blocked, id=11104, stack(0x000000c174f00000,0x000000c175000000)]
  0x0000020b88e48a80 JavaThread "Active Thread: Equinox Container: 2304f26c-97df-48e7-a748-631845265d55" [_thread_blocked, id=20368, stack(0x000000c175600000,0x000000c175700000)]
  0x0000020b88f1b150 JavaThread "Framework Event Dispatcher: Equinox Container: 2304f26c-97df-48e7-a748-631845265d55" daemon [_thread_blocked, id=20348, stack(0x000000c175700000,0x000000c175800000)]
  0x0000020b891b1490 JavaThread "Start Level: Equinox Container: 2304f26c-97df-48e7-a748-631845265d55" daemon [_thread_blocked, id=18444, stack(0x000000c175800000,0x000000c175900000)]
  0x0000020b8929c240 JavaThread "SCR Component Actor" daemon [_thread_blocked, id=4956, stack(0x000000c175900000,0x000000c175a00000)]
  0x0000020b89233890 JavaThread "SCR Component Registry" daemon [_thread_blocked, id=19912, stack(0x000000c175c00000,0x000000c175d00000)]
  0x0000020b8935d3f0 JavaThread "Worker-JM" [_thread_blocked, id=19856, stack(0x000000c175d00000,0x000000c175e00000)]
  0x0000020b8935f760 JavaThread "Worker-0" [_thread_blocked, id=20016, stack(0x000000c176100000,0x000000c176200000)]
  0x0000020b8935d900 JavaThread "Worker-1" [_thread_blocked, id=20024, stack(0x000000c176200000,0x000000c176300000)]
  0x0000020b89360690 JavaThread "Java indexing" daemon [_thread_blocked, id=20008, stack(0x000000c176400000,0x000000c176500000)]

Other Threads:
  0x0000020bed759310 VMThread "VM Thread" [stack: 0x000000c174000000,0x000000c174100000] [id=10840]
  0x0000020b887b74a0 WatcherThread [stack: 0x000000c175000000,0x000000c175100000] [id=4328]
  0x0000020bed6c0410 GCTaskThread "GC Thread#0" [stack: 0x000000c173f00000,0x000000c174000000] [id=18864]
  0x0000020b88cbaf60 GCTaskThread "GC Thread#1" [stack: 0x000000c175100000,0x000000c175200000] [id=10704]
  0x0000020b88b83470 GCTaskThread "GC Thread#2" [stack: 0x000000c175200000,0x000000c175300000] [id=6812]
  0x0000020b88b83730 GCTaskThread "GC Thread#3" [stack: 0x000000c175300000,0x000000c175400000] [id=20340]
  0x0000020b88b839f0 GCTaskThread "GC Thread#4" [stack: 0x000000c175400000,0x000000c175500000] [id=15812]
  0x0000020b88b83cb0 GCTaskThread "GC Thread#5" [stack: 0x000000c175500000,0x000000c175600000] [id=19664]
  0x0000020b88e74400 GCTaskThread "GC Thread#6" [stack: 0x000000c175a00000,0x000000c175b00000] [id=19908]
  0x0000020b891d8c20 GCTaskThread "GC Thread#7" [stack: 0x000000c175b00000,0x000000c175c00000] [id=19904]
  0x0000020b895903e0 GCTaskThread "GC Thread#8" [stack: 0x000000c175e00000,0x000000c175f00000] [id=19916]
  0x0000020b8943d460 GCTaskThread "GC Thread#9" [stack: 0x000000c175f00000,0x000000c176000000] [id=20020]
  0x0000020b8943d720 GCTaskThread "GC Thread#10" [stack: 0x000000c176000000,0x000000c176100000] [id=20028]
  0x0000020b89600130 GCTaskThread "GC Thread#11" [stack: 0x000000c176300000,0x000000c176400000] [id=20000]
  0x0000020b8969ec30 GCTaskThread "GC Thread#12" [stack: 0x000000c176500000,0x000000c176600000] [id=19892]

Threads with active compile tasks:
C2 CompilerThread1     1643 2453       4       org.lombokweb.asm.ClassReader::readMethod (1066 bytes)

VM state: not at safepoint (normal execution)

VM Mutex/Monitor currently owned by a thread: None

Heap address: 0x00000000c0000000, size: 1024 MB, Compressed Oops mode: 32-bit

CDS archive(s) not mapped
Compressed class space mapped at: 0x0000000100000000-0x0000000140000000, reserved size: 1073741824
Narrow klass base: 0x0000000000000000, Narrow klass shift: 3, Narrow klass range: 0x140000000

GC Precious Log:
 CPUs: 16 total, 16 available
 Memory: 7860M
 Large Page Support: Disabled
 NUMA Support: Disabled
 Compressed Oops: Enabled (32-bit)
 Alignments: Space 512K, Generation 512K, Heap 2M
 Heap Min Capacity: 100M
 Heap Initial Capacity: 100M
 Heap Max Capacity: 1G
 Pre-touch: Disabled
 Parallel Workers: 13

Heap:
 PSYoungGen      total 26112K, used 2817K [0x00000000eab00000, 0x00000000ec780000, 0x0000000100000000)
  eden space 24576K, 6% used [0x00000000eab00000,0x00000000eaca13a8,0x00000000ec300000)
  from space 1536K, 74% used [0x00000000ec600000,0x00000000ec71f270,0x00000000ec780000)
  to   space 1536K, 0% used [0x00000000ec480000,0x00000000ec480000,0x00000000ec600000)
 ParOldGen       total 68608K, used 6812K [0x00000000c0000000, 0x00000000c4300000, 0x00000000eab00000)
  object space 68608K, 9% used [0x00000000c0000000,0x00000000c06a71a8,0x00000000c4300000)
 Metaspace       used 27563K, committed 28096K, reserved 1114112K
  class space    used 2657K, committed 2880K, reserved 1048576K

Card table byte_map: [0x0000020bed070000,0x0000020bed280000] _byte_map_base: 0x0000020beca70000

Marking Bits: (ParMarkBitMap*) 0x00007ffbc73f83a0
 Begin Bits: [0x0000020b80000000, 0x0000020b81000000)
 End Bits:   [0x0000020b81000000, 0x0000020b82000000)

Polling page: 0x0000020bece60000

Metaspace:

Usage:
  Non-class:     24.32 MB used.
      Class:      2.60 MB used.
       Both:     26.92 MB used.

Virtual space:
  Non-class space:       64.00 MB reserved,      24.62 MB ( 38%) committed,  1 nodes.
      Class space:        1.00 GB reserved,       2.81 MB ( <1%) committed,  1 nodes.
             Both:        1.06 GB reserved,      27.44 MB (  3%) committed. 

Chunk freelists:
   Non-Class:  7.28 MB
       Class:  13.00 MB
        Both:  20.29 MB

MaxMetaspaceSize: unlimited
CompressedClassSpaceSize: 1.00 GB
Initial GC threshold: 21.00 MB
Current GC threshold: 35.00 MB
CDS: off
MetaspaceReclaimPolicy: balanced
 - commit_granule_bytes: 65536.
 - commit_granule_words: 8192.
 - virtual_space_node_default_size: 8388608.
 - enlarge_chunks_in_place: 1.
 - new_chunks_are_fully_committed: 0.
 - uncommit_free_chunks: 1.
 - use_allocation_guard: 0.
 - handle_deallocations: 1.


Internal statistics:

num_allocs_failed_limit: 3.
num_arena_births: 276.
num_arena_deaths: 14.
num_vsnodes_births: 2.
num_vsnodes_deaths: 0.
num_space_committed: 439.
num_space_uncommitted: 0.
num_chunks_returned_to_freelist: 17.
num_chunks_taken_from_freelist: 1029.
num_chunk_merges: 7.
num_chunk_splits: 676.
num_chunks_enlarged: 467.
num_inconsistent_stats: 0.

CodeHeap 'non-profiled nmethods': size=119168Kb used=1049Kb max_used=1049Kb free=118118Kb
 bounds [0x0000020bf7ec0000, 0x0000020bf8130000, 0x0000020bff320000]
CodeHeap 'profiled nmethods': size=119104Kb used=5122Kb max_used=5122Kb free=113981Kb
 bounds [0x0000020bf0320000, 0x0000020bf0830000, 0x0000020bf7770000]
CodeHeap 'non-nmethods': size=7488Kb used=2923Kb max_used=2945Kb free=4564Kb
 bounds [0x0000020bf7770000, 0x0000020bf7a60000, 0x0000020bf7ec0000]
 total_blobs=3114 nmethods=2569 adapters=456
 compilation: enabled
              stopped_count=0, restarted_count=0
 full_count=0

Compilation events (20 events):
Event: 1.539 Thread 0x0000020b887208a0 2567       3       java.lang.ProcessEnvironment$NameComparator::compare (13 bytes)
Event: 1.539 Thread 0x0000020b8689e560 nmethod 2566 0x0000020bf081dd10 code [0x0000020bf081dec0, 0x0000020bf081e0b8]
Event: 1.539 Thread 0x0000020b86a1e470 nmethod 2565 0x0000020bf081e190 code [0x0000020bf081e340, 0x0000020bf081e598]
Event: 1.540 Thread 0x0000020b887208a0 nmethod 2567 0x0000020bf081e690 code [0x0000020bf081e840, 0x0000020bf081eb48]
Event: 1.540 Thread 0x0000020b86988bf0 nmethod 2568 0x0000020bf081ec10 code [0x0000020bf081ef20, 0x0000020bf0820138]
Event: 1.541 Thread 0x0000020b8689dba0 nmethod 2461 0x0000020bf7fc0f10 code [0x0000020bf7fc1100, 0x0000020bf7fc17d0]
Event: 1.541 Thread 0x0000020b8689dba0 2459       4       org.lombokweb.asm.MethodWriter::<init> (232 bytes)
Event: 1.567 Thread 0x0000020b8689dba0 nmethod 2459 0x0000020bf7fc1d90 code [0x0000020bf7fc2060, 0x0000020bf7fc39d8]
Event: 1.567 Thread 0x0000020b8689dba0 2460       4       org.lombokweb.asm.MethodWriter::canCopyMethodAttributes (163 bytes)
Event: 1.569 Thread 0x0000020b8689dba0 nmethod 2460 0x0000020bf7fc4b90 code [0x0000020bf7fc4d20, 0x0000020bf7fc5098]
Event: 1.569 Thread 0x0000020b8689dba0 2458       4       org.lombokweb.asm.MethodVisitor::<init> (94 bytes)
Event: 1.570 Thread 0x0000020b8689dba0 nmethod 2458 0x0000020bf7fc5410 code [0x0000020bf7fc5580, 0x0000020bf7fc5638]
Event: 1.570 Thread 0x0000020b8689dba0 2462       4       org.lombokweb.asm.ClassWriter::visitMethod (57 bytes)
Event: 1.571 Thread 0x0000020b8689dba0 nmethod 2462 0x0000020bf7fc5710 code [0x0000020bf7fc58a0, 0x0000020bf7fc5a88]
Event: 1.571 Thread 0x0000020b8689dba0 2463       4       org.lombokweb.asm.ClassVisitor::visitMethod (24 bytes)
Event: 1.572 Thread 0x0000020b8689dba0 nmethod 2463 0x0000020bf7fc5c10 code [0x0000020bf7fc5da0, 0x0000020bf7fc5fe8]
Event: 1.618 Thread 0x0000020b8689e560 2569       1       org.eclipse.core.internal.jobs.InternalJob::previous (5 bytes)
Event: 1.618 Thread 0x0000020b8689e560 nmethod 2569 0x0000020bf7fc6190 code [0x0000020bf7fc6320, 0x0000020bf7fc63f8]
Event: 1.619 Thread 0x0000020b8689e560 2570       1       java.util.concurrent.atomic.AtomicReference::set (6 bytes)
Event: 1.619 Thread 0x0000020b8689e560 nmethod 2570 0x0000020bf7fc6490 code [0x0000020bf7fc6620, 0x0000020bf7fc66f8]

GC Heap History (14 events):
Event: 0.522 GC heap before
{Heap before GC invocations=1 (full 0):
 PSYoungGen      total 29696K, used 25600K [0x00000000eab00000, 0x00000000ecc00000, 0x0000000100000000)
  eden space 25600K, 100% used [0x00000000eab00000,0x00000000ec400000,0x00000000ec400000)
  from space 4096K, 0% used [0x00000000ec800000,0x00000000ec800000,0x00000000ecc00000)
  to   space 4096K, 0% used [0x00000000ec400000,0x00000000ec400000,0x00000000ec800000)
 ParOldGen       total 68608K, used 0K [0x00000000c0000000, 0x00000000c4300000, 0x00000000eab00000)
  object space 68608K, 0% used [0x00000000c0000000,0x00000000c0000000,0x00000000c4300000)
 Metaspace       used 10622K, committed 10752K, reserved 1114112K
  class space    used 1059K, committed 1088K, reserved 1048576K
}
Event: 0.525 GC heap after
{Heap after GC invocations=1 (full 0):
 PSYoungGen      total 29696K, used 3083K [0x00000000eab00000, 0x00000000ecc00000, 0x0000000100000000)
  eden space 25600K, 0% used [0x00000000eab00000,0x00000000eab00000,0x00000000ec400000)
  from space 4096K, 75% used [0x00000000ec400000,0x00000000ec702cb0,0x00000000ec800000)
  to   space 4096K, 0% used [0x00000000ec800000,0x00000000ec800000,0x00000000ecc00000)
 ParOldGen       total 68608K, used 16K [0x00000000c0000000, 0x00000000c4300000, 0x00000000eab00000)
  object space 68608K, 0% used [0x00000000c0000000,0x00000000c0004000,0x00000000c4300000)
 Metaspace       used 10622K, committed 10752K, reserved 1114112K
  class space    used 1059K, committed 1088K, reserved 1048576K
}
Event: 0.891 GC heap before
{Heap before GC invocations=2 (full 0):
 PSYoungGen      total 29696K, used 28683K [0x00000000eab00000, 0x00000000ecc00000, 0x0000000100000000)
  eden space 25600K, 100% used [0x00000000eab00000,0x00000000ec400000,0x00000000ec400000)
  from space 4096K, 75% used [0x00000000ec400000,0x00000000ec702cb0,0x00000000ec800000)
  to   space 4096K, 0% used [0x00000000ec800000,0x00000000ec800000,0x00000000ecc00000)
 ParOldGen       total 68608K, used 16K [0x00000000c0000000, 0x00000000c4300000, 0x00000000eab00000)
  object space 68608K, 0% used [0x00000000c0000000,0x00000000c0004000,0x00000000c4300000)
 Metaspace       used 14586K, committed 14784K, reserved 1114112K
  class space    used 1467K, committed 1536K, reserved 1048576K
}
Event: 0.894 GC heap after
{Heap after GC invocations=2 (full 0):
 PSYoungGen      total 29696K, used 4082K [0x00000000eab00000, 0x00000000ecc00000, 0x0000000100000000)
  eden space 25600K, 0% used [0x00000000eab00000,0x00000000eab00000,0x00000000ec400000)
  from space 4096K, 99% used [0x00000000ec800000,0x00000000ecbfc8d0,0x00000000ecc00000)
  to   space 4096K, 0% used [0x00000000ec400000,0x00000000ec400000,0x00000000ec800000)
 ParOldGen       total 68608K, used 636K [0x00000000c0000000, 0x00000000c4300000, 0x00000000eab00000)
  object space 68608K, 0% used [0x00000000c0000000,0x00000000c009f020,0x00000000c4300000)
 Metaspace       used 14586K, committed 14784K, reserved 1114112K
  class space    used 1467K, committed 1536K, reserved 1048576K
}
Event: 1.173 GC heap before
{Heap before GC invocations=3 (full 0):
 PSYoungGen      total 29696K, used 29682K [0x00000000eab00000, 0x00000000ecc00000, 0x0000000100000000)
  eden space 25600K, 99% used [0x00000000eab00000,0x00000000ec3ffff8,0x00000000ec400000)
  from space 4096K, 99% used [0x00000000ec800000,0x00000000ecbfc8d0,0x00000000ecc00000)
  to   space 4096K, 0% used [0x00000000ec400000,0x00000000ec400000,0x00000000ec800000)
 ParOldGen       total 68608K, used 636K [0x00000000c0000000, 0x00000000c4300000, 0x00000000eab00000)
  object space 68608K, 0% used [0x00000000c0000000,0x00000000c009f020,0x00000000c4300000)
 Metaspace       used 19739K, committed 20160K, reserved 1114112K
  class space    used 2006K, committed 2176K, reserved 1048576K
}
Event: 1.176 GC heap after
{Heap after GC invocations=3 (full 0):
 PSYoungGen      total 29696K, used 4079K [0x00000000eab00000, 0x00000000ecc00000, 0x0000000100000000)
  eden space 25600K, 0% used [0x00000000eab00000,0x00000000eab00000,0x00000000ec400000)
  from space 4096K, 99% used [0x00000000ec400000,0x00000000ec7fbed8,0x00000000ec800000)
  to   space 4096K, 0% used [0x00000000ec800000,0x00000000ec800000,0x00000000ecc00000)
 ParOldGen       total 68608K, used 2607K [0x00000000c0000000, 0x00000000c4300000, 0x00000000eab00000)
  object space 68608K, 3% used [0x00000000c0000000,0x00000000c028bc10,0x00000000c4300000)
 Metaspace       used 19739K, committed 20160K, reserved 1114112K
  class space    used 2006K, committed 2176K, reserved 1048576K
}
Event: 1.263 GC heap before
{Heap before GC invocations=4 (full 0):
 PSYoungGen      total 29696K, used 11982K [0x00000000eab00000, 0x00000000ecc00000, 0x0000000100000000)
  eden space 25600K, 30% used [0x00000000eab00000,0x00000000eb2b7a40,0x00000000ec400000)
  from space 4096K, 99% used [0x00000000ec400000,0x00000000ec7fbed8,0x00000000ec800000)
  to   space 4096K, 0% used [0x00000000ec800000,0x00000000ec800000,0x00000000ecc00000)
 ParOldGen       total 68608K, used 2607K [0x00000000c0000000, 0x00000000c4300000, 0x00000000eab00000)
  object space 68608K, 3% used [0x00000000c0000000,0x00000000c028bc10,0x00000000c4300000)
 Metaspace       used 21050K, committed 21504K, reserved 1114112K
  class space    used 2151K, committed 2368K, reserved 1048576K
}
Event: 1.265 GC heap after
{Heap after GC invocations=4 (full 0):
 PSYoungGen      total 29696K, used 4079K [0x00000000eab00000, 0x00000000ecc00000, 0x0000000100000000)
  eden space 25600K, 0% used [0x00000000eab00000,0x00000000eab00000,0x00000000ec400000)
  from space 4096K, 99% used [0x00000000ec800000,0x00000000ecbfbeb8,0x00000000ecc00000)
  to   space 4096K, 0% used [0x00000000ec400000,0x00000000ec400000,0x00000000ec800000)
 ParOldGen       total 68608K, used 2935K [0x00000000c0000000, 0x00000000c4300000, 0x00000000eab00000)
  object space 68608K, 4% used [0x00000000c0000000,0x00000000c02ddc10,0x00000000c4300000)
 Metaspace       used 21050K, committed 21504K, reserved 1114112K
  class space    used 2151K, committed 2368K, reserved 1048576K
}
Event: 1.265 GC heap before
{Heap before GC invocations=5 (full 1):
 PSYoungGen      total 29696K, used 4079K [0x00000000eab00000, 0x00000000ecc00000, 0x0000000100000000)
  eden space 25600K, 0% used [0x00000000eab00000,0x00000000eab00000,0x00000000ec400000)
  from space 4096K, 99% used [0x00000000ec800000,0x00000000ecbfbeb8,0x00000000ecc00000)
  to   space 4096K, 0% used [0x00000000ec400000,0x00000000ec400000,0x00000000ec800000)
 ParOldGen       total 68608K, used 2935K [0x00000000c0000000, 0x00000000c4300000, 0x00000000eab00000)
  object space 68608K, 4% used [0x00000000c0000000,0x00000000c02ddc10,0x00000000c4300000)
 Metaspace       used 21050K, committed 21504K, reserved 1114112K
  class space    used 2151K, committed 2368K, reserved 1048576K
}
Event: 1.279 GC heap after
{Heap after GC invocations=5 (full 1):
 PSYoungGen      total 29696K, used 0K [0x00000000eab00000, 0x00000000ecc00000, 0x0000000100000000)
  eden space 25600K, 0% used [0x00000000eab00000,0x00000000eab00000,0x00000000ec400000)
  from space 4096K, 0% used [0x00000000ec800000,0x00000000ec800000,0x00000000ecc00000)
  to   space 4096K, 0% used [0x00000000ec400000,0x00000000ec400000,0x00000000ec800000)
 ParOldGen       total 68608K, used 6796K [0x00000000c0000000, 0x00000000c4300000, 0x00000000eab00000)
  object space 68608K, 9% used [0x00000000c0000000,0x00000000c06a31a8,0x00000000c4300000)
 Metaspace       used 21037K, committed 21504K, reserved 1114112K
  class space    used 2147K, committed 2368K, reserved 1048576K
}
Event: 1.399 GC heap before
{Heap before GC invocations=6 (full 1):
 PSYoungGen      total 29696K, used 25600K [0x00000000eab00000, 0x00000000ecc00000, 0x0000000100000000)
  eden space 25600K, 100% used [0x00000000eab00000,0x00000000ec400000,0x00000000ec400000)
  from space 4096K, 0% used [0x00000000ec800000,0x00000000ec800000,0x00000000ecc00000)
  to   space 4096K, 0% used [0x00000000ec400000,0x00000000ec400000,0x00000000ec800000)
 ParOldGen       total 68608K, used 6796K [0x00000000c0000000, 0x00000000c4300000, 0x00000000eab00000)
  object space 68608K, 9% used [0x00000000c0000000,0x00000000c06a31a8,0x00000000c4300000)
 Metaspace       used 24556K, committed 25024K, reserved 1114112K
  class space    used 2408K, committed 2624K, reserved 1048576K
}
Event: 1.400 GC heap after
{Heap after GC invocations=6 (full 1):
 PSYoungGen      total 26112K, used 513K [0x00000000eab00000, 0x00000000ec880000, 0x0000000100000000)
  eden space 25088K, 0% used [0x00000000eab00000,0x00000000eab00000,0x00000000ec380000)
  from space 1024K, 50% used [0x00000000ec400000,0x00000000ec4804e8,0x00000000ec500000)
  to   space 2560K, 0% used [0x00000000ec600000,0x00000000ec600000,0x00000000ec880000)
 ParOldGen       total 68608K, used 6804K [0x00000000c0000000, 0x00000000c4300000, 0x00000000eab00000)
  object space 68608K, 9% used [0x00000000c0000000,0x00000000c06a51a8,0x00000000c4300000)
 Metaspace       used 24556K, committed 25024K, reserved 1114112K
  class space    used 2408K, committed 2624K, reserved 1048576K
}
Event: 1.521 GC heap before
{Heap before GC invocations=7 (full 1):
 PSYoungGen      total 26112K, used 25601K [0x00000000eab00000, 0x00000000ec880000, 0x0000000100000000)
  eden space 25088K, 100% used [0x00000000eab00000,0x00000000ec380000,0x00000000ec380000)
  from space 1024K, 50% used [0x00000000ec400000,0x00000000ec4804e8,0x00000000ec500000)
  to   space 2560K, 0% used [0x00000000ec600000,0x00000000ec600000,0x00000000ec880000)
 ParOldGen       total 68608K, used 6804K [0x00000000c0000000, 0x00000000c4300000, 0x00000000eab00000)
  object space 68608K, 9% used [0x00000000c0000000,0x00000000c06a51a8,0x00000000c4300000)
 Metaspace       used 27335K, committed 27840K, reserved 1114112K
  class space    used 2636K, committed 2880K, reserved 1048576K
}
Event: 1.522 GC heap after
{Heap after GC invocations=7 (full 1):
 PSYoungGen      total 26112K, used 1148K [0x00000000eab00000, 0x00000000ec780000, 0x0000000100000000)
  eden space 24576K, 0% used [0x00000000eab00000,0x00000000eab00000,0x00000000ec300000)
  from space 1536K, 74% used [0x00000000ec600000,0x00000000ec71f270,0x00000000ec780000)
  to   space 1536K, 0% used [0x00000000ec480000,0x00000000ec480000,0x00000000ec600000)
 ParOldGen       total 68608K, used 6812K [0x00000000c0000000, 0x00000000c4300000, 0x00000000eab00000)
  object space 68608K, 9% used [0x00000000c0000000,0x00000000c06a71a8,0x00000000c4300000)
 Metaspace       used 27335K, committed 27840K, reserved 1114112K
  class space    used 2636K, committed 2880K, reserved 1048576K
}

Dll operation events (9 events):
Event: 0.005 Loaded shared library c:\Users\HP\.vscode\extensions\redhat.java-1.24.0-win32-x64\jre\17.0.8.1-win32-x86_64\bin\java.dll
Event: 0.110 Loaded shared library c:\Users\HP\.vscode\extensions\redhat.java-1.24.0-win32-x64\jre\17.0.8.1-win32-x86_64\bin\zip.dll
Event: 0.112 Loaded shared library C:\Users\HP\.vscode\extensions\redhat.java-1.24.0-win32-x64\jre\17.0.8.1-win32-x86_64\bin\instrument.dll
Event: 0.120 Loaded shared library C:\Users\HP\.vscode\extensions\redhat.java-1.24.0-win32-x64\jre\17.0.8.1-win32-x86_64\bin\net.dll
Event: 0.121 Loaded shared library C:\Users\HP\.vscode\extensions\redhat.java-1.24.0-win32-x64\jre\17.0.8.1-win32-x86_64\bin\nio.dll
Event: 0.127 Loaded shared library C:\Users\HP\.vscode\extensions\redhat.java-1.24.0-win32-x64\jre\17.0.8.1-win32-x86_64\bin\zip.dll
Event: 0.139 Loaded shared library C:\Users\HP\.vscode\extensions\redhat.java-1.24.0-win32-x64\jre\17.0.8.1-win32-x86_64\bin\jimage.dll
Event: 0.179 Loaded shared library c:\Users\HP\.vscode\extensions\redhat.java-1.24.0-win32-x64\jre\17.0.8.1-win32-x86_64\bin\verify.dll
Event: 0.842 Loaded shared library C:\Users\HP\AppData\Roaming\Code\User\globalStorage\redhat.java\1.24.0\config_ss_win\org.eclipse.equinox.launcher\org.eclipse.equinox.launcher.win32.win32.x86_64_1.2.700.v20221108-1024\eclipse_11801.dll

Deoptimization events (20 events):
Event: 1.538 Thread 0x0000020b891b1490 Uncommon trap: trap_request=0xffffffc6 fr.pc=0x0000020bf7f50efc relative=0x000000000000093c
Event: 1.538 Thread 0x0000020b891b1490 Uncommon trap: reason=bimorphic_or_optimized_type_check action=maybe_recompile pc=0x0000020bf7f50efc method=java.util.HashMap.putVal(ILjava/lang/Object;Ljava/lang/Object;ZZ)Ljava/lang/Object; @ 56 c2
Event: 1.538 Thread 0x0000020b891b1490 DEOPT PACKING pc=0x0000020bf7f50efc sp=0x000000c1758fdb80
Event: 1.538 Thread 0x0000020b891b1490 DEOPT UNPACKING pc=0x0000020bf77c66a3 sp=0x000000c1758fdad8 mode 2
Event: 1.538 Thread 0x0000020b891b1490 Uncommon trap: trap_request=0xffffffc6 fr.pc=0x0000020bf7f50efc relative=0x000000000000093c
Event: 1.538 Thread 0x0000020b891b1490 Uncommon trap: reason=bimorphic_or_optimized_type_check action=maybe_recompile pc=0x0000020bf7f50efc method=java.util.HashMap.putVal(ILjava/lang/Object;Ljava/lang/Object;ZZ)Ljava/lang/Object; @ 56 c2
Event: 1.538 Thread 0x0000020b891b1490 DEOPT PACKING pc=0x0000020bf7f50efc sp=0x000000c1758fdb80
Event: 1.538 Thread 0x0000020b891b1490 DEOPT UNPACKING pc=0x0000020bf77c66a3 sp=0x000000c1758fdad8 mode 2
Event: 1.538 Thread 0x0000020b891b1490 Uncommon trap: trap_request=0xffffffc6 fr.pc=0x0000020bf7f50efc relative=0x000000000000093c
Event: 1.538 Thread 0x0000020b891b1490 Uncommon trap: reason=bimorphic_or_optimized_type_check action=maybe_recompile pc=0x0000020bf7f50efc method=java.util.HashMap.putVal(ILjava/lang/Object;Ljava/lang/Object;ZZ)Ljava/lang/Object; @ 56 c2
Event: 1.538 Thread 0x0000020b891b1490 DEOPT PACKING pc=0x0000020bf7f50efc sp=0x000000c1758fdb80
Event: 1.538 Thread 0x0000020b891b1490 DEOPT UNPACKING pc=0x0000020bf77c66a3 sp=0x000000c1758fdad8 mode 2
Event: 1.538 Thread 0x0000020b891b1490 Uncommon trap: trap_request=0xffffffc6 fr.pc=0x0000020bf7f50f34 relative=0x0000000000000974
Event: 1.538 Thread 0x0000020b891b1490 Uncommon trap: reason=bimorphic_or_optimized_type_check action=maybe_recompile pc=0x0000020bf7f50f34 method=java.util.HashMap.putVal(ILjava/lang/Object;Ljava/lang/Object;ZZ)Ljava/lang/Object; @ 152 c2
Event: 1.538 Thread 0x0000020b891b1490 DEOPT PACKING pc=0x0000020bf7f50f34 sp=0x000000c1758fdb80
Event: 1.539 Thread 0x0000020b891b1490 DEOPT UNPACKING pc=0x0000020bf77c66a3 sp=0x000000c1758fdae0 mode 2
Event: 1.539 Thread 0x0000020b891b1490 Uncommon trap: trap_request=0xffffffc6 fr.pc=0x0000020bf7f50efc relative=0x000000000000093c
Event: 1.539 Thread 0x0000020b891b1490 Uncommon trap: reason=bimorphic_or_optimized_type_check action=maybe_recompile pc=0x0000020bf7f50efc method=java.util.HashMap.putVal(ILjava/lang/Object;Ljava/lang/Object;ZZ)Ljava/lang/Object; @ 56 c2
Event: 1.539 Thread 0x0000020b891b1490 DEOPT PACKING pc=0x0000020bf7f50efc sp=0x000000c1758fdb80
Event: 1.539 Thread 0x0000020b891b1490 DEOPT UNPACKING pc=0x0000020bf77c66a3 sp=0x000000c1758fdad8 mode 2

Classes unloaded (7 events):
Event: 1.268 Thread 0x0000020bed759310 Unloading class 0x000000010021a000 'java/lang/invoke/LambdaForm$MH+0x000000010021a000'
Event: 1.268 Thread 0x0000020bed759310 Unloading class 0x0000000100219c00 'java/lang/invoke/LambdaForm$MH+0x0000000100219c00'
Event: 1.268 Thread 0x0000020bed759310 Unloading class 0x0000000100219800 'java/lang/invoke/LambdaForm$MH+0x0000000100219800'
Event: 1.268 Thread 0x0000020bed759310 Unloading class 0x0000000100219400 'java/lang/invoke/LambdaForm$MH+0x0000000100219400'
Event: 1.268 Thread 0x0000020bed759310 Unloading class 0x0000000100219000 'java/lang/invoke/LambdaForm$BMH+0x0000000100219000'
Event: 1.268 Thread 0x0000020bed759310 Unloading class 0x0000000100218c00 'java/lang/invoke/LambdaForm$DMH+0x0000000100218c00'
Event: 1.268 Thread 0x0000020bed759310 Unloading class 0x0000000100216000 'java/lang/invoke/LambdaForm$DMH+0x0000000100216000'

Classes redefined (0 events):
No events

Internal exceptions (20 events):
Event: 1.114 Thread 0x0000020b891b1490 Exception <a 'java/lang/NoSuchMethodError'{0x00000000ec0fadb0}: 'java.lang.Object java.lang.invoke.DelegatingMethodHandle$Holder.reinvoke_L(java.lang.Object, java.lang.Object, java.lang.Object, java.lang.Object, int, int)'> (0x00000000ec0fadb0) 
thrown [s\src\hotspot\share\interpreter\linkResolver.cpp, line 759]
Event: 1.116 Thread 0x0000020b891b1490 Exception <a 'java/lang/NoSuchMethodError'{0x00000000ec10f9d0}: 'java.lang.Object java.lang.invoke.Invokers$Holder.invokeExact_MT(java.lang.Object, java.lang.Object, java.lang.Object, java.lang.Object)'> (0x00000000ec10f9d0) 
thrown [s\src\hotspot\share\interpreter\linkResolver.cpp, line 759]
Event: 1.164 Thread 0x0000020b891b1490 Exception <a 'java/io/FileNotFoundException'{0x00000000ec382b10}> (0x00000000ec382b10) 
thrown [s\src\hotspot\share\prims\jni.cpp, line 516]
Event: 1.203 Thread 0x0000020b891b1490 Exception <a 'java/lang/NoSuchMethodError'{0x00000000ead2b1e0}: 'java.lang.Object java.lang.invoke.DirectMethodHandle$Holder.newInvokeSpecial(java.lang.Object, java.lang.Object, java.lang.Object, java.lang.Object, java.lang.Object)'> (0x00000000ead2b1e0) 
thrown [s\src\hotspot\share\interpreter\linkResolver.cpp, line 759]
Event: 1.246 Thread 0x0000020b891b1490 Exception <a 'java/lang/NoSuchMethodError'{0x00000000eb0f64a0}: 'java.lang.Object java.lang.invoke.DirectMethodHandle$Holder.invokeSpecial(java.lang.Object, java.lang.Object, java.lang.Object, long, java.lang.Object)'> (0x00000000eb0f64a0) 
thrown [s\src\hotspot\share\interpreter\linkResolver.cpp, line 759]
Event: 1.247 Thread 0x0000020b891b1490 Exception <a 'java/lang/NoSuchMethodError'{0x00000000eb0fe658}: 'java.lang.Object java.lang.invoke.DirectMethodHandle$Holder.newInvokeSpecial(java.lang.Object, java.lang.Object, java.lang.Object, long)'> (0x00000000eb0fe658) 
thrown [s\src\hotspot\share\interpreter\linkResolver.cpp, line 759]
Event: 1.247 Thread 0x0000020b891b1490 Exception <a 'java/lang/NoSuchMethodError'{0x00000000eb102bf8}: 'java.lang.Object java.lang.invoke.DirectMethodHandle$Holder.invokeSpecial(java.lang.Object, java.lang.Object, java.lang.Object, java.lang.Object, long)'> (0x00000000eb102bf8) 
thrown [s\src\hotspot\share\interpreter\linkResolver.cpp, line 759]
Event: 1.247 Thread 0x0000020b891b1490 Exception <a 'java/lang/NoSuchMethodError'{0x00000000eb106a70}: 'java.lang.Object java.lang.invoke.Invokers$Holder.linkToTargetMethod(java.lang.Object, java.lang.Object, long, java.lang.Object)'> (0x00000000eb106a70) 
thrown [s\src\hotspot\share\interpreter\linkResolver.cpp, line 759]
Event: 1.252 Thread 0x0000020b891b1490 Exception <a 'java/lang/NoSuchMethodError'{0x00000000eb178638}: 'int java.lang.invoke.DirectMethodHandle$Holder.invokeStaticInit(java.lang.Object, java.lang.Object, java.lang.Object)'> (0x00000000eb178638) 
thrown [s\src\hotspot\share\interpreter\linkResolver.cpp, line 759]
Event: 1.255 Thread 0x0000020b891b1490 Exception <a 'java/lang/IncompatibleClassChangeError'{0x00000000eb1e1050}: Found class java.lang.Object, but interface was expected> (0x00000000eb1e1050) 
thrown [s\src\hotspot\share\interpreter\linkResolver.cpp, line 826]
Event: 1.257 Thread 0x0000020b891b1490 Exception <a 'java/lang/NoSuchMethodError'{0x00000000eb1f3550}: 'java.lang.Object java.lang.invoke.DirectMethodHandle$Holder.invokeSpecial(java.lang.Object, java.lang.Object, java.lang.Object, int, java.lang.Object, java.lang.Object)'> (0x00000000eb1f3550) 
thrown [s\src\hotspot\share\interpreter\linkResolver.cpp, line 759]
Event: 1.258 Thread 0x0000020b891b1490 Exception <a 'java/lang/NoSuchMethodError'{0x00000000eb1fbcd8}: 'java.lang.Object java.lang.invoke.DirectMethodHandle$Holder.newInvokeSpecial(java.lang.Object, java.lang.Object, java.lang.Object, int, java.lang.Object)'> (0x00000000eb1fbcd8) 
thrown [s\src\hotspot\share\interpreter\linkResolver.cpp, line 759]
Event: 1.258 Thread 0x0000020b891b1490 Exception <a 'java/lang/NoSuchMethodError'{0x00000000eb200130}: 'java.lang.Object java.lang.invoke.DirectMethodHandle$Holder.invokeSpecial(java.lang.Object, java.lang.Object, java.lang.Object, java.lang.Object, int, java.lang.Object)'> (0x00000000eb200130) 
thrown [s\src\hotspot\share\interpreter\linkResolver.cpp, line 759]
Event: 1.258 Thread 0x0000020b8935f760 Exception <a 'java/lang/NoSuchMethodError'{0x00000000eb148550}: 'java.lang.Object java.lang.invoke.DirectMethodHandle$Holder.invokeSpecial(java.lang.Object, java.lang.Object, int, java.lang.Object, java.lang.Object)'> (0x00000000eb148550) 
thrown [s\src\hotspot\share\interpreter\linkResolver.cpp, line 759]
Event: 1.258 Thread 0x0000020b8935f760 Exception <a 'java/lang/NoSuchMethodError'{0x00000000eb14fc20}: 'java.lang.Object java.lang.invoke.DirectMethodHandle$Holder.newInvokeSpecial(java.lang.Object, java.lang.Object, int, java.lang.Object)'> (0x00000000eb14fc20) 
thrown [s\src\hotspot\share\interpreter\linkResolver.cpp, line 759]
Event: 1.259 Thread 0x0000020b8935f760 Exception <a 'java/lang/NoSuchMethodError'{0x00000000eb153730}: 'java.lang.Object java.lang.invoke.DirectMethodHandle$Holder.invokeSpecial(java.lang.Object, java.lang.Object, java.lang.Object, int, java.lang.Object)'> (0x00000000eb153730) 
thrown [s\src\hotspot\share\interpreter\linkResolver.cpp, line 759]
Event: 1.503 Thread 0x0000020b891b1490 Exception <a 'java/lang/ClassNotFoundException'{0x00000000ec18d318}: com/sun/org/apache/xerces/internal/impl/msg/spi/DOMMessagesProvider> (0x00000000ec18d318) 
thrown [s\src\hotspot\share\classfile\systemDictionary.cpp, line 256]
Event: 1.505 Thread 0x0000020b891b1490 Exception <a 'java/lang/ClassNotFoundException'{0x00000000ec1b94a0}: com/sun/org/apache/xerces/internal/impl/msg/spi/XMLSerializerMessagesProvider> (0x00000000ec1b94a0) 
thrown [s\src\hotspot\share\classfile\systemDictionary.cpp, line 256]
Event: 1.506 Thread 0x0000020b891b1490 Exception <a 'java/lang/ClassNotFoundException'{0x00000000ec1c6728}: com/sun/org/apache/xerces/internal/impl/msg/spi/XMLMessagesProvider> (0x00000000ec1c6728) 
thrown [s\src\hotspot\share\classfile\systemDictionary.cpp, line 256]
Event: 1.514 Thread 0x0000020b891b1490 Exception <a 'java/lang/NoSuchMethodError'{0x00000000ec26dc18}: 'void java.lang.invoke.DirectMethodHandle$Holder.invokeVirtual(java.lang.Object, java.lang.Object)'> (0x00000000ec26dc18) 
thrown [s\src\hotspot\share\interpreter\linkResolver.cpp, line 759]

VM Operations (20 events):
Event: 0.891 Executing VM operation: ParallelGCFailedAllocation
Event: 0.894 Executing VM operation: ParallelGCFailedAllocation done
Event: 1.053 Executing VM operation: HandshakeAllThreads
Event: 1.053 Executing VM operation: HandshakeAllThreads done
Event: 1.110 Executing VM operation: HandshakeAllThreads
Event: 1.110 Executing VM operation: HandshakeAllThreads done
Event: 1.172 Executing VM operation: ParallelGCFailedAllocation
Event: 1.176 Executing VM operation: ParallelGCFailedAllocation done
Event: 1.262 Executing VM operation: CollectForMetadataAllocation
Event: 1.279 Executing VM operation: CollectForMetadataAllocation done
Event: 1.283 Executing VM operation: HandshakeAllThreads
Event: 1.283 Executing VM operation: HandshakeAllThreads done
Event: 1.389 Executing VM operation: HandshakeAllThreads
Event: 1.390 Executing VM operation: HandshakeAllThreads done
Event: 1.399 Executing VM operation: ParallelGCFailedAllocation
Event: 1.400 Executing VM operation: ParallelGCFailedAllocation done
Event: 1.521 Executing VM operation: ParallelGCFailedAllocation
Event: 1.522 Executing VM operation: ParallelGCFailedAllocation done
Event: 1.538 Executing VM operation: HandshakeAllThreads
Event: 1.538 Executing VM operation: HandshakeAllThreads done

Events (20 events):
Event: 1.527 loading class java/net/SocketAddress
Event: 1.527 loading class java/net/SocketAddress done
Event: 1.527 loading class java/net/InetSocketAddress
Event: 1.527 loading class java/net/InetSocketAddress done
Event: 1.527 loading class java/nio/channels/AsynchronousByteChannel
Event: 1.527 loading class java/nio/channels/AsynchronousChannel
Event: 1.527 loading class java/nio/channels/AsynchronousChannel done
Event: 1.527 loading class java/nio/channels/AsynchronousByteChannel done
Event: 1.537 loading class java/lang/ProcessEnvironment
Event: 1.538 loading class java/lang/ProcessEnvironment done
Event: 1.538 loading class java/lang/ProcessEnvironment$NameComparator
Event: 1.538 loading class java/lang/ProcessEnvironment$NameComparator done
Event: 1.538 loading class java/lang/ProcessEnvironment$EntryComparator
Event: 1.538 loading class java/lang/ProcessEnvironment$EntryComparator done
Event: 1.539 loading class java/lang/ProcessEnvironment$CheckedEntrySet
Event: 1.539 loading class java/lang/ProcessEnvironment$CheckedEntrySet done
Event: 1.539 loading class java/lang/ProcessEnvironment$CheckedEntrySet$1
Event: 1.539 loading class java/lang/ProcessEnvironment$CheckedEntrySet$1 done
Event: 1.539 loading class java/lang/ProcessEnvironment$CheckedEntry
Event: 1.539 loading class java/lang/ProcessEnvironment$CheckedEntry done


Dynamic libraries:
0x00007ff771c80000 - 0x00007ff771c8e000 	c:\Users\HP\.vscode\extensions\redhat.java-1.24.0-win32-x64\jre\17.0.8.1-win32-x86_64\bin\java.exe
0x00007ffc58930000 - 0x00007ffc58b47000 	C:\Windows\SYSTEM32\ntdll.dll
0x00007ffc57240000 - 0x00007ffc57304000 	C:\Windows\System32\KERNEL32.DLL
0x00007ffc560a0000 - 0x00007ffc56446000 	C:\Windows\System32\KERNELBASE.dll
0x00007ffc56570000 - 0x00007ffc56681000 	C:\Windows\System32\ucrtbase.dll
0x00007ffc2d410000 - 0x00007ffc2d429000 	c:\Users\HP\.vscode\extensions\redhat.java-1.24.0-win32-x64\jre\17.0.8.1-win32-x86_64\bin\VCRUNTIME140.dll
0x00007ffc35390000 - 0x00007ffc353a7000 	c:\Users\HP\.vscode\extensions\redhat.java-1.24.0-win32-x64\jre\17.0.8.1-win32-x86_64\bin\jli.dll
0x00007ffc56780000 - 0x00007ffc5692d000 	C:\Windows\System32\USER32.dll
0x00007ffc564d0000 - 0x00007ffc564f6000 	C:\Windows\System32\win32u.dll
0x00007ffc2afc0000 - 0x00007ffc2b253000 	C:\Windows\WinSxS\amd64_microsoft.windows.common-controls_6595b64144ccf1df_6.0.22621.2361_none_2712ced57382f843\COMCTL32.dll
0x00007ffc58420000 - 0x00007ffc58449000 	C:\Windows\System32\GDI32.dll
0x00007ffc581c0000 - 0x00007ffc58267000 	C:\Windows\System32\msvcrt.dll
0x00007ffc55ee0000 - 0x00007ffc55ff8000 	C:\Windows\System32\gdi32full.dll
0x00007ffc56000000 - 0x00007ffc5609a000 	C:\Windows\System32\msvcp_win.dll
0x00007ffc56730000 - 0x00007ffc56761000 	C:\Windows\System32\IMM32.DLL
0x00007ffc361d0000 - 0x00007ffc361dc000 	c:\Users\HP\.vscode\extensions\redhat.java-1.24.0-win32-x64\jre\17.0.8.1-win32-x86_64\bin\vcruntime140_1.dll
0x00007ffc21940000 - 0x00007ffc219d1000 	c:\Users\HP\.vscode\extensions\redhat.java-1.24.0-win32-x64\jre\17.0.8.1-win32-x86_64\bin\msvcp140.dll
0x00007ffbc6870000 - 0x00007ffbc74bc000 	c:\Users\HP\.vscode\extensions\redhat.java-1.24.0-win32-x64\jre\17.0.8.1-win32-x86_64\bin\server\jvm.dll
0x00007ffc56a80000 - 0x00007ffc56b30000 	C:\Windows\System32\ADVAPI32.dll
0x00007ffc56cf0000 - 0x00007ffc56d96000 	C:\Windows\System32\sechost.dll
0x00007ffc587d0000 - 0x00007ffc588e7000 	C:\Windows\System32\RPCRT4.dll
0x00007ffc559d0000 - 0x00007ffc55a1d000 	C:\Windows\SYSTEM32\POWRPROF.dll
0x00007ffc2a010000 - 0x00007ffc2a019000 	C:\Windows\SYSTEM32\WSOCK32.dll
0x00007ffc58750000 - 0x00007ffc587c1000 	C:\Windows\System32\WS2_32.dll
0x00007ffc4b6a0000 - 0x00007ffc4b6aa000 	C:\Windows\SYSTEM32\VERSION.dll
0x00007ffc4cb00000 - 0x00007ffc4cb34000 	C:\Windows\SYSTEM32\WINMM.dll
0x00007ffc559b0000 - 0x00007ffc559c3000 	C:\Windows\SYSTEM32\UMPDC.dll
0x00007ffc54c50000 - 0x00007ffc54c68000 	C:\Windows\SYSTEM32\kernel.appcore.dll
0x00007ffc35090000 - 0x00007ffc3509a000 	c:\Users\HP\.vscode\extensions\redhat.java-1.24.0-win32-x64\jre\17.0.8.1-win32-x86_64\bin\jimage.dll
0x00007ffc534d0000 - 0x00007ffc536fe000 	C:\Windows\SYSTEM32\DBGHELP.DLL
0x00007ffc56eb0000 - 0x00007ffc5723a000 	C:\Windows\System32\combase.dll
0x00007ffc58670000 - 0x00007ffc58747000 	C:\Windows\System32\OLEAUT32.dll
0x00007ffc2ad70000 - 0x00007ffc2ada2000 	C:\Windows\SYSTEM32\dbgcore.DLL
0x00007ffc56450000 - 0x00007ffc564ca000 	C:\Windows\System32\bcryptPrimitives.dll
0x00007ffc2d3b0000 - 0x00007ffc2d3be000 	c:\Users\HP\.vscode\extensions\redhat.java-1.24.0-win32-x64\jre\17.0.8.1-win32-x86_64\bin\instrument.dll
0x00007ffc2a0e0000 - 0x00007ffc2a105000 	c:\Users\HP\.vscode\extensions\redhat.java-1.24.0-win32-x64\jre\17.0.8.1-win32-x86_64\bin\java.dll
0x00007ffc2a080000 - 0x00007ffc2a098000 	c:\Users\HP\.vscode\extensions\redhat.java-1.24.0-win32-x64\jre\17.0.8.1-win32-x86_64\bin\zip.dll
0x00007ffc577c0000 - 0x00007ffc58018000 	C:\Windows\System32\SHELL32.dll
0x00007ffc53bc0000 - 0x00007ffc544b2000 	C:\Windows\SYSTEM32\windows.storage.dll
0x00007ffc53a80000 - 0x00007ffc53bbe000 	C:\Windows\SYSTEM32\wintypes.dll
0x00007ffc58270000 - 0x00007ffc58363000 	C:\Windows\System32\SHCORE.dll
0x00007ffc56a20000 - 0x00007ffc56a7e000 	C:\Windows\System32\shlwapi.dll
0x00007ffc55be0000 - 0x00007ffc55c06000 	C:\Windows\SYSTEM32\profapi.dll
0x00007ffc29d70000 - 0x00007ffc29d89000 	C:\Users\HP\.vscode\extensions\redhat.java-1.24.0-win32-x64\jre\17.0.8.1-win32-x86_64\bin\net.dll
0x00007ffc4f7b0000 - 0x00007ffc4f8e7000 	C:\Windows\SYSTEM32\WINHTTP.dll
0x00007ffc55120000 - 0x00007ffc55189000 	C:\Windows\system32\mswsock.dll
0x00007ffc29cf0000 - 0x00007ffc29d05000 	C:\Users\HP\.vscode\extensions\redhat.java-1.24.0-win32-x64\jre\17.0.8.1-win32-x86_64\bin\nio.dll
0x00007ffc2cc40000 - 0x00007ffc2cc50000 	c:\Users\HP\.vscode\extensions\redhat.java-1.24.0-win32-x64\jre\17.0.8.1-win32-x86_64\bin\verify.dll
0x00007ffc1cec0000 - 0x00007ffc1cefe000 	C:\Users\HP\AppData\Roaming\Code\User\globalStorage\redhat.java\1.24.0\config_ss_win\org.eclipse.equinox.launcher\org.eclipse.equinox.launcher.win32.win32.x86_64_1.2.700.v20221108-1024\eclipse_11801.dll
0x00007ffc58020000 - 0x00007ffc581bf000 	C:\Windows\System32\ole32.dll

dbghelp: loaded successfully - version: 4.0.5 - missing functions: none
symbol engine: initialized successfully - sym options: 0x614 - pdb path: .;c:\Users\HP\.vscode\extensions\redhat.java-1.24.0-win32-x64\jre\17.0.8.1-win32-x86_64\bin;C:\Windows\SYSTEM32;C:\Windows\WinSxS\amd64_microsoft.windows.common-controls_6595b64144ccf1df_6.0.22621.2361_none_2712ced57382f843;c:\Users\HP\.vscode\extensions\redhat.java-1.24.0-win32-x64\jre\17.0.8.1-win32-x86_64\bin\server;C:\Users\HP\AppData\Roaming\Code\User\globalStorage\redhat.java\1.24.0\config_ss_win\org.eclipse.equinox.launcher\org.eclipse.equinox.launcher.win32.win32.x86_64_1.2.700.v20221108-1024

VM Arguments:
jvm_args: --add-modules=ALL-SYSTEM --add-opens=java.base/java.util=ALL-UNNAMED --add-opens=java.base/java.lang=ALL-UNNAMED --add-opens=java.base/sun.nio.fs=ALL-UNNAMED -Declipse.application=org.eclipse.jdt.ls.core.id1 -Dosgi.bundles.defaultStartLevel=4 -Declipse.product=org.eclipse.jdt.ls.core.product -Djava.import.generatesMetadataFilesAtProjectRoot=false -DDetectVMInstallationsJob.disabled=true -Dfile.encoding=utf8 -XX:+UseParallelGC -XX:GCTimeRatio=4 -XX:AdaptiveSizePolicyWeight=90 -Dsun.zip.disableMemoryMapping=true -Xmx1G -Xms100m -Xlog:disable -javaagent:c:\Users\HP\.vscode\extensions\redhat.java-1.24.0-win32-x64\lombok\lombok-1.18.30.jar 
java_command: c:\Users\HP\.vscode\extensions\redhat.java-1.24.0-win32-x64\server\plugins\org.eclipse.equinox.launcher_1.6.500.v20230717-2134.jar -configuration c:\Users\HP\AppData\Roaming\Code\User\globalStorage\redhat.java\1.24.0\config_ss_win -data c:\Users\HP\AppData\Roaming\Code\User\workspaceStorage\760992161360fd93b4713378337e30bc\redhat.java\ss_ws --stdio
java_class_path (initial): c:\Users\HP\.vscode\extensions\redhat.java-1.24.0-win32-x64\server\plugins\org.eclipse.equinox.launcher_1.6.500.v20230717-2134.jar
Launcher Type: SUN_STANDARD

[Global flags]
    uintx AdaptiveSizePolicyWeight                 = 90                                        {product} {command line}
     intx CICompilerCount                          = 12                                        {product} {ergonomic}
    uintx GCTimeRatio                              = 4                                         {product} {command line}
   size_t InitialHeapSize                          = 104857600                                 {product} {command line}
   size_t MaxHeapSize                              = 1073741824                                {product} {command line}
   size_t MaxNewSize                               = 357564416                                 {product} {ergonomic}
   size_t MinHeapDeltaBytes                        = 524288                                    {product} {ergonomic}
   size_t MinHeapSize                              = 104857600                                 {product} {command line}
   size_t NewSize                                  = 34603008                                  {product} {ergonomic}
    uintx NonNMethodCodeHeapSize                   = 7602480                                {pd product} {ergonomic}
    uintx NonProfiledCodeHeapSize                  = 122027880                              {pd product} {ergonomic}
   size_t OldSize                                  = 70254592                                  {product} {ergonomic}
    uintx ProfiledCodeHeapSize                     = 122027880                              {pd product} {ergonomic}
    uintx ReservedCodeCacheSize                    = 251658240                              {pd product} {ergonomic}
     bool SegmentedCodeCache                       = true                                      {product} {ergonomic}
   size_t SoftMaxHeapSize                          = 1073741824                             {manageable} {ergonomic}
     bool UseCompressedClassPointers               = true                           {product lp64_product} {ergonomic}
     bool UseCompressedOops                        = true                           {product lp64_product} {ergonomic}
     bool UseLargePagesIndividualAllocation        = false                                  {pd product} {ergonomic}
     bool UseParallelGC                            = true                                      {product} {command line}

Logging:
Log output configuration:
 #0: stdout all=off uptime,level,tags
 #1: stderr all=off uptime,level,tags

Environment Variables:
PATH=C:\Program Files\Common Files\Oracle\Java\javapath;C:\Program Files\Microsoft\jdk-11.0.16.101-hotspot\bin;C:\Windows\system32;C:\Windows;C:\Windows\System32\Wbem;C:\Windows\System32\WindowsPowerShell\v1.0\;C:\Windows\System32\OpenSSH\;C:\xampp\php;C:\Program Files\Microsoft SQL Server\150\Tools\Binn\;C:\Program Files\Microsoft SQL Server\Client SDK\ODBC\170\Tools\Binn\;C:\composer;C:\Program Files\dotnet\;C:\ProgramData\chocolatey\bin;C:\Program Files\nodejs\;C:\Program Files\Git\cmd;C:\Program Files\Microsoft SQL Server\Client SDK\ODBC\110\Tools\Binn\;C:\Program Files (x86)\Microsoft SQL Server\120\Tools\Binn\;C:\Program Files\Microsoft SQL Server\120\Tools\Binn\;C:\Program Files\Microsoft SQL Server\120\DTS\Binn\;C:\Program Files (x86)\Microsoft SQL Server\120\Tools\Binn\ManagementStudio\;C:\Program Files (x86)\Microsoft SQL Server\120\DTS\Binn\;C:\Users\HP\AppData\Local\Programs\Python\Python311\Scripts\;C:\Users\HP\AppData\Local\Programs\Python\Python311\;C:\Users\HP\AppData\Local\Microsoft\WindowsApps;C:\Users\HP\AppData\Local\Programs\Microsoft VS Code\bin;C:\Users\HP\AppData\Roaming\Composer\vendor\bin;C:\Users\HP\.dotnet\tools;C:\Users\HP\AppData\Local\Android\Sdk\platform-tools;C:\Users\HP\AppData\Roaming\npm;
USERNAME=HP
OS=Windows_NT
PROCESSOR_IDENTIFIER=Intel64 Family 6 Model 154 Stepping 3, GenuineIntel
TMP=C:\Users\HP\AppData\Local\Temp
TEMP=C:\Users\HP\AppData\Local\Temp



---------------  S Y S T E M  ---------------

OS:
 Windows 11 , 64 bit Build 22621 (10.0.22621.2428)
OS uptime: 0 days 1:02 hours
Hyper-V role detected

CPU: total 16 (initial active 16) (8 cores per cpu, 2 threads per core) family 6 model 154 stepping 3 microcode 0x42c, cx8, cmov, fxsr, ht, mmx, 3dnowpref, sse, sse2, sse3, ssse3, sse4.1, sse4.2, popcnt, lzcnt, tsc, tscinvbit, avx, avx2, aes, erms, clmul, bmi1, bmi2, adx, sha, fma, vzeroupper, clflush, clflushopt, clwb, hv
Processor Information for processor 0
  Max Mhz: 1700, Current Mhz: 1700, Mhz Limit: 1700
Processor Information for processor 1
  Max Mhz: 1700, Current Mhz: 1700, Mhz Limit: 1700
Processor Information for processor 2
  Max Mhz: 1700, Current Mhz: 1457, Mhz Limit: 1700
Processor Information for processor 3
  Max Mhz: 1700, Current Mhz: 1700, Mhz Limit: 1700
Processor Information for processor 4
  Max Mhz: 1700, Current Mhz: 1700, Mhz Limit: 1700
Processor Information for processor 5
  Max Mhz: 1700, Current Mhz: 1700, Mhz Limit: 1700
Processor Information for processor 6
  Max Mhz: 1700, Current Mhz: 1457, Mhz Limit: 1700
Processor Information for processor 7
  Max Mhz: 1700, Current Mhz: 1700, Mhz Limit: 1700
Processor Information for processor 8
  Max Mhz: 1700, Current Mhz: 1200, Mhz Limit: 1190
Processor Information for processor 9
  Max Mhz: 1700, Current Mhz: 1200, Mhz Limit: 1190
Processor Information for processor 10
  Max Mhz: 1700, Current Mhz: 1200, Mhz Limit: 1190
Processor Information for processor 11
  Max Mhz: 1700, Current Mhz: 1200, Mhz Limit: 1190
Processor Information for processor 12
  Max Mhz: 1700, Current Mhz: 1200, Mhz Limit: 1190
Processor Information for processor 13
  Max Mhz: 1700, Current Mhz: 1200, Mhz Limit: 1190
Processor Information for processor 14
  Max Mhz: 1700, Current Mhz: 1200, Mhz Limit: 1190
Processor Information for processor 15
  Max Mhz: 1700, Current Mhz: 1200, Mhz Limit: 1190

Memory: 4k page, system-wide physical 7860M (407M free)
TotalPageFile size 11998M (AvailPageFile size 11M)
current process WorkingSet (physical memory assigned to process): 132M, peak: 136M
current process commit charge ("private bytes"): 259M, peak: 261M

vm_info: OpenJDK 64-Bit Server VM (17.0.8.1+1) for windows-amd64 JRE (17.0.8.1+1), built on Aug 23 2023 15:29:17 by "admin" with MS VC++ 16.7 (VS2019)

END.
