#
# There is insufficient memory for the Java Runtime Environment to continue.
# Native memory allocation (malloc) failed to allocate 2097152 bytes for AllocateHeap
# Possible reasons:
#   The system is out of physical RAM or swap space
#   The process is running with CompressedOops enabled, and the Java Heap may be blocking the growth of the native heap
# Possible solutions:
#   Reduce memory load on the system
#   Increase physical memory or swap space
#   Check if swap backing store is full
#   Decrease Java heap size (-Xmx/-Xms)
#   Decrease number of Java threads
#   Decrease Java thread stack sizes (-Xss)
#   Set larger code cache with -XX:ReservedCodeCacheSize=
#   JVM is running with Unscaled Compressed Oops mode in which the Java heap is
#     placed in the first 4GB address space. The Java Heap base address is the
#     maximum limit for the native heap growth. Please use -XX:HeapBaseMinAddress
#     to set the Java Heap base and to place the Java Heap above 4GB virtual address.
# This output file may be truncated or incomplete.
#
#  Out of Memory Error (allocation.cpp:44), pid=5020, tid=18420
#
# JRE version: OpenJDK Runtime Environment Temurin-17.0.8.1+1 (17.0.8.1+1) (build 17.0.8.1+1)
# Java VM: OpenJDK 64-Bit Server VM Temurin-17.0.8.1+1 (17.0.8.1+1, mixed mode, emulated-client, tiered, compressed oops, compressed class ptrs, g1 gc, windows-amd64)
# No core dump will be written. Minidumps are not enabled by default on client versions of Windows
#

---------------  S U M M A R Y ------------

Command Line: -XX:+HeapDumpOnOutOfMemoryError -Xmx1024m -Dsts.lsp.client=vscode -Dsts.log.file=/dev/null -XX:TieredStopAtLevel=1 -Xlog:jni+resolve=off -Dspring.config.location=file:c:\Users\HP\.vscode\extensions\vmware.vscode-spring-boot-1.50.0\language-server\BOOT-INF\classes\application.properties org.springframework.ide.vscode.boot.app.BootLanguageServerBootApp

Host: 12th Gen Intel(R) Core(TM) i5-1240P, 16 cores, 7G,  Windows 11 , 64 bit Build 22621 (10.0.22621.2428)
Time: Fri Nov 10 15:05:11 2023 SE Asia Standard Time elapsed time: 52.256359 seconds (0d 0h 0m 52s)

---------------  T H R E A D  ---------------

Current thread (0x000001bb9ce04b60):  VMThread "VM Thread" [stack: 0x0000009719a00000,0x0000009719b00000] [id=18420]

Stack: [0x0000009719a00000,0x0000009719b00000]
Native frames: (J=compiled Java code, j=interpreted, Vv=VM code, C=native code)
V  [jvm.dll+0x678b0a]
V  [jvm.dll+0x835e84]
V  [jvm.dll+0x83762e]
V  [jvm.dll+0x837c93]
V  [jvm.dll+0x24746f]
V  [jvm.dll+0xa697b]
V  [jvm.dll+0x2f7f41]
V  [jvm.dll+0x2f3b80]
V  [jvm.dll+0x2dc1c7]
V  [jvm.dll+0x31f227]
V  [jvm.dll+0x83c15b]
V  [jvm.dll+0x83ce94]
V  [jvm.dll+0x83d3ac]
V  [jvm.dll+0x83d784]
V  [jvm.dll+0x83d850]
V  [jvm.dll+0x7e64ca]
V  [jvm.dll+0x677955]
C  [ucrtbase.dll+0x29363]
C  [KERNEL32.DLL+0x1257d]
C  [ntdll.dll+0x5aa78]

VM_Operation (0x000000971b9ff110): G1CollectFull, mode: safepoint, requested by thread 0x000001bba101c7e0


---------------  P R O C E S S  ---------------

Threads class SMR info:
_java_thread_list=0x000001bba2acba10, length=20, elements={
0x000001bb9ce52380, 0x000001bb9ce52f10, 0x000001bb9ce6ea40, 0x000001bba10156e0,
0x000001bba10176c0, 0x000001bba1018490, 0x000001bba1018e50, 0x000001bba101eb50,
0x000001bba101bdc0, 0x000001bba101f060, 0x000001bba101d200, 0x000001bba101c7e0,
0x000001bba101d710, 0x000001bba101ccf0, 0x000001bba101b8b0, 0x000001bba101dc20,
0x000001bba101c2d0, 0x000001bba101e130, 0x000001bba101e640, 0x000001bba2afe7f0
}

Java Threads: ( => current thread )
  0x000001bb9ce52380 JavaThread "Reference Handler" daemon [_thread_blocked, id=18324, stack(0x0000009719b00000,0x0000009719c00000)]
  0x000001bb9ce52f10 JavaThread "Finalizer" daemon [_thread_blocked, id=18344, stack(0x0000009719c00000,0x0000009719d00000)]
  0x000001bb9ce6ea40 JavaThread "Signal Dispatcher" daemon [_thread_blocked, id=1160, stack(0x0000009719d00000,0x0000009719e00000)]
  0x000001bba10156e0 JavaThread "Attach Listener" daemon [_thread_blocked, id=3508, stack(0x0000009719e00000,0x0000009719f00000)]
  0x000001bba10176c0 JavaThread "Service Thread" daemon [_thread_blocked, id=18320, stack(0x0000009719f00000,0x000000971a000000)]
  0x000001bba1018490 JavaThread "Monitor Deflation Thread" daemon [_thread_blocked, id=8408, stack(0x000000971a000000,0x000000971a100000)]
  0x000001bba1018e50 JavaThread "C1 CompilerThread0" daemon [_thread_blocked, id=11376, stack(0x000000971a100000,0x000000971a200000)]
  0x000001bba101eb50 JavaThread "Sweeper thread" daemon [_thread_blocked, id=6424, stack(0x000000971a200000,0x000000971a300000)]
  0x000001bba101bdc0 JavaThread "Notification Thread" daemon [_thread_blocked, id=7732, stack(0x000000971a600000,0x000000971a700000)]
  0x000001bba101f060 JavaThread "Common-Cleaner" daemon [_thread_blocked, id=19448, stack(0x000000971a800000,0x000000971a900000)]
  0x000001bba101d200 JavaThread "boundedElastic-evictor-1" daemon [_thread_blocked, id=17700, stack(0x000000971b800000,0x000000971b900000)]
  0x000001bba101c7e0 JavaThread "pool-11-thread-1" [_thread_blocked, id=17644, stack(0x000000971b900000,0x000000971ba00000)]
  0x000001bba101d710 JavaThread "LanguageServerApp-lifecycle" [_thread_blocked, id=3068, stack(0x000000971ba00000,0x000000971bb00000)]
  0x000001bba101ccf0 JavaThread "DestroyJavaVM" [_thread_blocked, id=16500, stack(0x0000009719400000,0x0000009719500000)]
  0x000001bba101b8b0 JavaThread "pool-12-thread-1" [_thread_in_native, id=17624, stack(0x000000971bb00000,0x000000971bc00000)]
  0x000001bba101dc20 JavaThread "Simple-Language-Server main thread" daemon [_thread_blocked, id=17648, stack(0x000000971bc00000,0x000000971bd00000)]
  0x000001bba101c2d0 JavaThread "pool-7-thread-1" [_thread_blocked, id=17752, stack(0x000000971bd00000,0x000000971be00000)]
  0x000001bba101e130 JavaThread "parallel-1" daemon [_thread_blocked, id=17524, stack(0x000000971be00000,0x000000971bf00000)]
  0x000001bba101e640 JavaThread "pool-4-thread-1" [_thread_blocked, id=17692, stack(0x000000971bf00000,0x000000971c000000)]
  0x000001bba2afe7f0 JavaThread "Reconciler-1" daemon [_thread_blocked, id=5440, stack(0x000000971c000000,0x000000971c100000)]

Other Threads:
=>0x000001bb9ce04b60 VMThread "VM Thread" [stack: 0x0000009719a00000,0x0000009719b00000] [id=18420]
  0x000001bb915f5390 WatcherThread [stack: 0x000000971a700000,0x000000971a800000] [id=18880]
  0x000001bb915d2500 GCTaskThread "GC Thread#0" [stack: 0x0000009719500000,0x0000009719600000] [id=18412]
  0x000001bba1e40f90 GCTaskThread "GC Thread#1" [stack: 0x000000971a900000,0x000000971aa00000] [id=4784]
  0x000001bba1e72040 GCTaskThread "GC Thread#2" [stack: 0x000000971aa00000,0x000000971ab00000] [id=17200]
  0x000001bba1e72300 GCTaskThread "GC Thread#3" [stack: 0x000000971ab00000,0x000000971ac00000] [id=4768]
  0x000001bba207b930 GCTaskThread "GC Thread#4" [stack: 0x000000971ac00000,0x000000971ad00000] [id=16396]
  0x000001bba207bbf0 GCTaskThread "GC Thread#5" [stack: 0x000000971ad00000,0x000000971ae00000] [id=16184]
  0x000001bba2390870 GCTaskThread "GC Thread#6" [stack: 0x000000971b000000,0x000000971b100000] [id=10924]
  0x000001bba2330250 GCTaskThread "GC Thread#7" [stack: 0x000000971b100000,0x000000971b200000] [id=6388]
  0x000001bba23ab060 GCTaskThread "GC Thread#8" [stack: 0x000000971b200000,0x000000971b300000] [id=14592]
  0x000001bba2266b30 GCTaskThread "GC Thread#9" [stack: 0x000000971b300000,0x000000971b400000] [id=13852]
  0x000001bba2378a90 GCTaskThread "GC Thread#10" [stack: 0x000000971b400000,0x000000971b500000] [id=17432]
  0x000001bba237e960 GCTaskThread "GC Thread#11" [stack: 0x000000971b500000,0x000000971b600000] [id=17468]
  0x000001bba25fa0f0 GCTaskThread "GC Thread#12" [stack: 0x000000971ae00000,0x000000971af00000] [id=16672]
  0x000001bb915dc360 ConcurrentGCThread "G1 Main Marker" [stack: 0x0000009719600000,0x0000009719700000] [id=11028]
  0x000001bb915dcc70 ConcurrentGCThread "G1 Conc#0" [stack: 0x0000009719700000,0x0000009719800000] [id=18424]
  0x000001bba2302c30 ConcurrentGCThread "G1 Conc#1" [stack: 0x000000971b600000,0x000000971b700000] [id=3092]
  0x000001bba23bf590 ConcurrentGCThread "G1 Conc#2" [stack: 0x000000971b700000,0x000000971b800000] [id=8984]
  0x000001bb9cca24c0 ConcurrentGCThread "G1 Refine#0" [stack: 0x0000009719800000,0x0000009719900000] [id=18428]
  0x000001bb9cca2df0 ConcurrentGCThread "G1 Service" [stack: 0x0000009719900000,0x0000009719a00000] [id=13484]

Threads with active compile tasks:

VM state: at safepoint (normal execution)

VM Mutex/Monitor currently owned by a thread:  ([mutex/lock_event])
[0x000001bb8f2a2250] Threads_lock - owner thread: 0x000001bb9ce04b60
[0x000001bb91591af0] Heap_lock - owner thread: 0x000001bba101c7e0

Heap address: 0x00000000c0000000, size: 1024 MB, Compressed Oops mode: 32-bit

CDS archive(s) not mapped
Compressed class space mapped at: 0x0000000100000000-0x0000000140000000, reserved size: 1073741824
Narrow klass base: 0x0000000000000000, Narrow klass shift: 3, Narrow klass range: 0x140000000

GC Precious Log:
 CPUs: 16 total, 16 available
 Memory: 7860M
 Large Page Support: Disabled
 NUMA Support: Disabled
 Compressed Oops: Enabled (32-bit)
 Heap Region Size: 1M
 Heap Min Capacity: 8M
 Heap Initial Capacity: 124M
 Heap Max Capacity: 1G
 Pre-touch: Disabled
 Parallel Workers: 13
 Concurrent Workers: 3
 Concurrent Refinement Workers: 13
 Periodic GC: Disabled

Heap:
 garbage-first heap   total 71680K, used 21159K [0x00000000c0000000, 0x0000000100000000)
  region size 1024K, 1 young (1024K), 0 survivors (0K)
 Metaspace       used 38453K, committed 38912K, reserved 1114112K
  class space    used 5083K, committed 5248K, reserved 1048576K

Heap Regions: E=young(eden), S=young(survivor), O=old, HS=humongous(starts), HC=humongous(continues), CS=collection set, F=free, OA=open archive, CA=closed archive, TAMS=top-at-mark-start (previous, next)
|   0|0x00000000c0000000, 0x00000000c00e5728, 0x00000000c0100000| 89%| O|  |TAMS 0x00000000c0000000, 0x00000000c0000000| Untracked 
|   1|0x00000000c0100000, 0x00000000c01fffa0, 0x00000000c0200000| 99%| O|  |TAMS 0x00000000c0100000, 0x00000000c0100000| Untracked 
|   2|0x00000000c0200000, 0x00000000c02fff40, 0x00000000c0300000| 99%| O|  |TAMS 0x00000000c0200000, 0x00000000c0200000| Untracked 
|   3|0x00000000c0300000, 0x00000000c0400000, 0x00000000c0400000|100%| O|  |TAMS 0x00000000c0400000, 0x00000000c0300000| Untracked 
|   4|0x00000000c0400000, 0x00000000c0500000, 0x00000000c0500000|100%| O|  |TAMS 0x00000000c0500000, 0x00000000c0400000| Untracked 
|   5|0x00000000c0500000, 0x00000000c0600000, 0x00000000c0600000|100%| O|  |TAMS 0x00000000c0600000, 0x00000000c0500000| Untracked 
|   6|0x00000000c0600000, 0x00000000c06fffe0, 0x00000000c0700000| 99%| O|  |TAMS 0x00000000c0600000, 0x00000000c0600000| Untracked 
|   7|0x00000000c0700000, 0x00000000c0800000, 0x00000000c0800000|100%| O|  |TAMS 0x00000000c0800000, 0x00000000c0700000| Untracked 
|   8|0x00000000c0800000, 0x00000000c0900000, 0x00000000c0900000|100%| O|  |TAMS 0x00000000c0900000, 0x00000000c0800000| Untracked 
|   9|0x00000000c0900000, 0x00000000c09fffe8, 0x00000000c0a00000| 99%| O|  |TAMS 0x00000000c0900000, 0x00000000c0900000| Untracked 
|  10|0x00000000c0a00000, 0x00000000c0b00000, 0x00000000c0b00000|100%| O|  |TAMS 0x00000000c0b00000, 0x00000000c0a00000| Untracked 
|  11|0x00000000c0b00000, 0x00000000c0bffa98, 0x00000000c0c00000| 99%| O|  |TAMS 0x00000000c0b00000, 0x00000000c0b00000| Untracked 
|  12|0x00000000c0c00000, 0x00000000c0d00000, 0x00000000c0d00000|100%| O|  |TAMS 0x00000000c0d00000, 0x00000000c0c00000| Untracked 
|  13|0x00000000c0d00000, 0x00000000c0e00000, 0x00000000c0e00000|100%| O|  |TAMS 0x00000000c0e00000, 0x00000000c0d00000| Untracked 
|  14|0x00000000c0e00000, 0x00000000c0f00000, 0x00000000c0f00000|100%| O|  |TAMS 0x00000000c0f00000, 0x00000000c0e00000| Untracked 
|  15|0x00000000c0f00000, 0x00000000c0ffff98, 0x00000000c1000000| 99%| O|  |TAMS 0x00000000c0f00000, 0x00000000c0f00000| Untracked 
|  16|0x00000000c1000000, 0x00000000c1100000, 0x00000000c1100000|100%| O|  |TAMS 0x00000000c1000000, 0x00000000c1000000| Untracked 
|  17|0x00000000c1100000, 0x00000000c11ffeb0, 0x00000000c1200000| 99%| O|  |TAMS 0x00000000c1100000, 0x00000000c1100000| Untracked 
|  18|0x00000000c1200000, 0x00000000c12fffb8, 0x00000000c1300000| 99%| O|  |TAMS 0x00000000c1200000, 0x00000000c1200000| Untracked 
|  19|0x00000000c1300000, 0x00000000c13e9720, 0x00000000c1400000| 91%| O|  |TAMS 0x00000000c1300000, 0x00000000c1300000| Untracked 
|  20|0x00000000c1400000, 0x00000000c1424f98, 0x00000000c1500000| 14%| O|  |TAMS 0x00000000c1400000, 0x00000000c1400000| Untracked 
|  21|0x00000000c1500000, 0x00000000c1500000, 0x00000000c1600000|  0%| F|  |TAMS 0x00000000c1500000, 0x00000000c1500000| Untracked 
|  22|0x00000000c1600000, 0x00000000c1600000, 0x00000000c1700000|  0%| F|  |TAMS 0x00000000c1600000, 0x00000000c1600000| Untracked 
|  23|0x00000000c1700000, 0x00000000c1700000, 0x00000000c1800000|  0%| F|  |TAMS 0x00000000c1700000, 0x00000000c1700000| Untracked 
|  24|0x00000000c1800000, 0x00000000c1800000, 0x00000000c1900000|  0%| F|  |TAMS 0x00000000c1800000, 0x00000000c1800000| Untracked 
|  25|0x00000000c1900000, 0x00000000c1900000, 0x00000000c1a00000|  0%| F|  |TAMS 0x00000000c1900000, 0x00000000c1900000| Untracked 
|  26|0x00000000c1a00000, 0x00000000c1a00000, 0x00000000c1b00000|  0%| F|  |TAMS 0x00000000c1a00000, 0x00000000c1a00000| Untracked 
|  27|0x00000000c1b00000, 0x00000000c1b00000, 0x00000000c1c00000|  0%| F|  |TAMS 0x00000000c1b00000, 0x00000000c1b00000| Untracked 
|  28|0x00000000c1c00000, 0x00000000c1c00000, 0x00000000c1d00000|  0%| F|  |TAMS 0x00000000c1c00000, 0x00000000c1c00000| Untracked 
|  29|0x00000000c1d00000, 0x00000000c1d00000, 0x00000000c1e00000|  0%| F|  |TAMS 0x00000000c1d00000, 0x00000000c1d00000| Untracked 
|  30|0x00000000c1e00000, 0x00000000c1e00000, 0x00000000c1f00000|  0%| F|  |TAMS 0x00000000c1e00000, 0x00000000c1e00000| Untracked 
|  31|0x00000000c1f00000, 0x00000000c1f00000, 0x00000000c2000000|  0%| F|  |TAMS 0x00000000c1f00000, 0x00000000c1f00000| Untracked 
|  32|0x00000000c2000000, 0x00000000c2000000, 0x00000000c2100000|  0%| F|  |TAMS 0x00000000c2000000, 0x00000000c2000000| Untracked 
|  33|0x00000000c2100000, 0x00000000c21b6838, 0x00000000c2200000| 71%| O|  |TAMS 0x00000000c2100000, 0x00000000c2100000| Untracked 
|  34|0x00000000c2200000, 0x00000000c2200000, 0x00000000c2300000|  0%| F|  |TAMS 0x00000000c2200000, 0x00000000c2200000| Untracked 
|  35|0x00000000c2300000, 0x00000000c2300000, 0x00000000c2400000|  0%| F|  |TAMS 0x00000000c2300000, 0x00000000c2300000| Untracked 
|  36|0x00000000c2400000, 0x00000000c2400000, 0x00000000c2500000|  0%| F|  |TAMS 0x00000000c2400000, 0x00000000c2400000| Untracked 
|  37|0x00000000c2500000, 0x00000000c2500000, 0x00000000c2600000|  0%| F|  |TAMS 0x00000000c2500000, 0x00000000c2500000| Untracked 
|  38|0x00000000c2600000, 0x00000000c2600000, 0x00000000c2700000|  0%| F|  |TAMS 0x00000000c2600000, 0x00000000c2600000| Untracked 
|  39|0x00000000c2700000, 0x00000000c2700000, 0x00000000c2800000|  0%| F|  |TAMS 0x00000000c2700000, 0x00000000c2700000| Untracked 
|  40|0x00000000c2800000, 0x00000000c2800000, 0x00000000c2900000|  0%| F|  |TAMS 0x00000000c2800000, 0x00000000c2800000| Untracked 
|  41|0x00000000c2900000, 0x00000000c2900000, 0x00000000c2a00000|  0%| F|  |TAMS 0x00000000c2900000, 0x00000000c2900000| Untracked 
|  42|0x00000000c2a00000, 0x00000000c2a00000, 0x00000000c2b00000|  0%| F|  |TAMS 0x00000000c2a00000, 0x00000000c2a00000| Untracked 
|  43|0x00000000c2b00000, 0x00000000c2b00000, 0x00000000c2c00000|  0%| F|  |TAMS 0x00000000c2b00000, 0x00000000c2b00000| Untracked 
|  44|0x00000000c2c00000, 0x00000000c2c00000, 0x00000000c2d00000|  0%| F|  |TAMS 0x00000000c2c00000, 0x00000000c2c00000| Untracked 
|  45|0x00000000c2d00000, 0x00000000c2d00000, 0x00000000c2e00000|  0%| F|  |TAMS 0x00000000c2d00000, 0x00000000c2d00000| Untracked 
|  46|0x00000000c2e00000, 0x00000000c2e00000, 0x00000000c2f00000|  0%| F|  |TAMS 0x00000000c2e00000, 0x00000000c2e00000| Untracked 
|  47|0x00000000c2f00000, 0x00000000c2f00000, 0x00000000c3000000|  0%| F|  |TAMS 0x00000000c2f00000, 0x00000000c2f00000| Untracked 
|  48|0x00000000c3000000, 0x00000000c3000000, 0x00000000c3100000|  0%| F|  |TAMS 0x00000000c3000000, 0x00000000c3000000| Untracked 
|  49|0x00000000c3100000, 0x00000000c3100000, 0x00000000c3200000|  0%| F|  |TAMS 0x00000000c3100000, 0x00000000c3100000| Untracked 
|  50|0x00000000c3200000, 0x00000000c3200000, 0x00000000c3300000|  0%| F|  |TAMS 0x00000000c3200000, 0x00000000c3200000| Untracked 
|  51|0x00000000c3300000, 0x00000000c3300000, 0x00000000c3400000|  0%| F|  |TAMS 0x00000000c3300000, 0x00000000c3300000| Untracked 
|  52|0x00000000c3400000, 0x00000000c3400000, 0x00000000c3500000|  0%| F|  |TAMS 0x00000000c3400000, 0x00000000c3400000| Untracked 
|  53|0x00000000c3500000, 0x00000000c3500000, 0x00000000c3600000|  0%| F|  |TAMS 0x00000000c3500000, 0x00000000c3500000| Untracked 
|  54|0x00000000c3600000, 0x00000000c3600000, 0x00000000c3700000|  0%| F|  |TAMS 0x00000000c3600000, 0x00000000c3600000| Untracked 
|  55|0x00000000c3700000, 0x00000000c3700000, 0x00000000c3800000|  0%| F|  |TAMS 0x00000000c3700000, 0x00000000c3700000| Untracked 
|  56|0x00000000c3800000, 0x00000000c3800000, 0x00000000c3900000|  0%| F|  |TAMS 0x00000000c3800000, 0x00000000c3800000| Untracked 
|  57|0x00000000c3900000, 0x00000000c3900000, 0x00000000c3a00000|  0%| F|  |TAMS 0x00000000c3900000, 0x00000000c3900000| Untracked 
|  58|0x00000000c3a00000, 0x00000000c3a00000, 0x00000000c3b00000|  0%| F|  |TAMS 0x00000000c3a00000, 0x00000000c3a00000| Untracked 
|  59|0x00000000c3b00000, 0x00000000c3b00000, 0x00000000c3c00000|  0%| F|  |TAMS 0x00000000c3b00000, 0x00000000c3b00000| Untracked 
|  60|0x00000000c3c00000, 0x00000000c3c00000, 0x00000000c3d00000|  0%| F|  |TAMS 0x00000000c3c00000, 0x00000000c3c00000| Untracked 
|  61|0x00000000c3d00000, 0x00000000c3d00000, 0x00000000c3e00000|  0%| F|  |TAMS 0x00000000c3d00000, 0x00000000c3d00000| Untracked 
|  62|0x00000000c3e00000, 0x00000000c3e00000, 0x00000000c3f00000|  0%| F|  |TAMS 0x00000000c3e00000, 0x00000000c3e00000| Untracked 
|  63|0x00000000c3f00000, 0x00000000c3f00000, 0x00000000c4000000|  0%| F|  |TAMS 0x00000000c3f00000, 0x00000000c3f00000| Untracked 
|  88|0x00000000c5800000, 0x00000000c5800000, 0x00000000c5900000|  0%| F|  |TAMS 0x00000000c5800000, 0x00000000c5800000| Untracked 
|  89|0x00000000c5900000, 0x00000000c5900000, 0x00000000c5a00000|  0%| F|  |TAMS 0x00000000c5900000, 0x00000000c5900000| Untracked 
|  90|0x00000000c5a00000, 0x00000000c5a00000, 0x00000000c5b00000|  0%| F|  |TAMS 0x00000000c5a00000, 0x00000000c5a00000| Untracked 
|  91|0x00000000c5b00000, 0x00000000c5b00000, 0x00000000c5c00000|  0%| F|  |TAMS 0x00000000c5b00000, 0x00000000c5b00000| Untracked 
|  92|0x00000000c5c00000, 0x00000000c5c00000, 0x00000000c5d00000|  0%| F|  |TAMS 0x00000000c5c00000, 0x00000000c5c00000| Untracked 
| 123|0x00000000c7b00000, 0x00000000c7b199f8, 0x00000000c7c00000| 10%| E|  |TAMS 0x00000000c7b00000, 0x00000000c7b00000| Complete 

Card table byte_map: [0x000001bb97a70000,0x000001bb97c70000] _byte_map_base: 0x000001bb97470000

Marking Bits (Prev, Next): (CMBitMap*) 0x000001bb915d3a70, (CMBitMap*) 0x000001bb915d3a30
 Prev Bits: [0x000001bb98e70000, 0x000001bb99e70000)
 Next Bits: [0x000001bb97e70000, 0x000001bb98e70000)

Polling page: 0x000001bb8f4d0000

Metaspace:

Usage:
  Non-class:     32.59 MB used.
      Class:      4.96 MB used.
       Both:     37.55 MB used.

Virtual space:
  Non-class space:       64.00 MB reserved,      32.88 MB ( 51%) committed,  1 nodes.
      Class space:        1.00 GB reserved,       5.12 MB ( <1%) committed,  1 nodes.
             Both:        1.06 GB reserved,      38.00 MB (  3%) committed. 

Chunk freelists:
   Non-Class:  14.50 MB
       Class:  10.78 MB
        Both:  25.27 MB

MaxMetaspaceSize: unlimited
CompressedClassSpaceSize: 1.00 GB
Initial GC threshold: 21.00 MB
Current GC threshold: 63.38 MB
CDS: off
MetaspaceReclaimPolicy: balanced
 - commit_granule_bytes: 65536.
 - commit_granule_words: 8192.
 - virtual_space_node_default_size: 8388608.
 - enlarge_chunks_in_place: 1.
 - new_chunks_are_fully_committed: 0.
 - uncommit_free_chunks: 1.
 - use_allocation_guard: 0.
 - handle_deallocations: 1.


Internal statistics:

num_allocs_failed_limit: 8.
num_arena_births: 498.
num_arena_deaths: 0.
num_vsnodes_births: 2.
num_vsnodes_deaths: 0.
num_space_committed: 608.
num_space_uncommitted: 0.
num_chunks_returned_to_freelist: 8.
num_chunks_taken_from_freelist: 1628.
num_chunk_merges: 8.
num_chunk_splits: 1138.
num_chunks_enlarged: 855.
num_inconsistent_stats: 0.

CodeCache: size=49152Kb used=6677Kb max_used=8921Kb free=42475Kb
 bounds [0x000001bb94200000, 0x000001bb94ac0000, 0x000001bb97200000]
 total_blobs=4123 nmethods=3582 adapters=468
 compilation: enabled
              stopped_count=0, restarted_count=0
 full_count=0

Compilation events (20 events):
Event: 2.186 Thread 0x000001bba121c7a0 3570       1       java.net.URI$Parser::scan (76 bytes)
Event: 2.187 Thread 0x000001bba121c7a0 nmethod 3570 0x000001bb94ab3410 code [0x000001bb94ab35e0, 0x000001bb94ab3938]
Event: 2.187 Thread 0x000001bba1227d10 3571       1       java.util.logging.Logger::getName (5 bytes)
Event: 2.187 Thread 0x000001bba1227d10 nmethod 3571 0x000001bb94ab3c10 code [0x000001bb94ab3da0, 0x000001bb94ab3e78]
Event: 2.195 Thread 0x000001bba1018e50 3572       1       com.google.gson.stream.JsonReader::nextName (116 bytes)
Event: 2.196 Thread 0x000001bba1018e50 nmethod 3572 0x000001bb94ab3f10 code [0x000001bb94ab4160, 0x000001bb94ab4748]
Event: 2.196 Thread 0x000001bba1018e50 3573       1       java.lang.Class::getDeclaredConstructor (31 bytes)
Event: 2.196 Thread 0x000001bba1018e50 nmethod 3573 0x000001bb94ab4a90 code [0x000001bb94ab4c80, 0x000001bb94ab4f98]
Event: 2.588 Thread 0x000001bba1018e50 3574       1       java.lang.reflect.Field::set (30 bytes)
Event: 2.588 Thread 0x000001bba12267d0 3575       1       jdk.internal.reflect.DelegatingMethodAccessorImpl::setDelegate (6 bytes)
Event: 2.588 Thread 0x000001bba12267d0 nmethod 3575 0x000001bb94ab5210 code [0x000001bb94ab53a0, 0x000001bb94ab54b8]
Event: 2.588 Thread 0x000001bba1018e50 nmethod 3574 0x000001bb94ab5510 code [0x000001bb94ab56e0, 0x000001bb94ab58d8]
Event: 2.591 Thread 0x000001bba1018e50 3576  s    1       java.lang.StringBuffer::append (13 bytes)
Event: 2.591 Thread 0x000001bba12267d0 3577       1       java.io.StringWriter::write (10 bytes)
Event: 2.591 Thread 0x000001bba1018e50 nmethod 3576 0x000001bb94ab5a10 code [0x000001bb94ab5ba0, 0x000001bb94ab5d68]
Event: 2.591 Thread 0x000001bba12267d0 nmethod 3577 0x000001bb94ab5e10 code [0x000001bb94ab5fc0, 0x000001bb94ab61a8]
Event: 2.748 Thread 0x000001bba12267d0 3579       1       jdk.internal.reflect.Reflection::verifyMemberAccess (200 bytes)
Event: 2.750 Thread 0x000001bba12267d0 nmethod 3579 0x000001bb94800210 code [0x000001bb94800580, 0x000001bb948013a8]
Event: 42.067 Thread 0x000001bba1018e50 3581       1       java.lang.invoke.InvokerBytecodeGenerator::emitIconstInsn (75 bytes)
Event: 42.067 Thread 0x000001bba1018e50 nmethod 3581 0x000001bb947ff910 code [0x000001bb947ffb00, 0x000001bb947ffdb8]

GC Heap History (18 events):
Event: 0.411 GC heap before
{Heap before GC invocations=0 (full 0):
 garbage-first heap   total 126976K, used 22528K [0x00000000c0000000, 0x0000000100000000)
  region size 1024K, 23 young (23552K), 0 survivors (0K)
 Metaspace       used 8274K, committed 8448K, reserved 1114112K
  class space    used 930K, committed 1024K, reserved 1048576K
}
Event: 0.416 GC heap after
{Heap after GC invocations=1 (full 0):
 garbage-first heap   total 126976K, used 9580K [0x00000000c0000000, 0x0000000100000000)
  region size 1024K, 3 young (3072K), 3 survivors (3072K)
 Metaspace       used 8274K, committed 8448K, reserved 1114112K
  class space    used 930K, committed 1024K, reserved 1048576K
}
Event: 0.722 GC heap before
{Heap before GC invocations=1 (full 0):
 garbage-first heap   total 126976K, used 33132K [0x00000000c0000000, 0x0000000100000000)
  region size 1024K, 26 young (26624K), 3 survivors (3072K)
 Metaspace       used 14204K, committed 14400K, reserved 1114112K
  class space    used 1778K, committed 1856K, reserved 1048576K
}
Event: 0.727 GC heap after
{Heap after GC invocations=2 (full 0):
 garbage-first heap   total 126976K, used 11355K [0x00000000c0000000, 0x0000000100000000)
  region size 1024K, 2 young (2048K), 2 survivors (2048K)
 Metaspace       used 14204K, committed 14400K, reserved 1114112K
  class space    used 1778K, committed 1856K, reserved 1048576K
}
Event: 1.013 GC heap before
{Heap before GC invocations=2 (full 0):
 garbage-first heap   total 126976K, used 39003K [0x00000000c0000000, 0x0000000100000000)
  region size 1024K, 31 young (31744K), 2 survivors (2048K)
 Metaspace       used 21301K, committed 21504K, reserved 1114112K
  class space    used 2613K, committed 2688K, reserved 1048576K
}
Event: 1.016 GC heap after
{Heap after GC invocations=3 (full 0):
 garbage-first heap   total 126976K, used 14207K [0x00000000c0000000, 0x0000000100000000)
  region size 1024K, 5 young (5120K), 5 survivors (5120K)
 Metaspace       used 21301K, committed 21504K, reserved 1114112K
  class space    used 2613K, committed 2688K, reserved 1048576K
}
Event: 1.235 GC heap before
{Heap before GC invocations=4 (full 0):
 garbage-first heap   total 55296K, used 39807K [0x00000000c0000000, 0x0000000100000000)
  region size 1024K, 31 young (31744K), 5 survivors (5120K)
 Metaspace       used 26855K, committed 27136K, reserved 1114112K
  class space    used 3343K, committed 3456K, reserved 1048576K
}
Event: 1.242 GC heap after
{Heap after GC invocations=5 (full 0):
 garbage-first heap   total 55296K, used 16631K [0x00000000c0000000, 0x0000000100000000)
  region size 1024K, 6 young (6144K), 6 survivors (6144K)
 Metaspace       used 26855K, committed 27136K, reserved 1114112K
  class space    used 3343K, committed 3456K, reserved 1048576K
}
Event: 1.448 GC heap before
{Heap before GC invocations=5 (full 0):
 garbage-first heap   total 55296K, used 34039K [0x00000000c0000000, 0x0000000100000000)
  region size 1024K, 24 young (24576K), 6 survivors (6144K)
 Metaspace       used 28807K, committed 29056K, reserved 1114112K
  class space    used 3605K, committed 3712K, reserved 1048576K
}
Event: 1.455 GC heap after
{Heap after GC invocations=6 (full 0):
 garbage-first heap   total 55296K, used 18188K [0x00000000c0000000, 0x0000000100000000)
  region size 1024K, 2 young (2048K), 2 survivors (2048K)
 Metaspace       used 28807K, committed 29056K, reserved 1114112K
  class space    used 3605K, committed 3712K, reserved 1048576K
}
Event: 1.661 GC heap before
{Heap before GC invocations=6 (full 0):
 garbage-first heap   total 55296K, used 35596K [0x00000000c0000000, 0x0000000100000000)
  region size 1024K, 20 young (20480K), 2 survivors (2048K)
 Metaspace       used 31820K, committed 32192K, reserved 1114112K
  class space    used 4040K, committed 4224K, reserved 1048576K
}
Event: 1.666 GC heap after
{Heap after GC invocations=7 (full 0):
 garbage-first heap   total 55296K, used 20409K [0x00000000c0000000, 0x0000000100000000)
  region size 1024K, 3 young (3072K), 3 survivors (3072K)
 Metaspace       used 31820K, committed 32192K, reserved 1114112K
  class space    used 4040K, committed 4224K, reserved 1048576K
}
Event: 1.927 GC heap before
{Heap before GC invocations=7 (full 0):
 garbage-first heap   total 55296K, used 36793K [0x00000000c0000000, 0x0000000100000000)
  region size 1024K, 20 young (20480K), 3 survivors (3072K)
 Metaspace       used 34549K, committed 34880K, reserved 1114112K
  class space    used 4442K, committed 4608K, reserved 1048576K
}
Event: 1.931 GC heap after
{Heap after GC invocations=8 (full 0):
 garbage-first heap   total 71680K, used 22007K [0x00000000c0000000, 0x0000000100000000)
  region size 1024K, 2 young (2048K), 2 survivors (2048K)
 Metaspace       used 34549K, committed 34880K, reserved 1114112K
  class space    used 4442K, committed 4608K, reserved 1048576K
}
Event: 2.029 GC heap before
{Heap before GC invocations=8 (full 0):
 garbage-first heap   total 71680K, used 28151K [0x00000000c0000000, 0x0000000100000000)
  region size 1024K, 9 young (9216K), 2 survivors (2048K)
 Metaspace       used 35753K, committed 36096K, reserved 1114112K
  class space    used 4621K, committed 4800K, reserved 1048576K
}
Event: 2.032 GC heap after
{Heap after GC invocations=9 (full 0):
 garbage-first heap   total 71680K, used 22540K [0x00000000c0000000, 0x0000000100000000)
  region size 1024K, 3 young (3072K), 3 survivors (3072K)
 Metaspace       used 35753K, committed 36096K, reserved 1114112K
  class space    used 4621K, committed 4800K, reserved 1048576K
}
Event: 42.213 GC heap before
{Heap before GC invocations=10 (full 0):
 garbage-first heap   total 71680K, used 38924K [0x00000000c0000000, 0x0000000100000000)
  region size 1024K, 20 young (20480K), 3 survivors (3072K)
 Metaspace       used 38453K, committed 38912K, reserved 1114112K
  class space    used 5083K, committed 5248K, reserved 1048576K
}
Event: 42.230 GC heap after
{Heap after GC invocations=11 (full 1):
 garbage-first heap   total 71680K, used 21159K [0x00000000c0000000, 0x0000000100000000)
  region size 1024K, 0 young (0K), 0 survivors (0K)
 Metaspace       used 38453K, committed 38912K, reserved 1114112K
  class space    used 5083K, committed 5248K, reserved 1048576K
}

Dll operation events (8 events):
Event: 0.007 Loaded shared library c:\Users\HP\.vscode\extensions\redhat.java-1.24.0-win32-x64\jre\17.0.8.1-win32-x86_64\bin\java.dll
Event: 0.123 Loaded shared library C:\Users\HP\.vscode\extensions\redhat.java-1.24.0-win32-x64\jre\17.0.8.1-win32-x86_64\bin\net.dll
Event: 0.124 Loaded shared library C:\Users\HP\.vscode\extensions\redhat.java-1.24.0-win32-x64\jre\17.0.8.1-win32-x86_64\bin\nio.dll
Event: 0.129 Loaded shared library C:\Users\HP\.vscode\extensions\redhat.java-1.24.0-win32-x64\jre\17.0.8.1-win32-x86_64\bin\zip.dll
Event: 0.249 Loaded shared library C:\Users\HP\.vscode\extensions\redhat.java-1.24.0-win32-x64\jre\17.0.8.1-win32-x86_64\bin\jimage.dll
Event: 1.757 Loaded shared library c:\Users\HP\.vscode\extensions\redhat.java-1.24.0-win32-x64\jre\17.0.8.1-win32-x86_64\bin\verify.dll
Event: 2.041 Loaded shared library C:\Users\HP\.vscode\extensions\redhat.java-1.24.0-win32-x64\jre\17.0.8.1-win32-x86_64\bin\management.dll
Event: 2.043 Loaded shared library C:\Users\HP\.vscode\extensions\redhat.java-1.24.0-win32-x64\jre\17.0.8.1-win32-x86_64\bin\management_ext.dll

Deoptimization events (6 events):
Event: 1.180 Thread 0x000001bb91594700 DEOPT PACKING pc=0x000001bb9489cd19 sp=0x00000097194fd570
Event: 1.180 Thread 0x000001bb91594700 DEOPT UNPACKING pc=0x000001bb94257143 sp=0x00000097194fca50 mode 3
Event: 1.370 Thread 0x000001bb91594700 DEOPT PACKING pc=0x000001bb94914555 sp=0x00000097194feb80
Event: 1.370 Thread 0x000001bb91594700 DEOPT UNPACKING pc=0x000001bb94257143 sp=0x00000097194fe028 mode 3
Event: 2.179 Thread 0x000001bba101dc20 DEOPT PACKING pc=0x000001bb94aa9db5 sp=0x000000971bcfd360
Event: 2.179 Thread 0x000001bba101dc20 DEOPT UNPACKING pc=0x000001bb94257143 sp=0x000000971bcfc878 mode 3

Classes unloaded (0 events):
No events

Classes redefined (0 events):
No events

Internal exceptions (20 events):
Event: 1.468 Thread 0x000001bb91594700 Exception <a 'java/lang/NoSuchMethodError'{0x00000000c5c8c430}: 'java.lang.Object java.lang.invoke.DelegatingMethodHandle$Holder.delegate(java.lang.Object, int, java.lang.Object, java.lang.Object)'> (0x00000000c5c8c430) 
thrown [s\src\hotspot\share\interpreter\linkResolver.cpp, line 759]
Event: 1.469 Thread 0x000001bb91594700 Exception <a 'java/lang/NoSuchMethodError'{0x00000000c5c9d2b8}: 'int java.lang.invoke.Invokers$Holder.linkToTargetMethod(java.lang.Object, java.lang.Object, java.lang.Object)'> (0x00000000c5c9d2b8) 
thrown [s\src\hotspot\share\interpreter\linkResolver.cpp, line 759]
Event: 1.506 Thread 0x000001bb91594700 Exception <a 'java/lang/NoSuchMethodError'{0x00000000c595ac18}: 'void java.lang.invoke.DirectMethodHandle$Holder.invokeSpecial(java.lang.Object, java.lang.Object, java.lang.Object, java.lang.Object, java.lang.Object, java.lang.Object)'> (0x00000000c595ac18) 
thrown [s\src\hotspot\share\interpreter\linkResolver.cpp, line 759]
Event: 1.530 Thread 0x000001bb91594700 Exception <a 'java/lang/NoSuchMethodError'{0x00000000c2f0cb90}: 'java.lang.Object java.lang.invoke.DirectMethodHandle$Holder.invokeStaticInit(java.lang.Object, int, int, int, int)'> (0x00000000c2f0cb90) 
thrown [s\src\hotspot\share\interpreter\linkResolver.cpp, line 759]
Event: 1.559 Thread 0x000001bb91594700 Exception <a 'java/lang/NoSuchMethodError'{0x00000000c2f710a0}: 'java.lang.Object java.lang.invoke.DirectMethodHandle$Holder.invokeStaticInit(java.lang.Object, java.lang.Object, int, int, int, int)'> (0x00000000c2f710a0) 
thrown [s\src\hotspot\share\interpreter\linkResolver.cpp, line 759]
Event: 1.648 Thread 0x000001bb91594700 Exception <a 'java/lang/NoSuchMethodError'{0x00000000c274e588}: 'void java.lang.invoke.DirectMethodHandle$Holder.invokeSpecialIFC(java.lang.Object, java.lang.Object, java.lang.Object)'> (0x00000000c274e588) 
thrown [s\src\hotspot\share\interpreter\linkResolver.cpp, line 759]
Event: 1.841 Thread 0x000001bb91594700 Exception <a 'java/lang/NoSuchMethodError'{0x00000000c287bd08}: 'void java.lang.invoke.DirectMethodHandle$Holder.invokeSpecial(java.lang.Object, java.lang.Object, java.lang.Object, java.lang.Object, java.lang.Object, java.lang.Object, java.lang.Object)'> (0x00000000c287bd08) 
thrown [s\src\hotspot\share\interpreter\linkResolver.cpp, line 759]
Event: 1.842 Thread 0x000001bb91594700 Exception <a 'java/lang/NoSuchMethodError'{0x00000000c2886528}: 'java.lang.Object java.lang.invoke.DirectMethodHandle$Holder.newInvokeSpecial(java.lang.Object, java.lang.Object, java.lang.Object, java.lang.Object, java.lang.Object, java.lang.Object)'> (0x00000000c2886528) 
thrown [s\src\hotspot\share\interpreter\linkResolver.cpp, line 759]
Event: 1.938 Thread 0x000001bb91594700 Exception <a 'java/lang/NoSuchMethodError'{0x00000000c7b80c28}: 'java.lang.Object java.lang.invoke.DirectMethodHandle$Holder.invokeInterface(java.lang.Object, java.lang.Object, int)'> (0x00000000c7b80c28) 
thrown [s\src\hotspot\share\interpreter\linkResolver.cpp, line 759]
Event: 1.940 Thread 0x000001bb91594700 Exception <a 'java/lang/IncompatibleClassChangeError'{0x00000000c7b93f38}: Found class java.lang.Object, but interface was expected> (0x00000000c7b93f38) 
thrown [s\src\hotspot\share\interpreter\linkResolver.cpp, line 826]
Event: 2.027 Thread 0x000001bb91594700 Exception <a 'java/lang/NoSuchMethodError'{0x00000000c3f03510}: 'java.lang.Object java.lang.invoke.DirectMethodHandle$Holder.newInvokeSpecial(java.lang.Object, java.lang.Object, int, java.lang.Object, java.lang.Object)'> (0x00000000c3f03510) 
thrown [s\src\hotspot\share\interpreter\linkResolver.cpp, line 759]
Event: 2.028 Thread 0x000001bb91594700 Exception <a 'java/lang/NoSuchMethodError'{0x00000000c3f15f78}: 'java.lang.Object java.lang.invoke.DirectMethodHandle$Holder.invokeSpecial(java.lang.Object, java.lang.Object, int, java.lang.Object, int, java.lang.Object)'> (0x00000000c3f15f78) 
thrown [s\src\hotspot\share\interpreter\linkResolver.cpp, line 759]
Event: 2.028 Thread 0x000001bb91594700 Exception <a 'java/lang/NoSuchMethodError'{0x00000000c3f1dd80}: 'java.lang.Object java.lang.invoke.DirectMethodHandle$Holder.newInvokeSpecial(java.lang.Object, java.lang.Object, int, java.lang.Object, int)'> (0x00000000c3f1dd80) 
thrown [s\src\hotspot\share\interpreter\linkResolver.cpp, line 759]
Event: 2.028 Thread 0x000001bb91594700 Exception <a 'java/lang/NoSuchMethodError'{0x00000000c3f21e80}: 'java.lang.Object java.lang.invoke.DirectMethodHandle$Holder.invokeSpecial(java.lang.Object, java.lang.Object, java.lang.Object, int, java.lang.Object, int)'> (0x00000000c3f21e80) 
thrown [s\src\hotspot\share\interpreter\linkResolver.cpp, line 759]
Event: 2.173 Thread 0x000001bba101b8b0 Exception <a 'java/lang/NoSuchMethodError'{0x00000000c39ed3a8}: 'java.lang.Object java.lang.invoke.DirectMethodHandle$Holder.invokeStatic(java.lang.Object, java.lang.Object, java.lang.Object, int, java.lang.Object, java.lang.Object)'> (0x00000000c39ed3a8) 
thrown [s\src\hotspot\share\interpreter\linkResolver.cpp, line 759]
Event: 2.177 Thread 0x000001bba101dc20 Exception <a 'java/lang/NoSuchMethodError'{0x00000000c380c1a0}: 'java.lang.Object java.lang.invoke.DirectMethodHandle$Holder.invokeStatic(java.lang.Object, int, java.lang.Object)'> (0x00000000c380c1a0) 
thrown [s\src\hotspot\share\interpreter\linkResolver.cpp, line 759]
Event: 2.746 Thread 0x000001bba2afe7f0 Exception <a 'java/lang/NoSuchMethodError'{0x00000000c33a36a8}: 'int java.lang.invoke.DirectMethodHandle$Holder.invokeStatic(java.lang.Object)'> (0x00000000c33a36a8) 
thrown [s\src\hotspot\share\interpreter\linkResolver.cpp, line 759]
Event: 2.747 Thread 0x000001bba2afe7f0 Exception <a 'java/lang/NoSuchMethodError'{0x00000000c33a6aa8}: 'int java.lang.invoke.DirectMethodHandle$Holder.invokeStaticInit(java.lang.Object)'> (0x00000000c33a6aa8) 
thrown [s\src\hotspot\share\interpreter\linkResolver.cpp, line 759]
Event: 42.067 Thread 0x000001bba101c7e0 Exception <a 'java/lang/NoSuchMethodError'{0x00000000c32024b0}: 'void java.lang.invoke.DirectMethodHandle$Holder.invokeStatic(java.lang.Object, long)'> (0x00000000c32024b0) 
thrown [s\src\hotspot\share\interpreter\linkResolver.cpp, line 759]
Event: 42.067 Thread 0x000001bba101c7e0 Exception <a 'java/lang/NoSuchMethodError'{0x00000000c3207858}: 'java.lang.Object java.lang.invoke.DirectMethodHandle$Holder.newInvokeSpecial(java.lang.Object, long)'> (0x00000000c3207858) 
thrown [s\src\hotspot\share\interpreter\linkResolver.cpp, line 759]

VM Operations (20 events):
Event: 1.981 Executing VM operation: HandshakeAllThreads done
Event: 2.010 Executing VM operation: HandshakeAllThreads
Event: 2.010 Executing VM operation: HandshakeAllThreads done
Event: 2.011 Executing VM operation: HandshakeAllThreads
Event: 2.011 Executing VM operation: HandshakeAllThreads done
Event: 2.029 Executing VM operation: CollectForMetadataAllocation
Event: 2.032 Executing VM operation: CollectForMetadataAllocation done
Event: 2.038 Executing VM operation: G1PauseRemark
Event: 2.040 Executing VM operation: G1PauseRemark done
Event: 2.043 Executing VM operation: G1PauseCleanup
Event: 2.043 Executing VM operation: G1PauseCleanup done
Event: 2.046 Executing VM operation: HandshakeAllThreads
Event: 2.046 Executing VM operation: HandshakeAllThreads done
Event: 3.051 Executing VM operation: Cleanup
Event: 3.051 Executing VM operation: Cleanup done
Event: 42.068 Executing VM operation: HandshakeAllThreads
Event: 42.068 Executing VM operation: HandshakeAllThreads done
Event: 42.213 Executing VM operation: G1CollectFull
Event: 42.230 Executing VM operation: G1CollectFull done
Event: 52.255 Executing VM operation: G1CollectFull

Events (20 events):
Event: 2.748 loading class java/util/concurrent/atomic/AtomicLongFieldUpdater$CASUpdater
Event: 2.748 loading class java/util/concurrent/atomic/AtomicLongFieldUpdater$CASUpdater done
Event: 2.748 loading class java/util/concurrent/atomic/AtomicLongFieldUpdater$CASUpdater$1
Event: 2.748 loading class java/util/concurrent/atomic/AtomicLongFieldUpdater$CASUpdater$1 done
Event: 2.748 Thread 0x000001bba1226280 Thread exited: 0x000001bba1226280
Event: 7.747 Thread 0x000001bba12267d0 Thread exited: 0x000001bba12267d0
Event: 7.747 Thread 0x000001bba1227d10 Thread exited: 0x000001bba1227d10
Event: 12.756 Thread 0x000001bba121c7a0 Thread exited: 0x000001bba121c7a0
Event: 42.055 loading class java/lang/ProcessBuilder
Event: 42.056 loading class java/lang/ProcessBuilder done
Event: 42.056 loading class java/lang/ProcessImpl
Event: 42.057 loading class java/lang/ProcessImpl done
Event: 42.067 loading class java/lang/ProcessImpl$2
Event: 42.067 loading class java/lang/ProcessImpl$2 done
Event: 42.067 loading class java/lang/Process$PipeInputStream
Event: 42.068 loading class java/lang/Process$PipeInputStream done
Event: 42.068 loading class jdk/internal/event/ProcessStartEvent
Event: 42.068 loading class jdk/internal/event/ProcessStartEvent done
Event: 42.213 loading class java/io/FileOutputStream$1
Event: 42.213 loading class java/io/FileOutputStream$1 done


Dynamic libraries:
0x00007ff754e20000 - 0x00007ff754e2e000 	c:\Users\HP\.vscode\extensions\redhat.java-1.24.0-win32-x64\jre\17.0.8.1-win32-x86_64\bin\java.exe
0x00007ffc58930000 - 0x00007ffc58b47000 	C:\Windows\SYSTEM32\ntdll.dll
0x00007ffc57240000 - 0x00007ffc57304000 	C:\Windows\System32\KERNEL32.DLL
0x00007ffc560a0000 - 0x00007ffc56446000 	C:\Windows\System32\KERNELBASE.dll
0x00007ffc56570000 - 0x00007ffc56681000 	C:\Windows\System32\ucrtbase.dll
0x00007ffc29b70000 - 0x00007ffc29b89000 	c:\Users\HP\.vscode\extensions\redhat.java-1.24.0-win32-x64\jre\17.0.8.1-win32-x86_64\bin\VCRUNTIME140.dll
0x00007ffc38de0000 - 0x00007ffc38df7000 	c:\Users\HP\.vscode\extensions\redhat.java-1.24.0-win32-x64\jre\17.0.8.1-win32-x86_64\bin\jli.dll
0x00007ffc56780000 - 0x00007ffc5692d000 	C:\Windows\System32\USER32.dll
0x00007ffc564d0000 - 0x00007ffc564f6000 	C:\Windows\System32\win32u.dll
0x00007ffc58420000 - 0x00007ffc58449000 	C:\Windows\System32\GDI32.dll
0x00007ffc2afc0000 - 0x00007ffc2b253000 	C:\Windows\WinSxS\amd64_microsoft.windows.common-controls_6595b64144ccf1df_6.0.22621.2361_none_2712ced57382f843\COMCTL32.dll
0x00007ffc55ee0000 - 0x00007ffc55ff8000 	C:\Windows\System32\gdi32full.dll
0x00007ffc581c0000 - 0x00007ffc58267000 	C:\Windows\System32\msvcrt.dll
0x00007ffc56000000 - 0x00007ffc5609a000 	C:\Windows\System32\msvcp_win.dll
0x00007ffc56730000 - 0x00007ffc56761000 	C:\Windows\System32\IMM32.DLL
0x00007ffc4e8b0000 - 0x00007ffc4e8bc000 	c:\Users\HP\.vscode\extensions\redhat.java-1.24.0-win32-x64\jre\17.0.8.1-win32-x86_64\bin\vcruntime140_1.dll
0x00007ffbe6430000 - 0x00007ffbe64c1000 	c:\Users\HP\.vscode\extensions\redhat.java-1.24.0-win32-x64\jre\17.0.8.1-win32-x86_64\bin\msvcp140.dll
0x00007ffbdb440000 - 0x00007ffbdc08c000 	c:\Users\HP\.vscode\extensions\redhat.java-1.24.0-win32-x64\jre\17.0.8.1-win32-x86_64\bin\server\jvm.dll
0x00007ffc56a80000 - 0x00007ffc56b30000 	C:\Windows\System32\ADVAPI32.dll
0x00007ffc56cf0000 - 0x00007ffc56d96000 	C:\Windows\System32\sechost.dll
0x00007ffc587d0000 - 0x00007ffc588e7000 	C:\Windows\System32\RPCRT4.dll
0x00007ffc4cb00000 - 0x00007ffc4cb34000 	C:\Windows\SYSTEM32\WINMM.dll
0x00007ffc2a010000 - 0x00007ffc2a019000 	C:\Windows\SYSTEM32\WSOCK32.dll
0x00007ffc559d0000 - 0x00007ffc55a1d000 	C:\Windows\SYSTEM32\POWRPROF.dll
0x00007ffc4b6a0000 - 0x00007ffc4b6aa000 	C:\Windows\SYSTEM32\VERSION.dll
0x00007ffc58750000 - 0x00007ffc587c1000 	C:\Windows\System32\WS2_32.dll
0x00007ffc559b0000 - 0x00007ffc559c3000 	C:\Windows\SYSTEM32\UMPDC.dll
0x00007ffc54c50000 - 0x00007ffc54c68000 	C:\Windows\SYSTEM32\kernel.appcore.dll
0x00007ffc39550000 - 0x00007ffc3955a000 	c:\Users\HP\.vscode\extensions\redhat.java-1.24.0-win32-x64\jre\17.0.8.1-win32-x86_64\bin\jimage.dll
0x00007ffc534d0000 - 0x00007ffc536fe000 	C:\Windows\SYSTEM32\DBGHELP.DLL
0x00007ffc56eb0000 - 0x00007ffc5723a000 	C:\Windows\System32\combase.dll
0x00007ffc58670000 - 0x00007ffc58747000 	C:\Windows\System32\OLEAUT32.dll
0x00007ffc2ad70000 - 0x00007ffc2ada2000 	C:\Windows\SYSTEM32\dbgcore.DLL
0x00007ffc56450000 - 0x00007ffc564ca000 	C:\Windows\System32\bcryptPrimitives.dll
0x00007ffc203a0000 - 0x00007ffc203c5000 	c:\Users\HP\.vscode\extensions\redhat.java-1.24.0-win32-x64\jre\17.0.8.1-win32-x86_64\bin\java.dll
0x00007ffc1fa00000 - 0x00007ffc1fa18000 	c:\Users\HP\.vscode\extensions\redhat.java-1.24.0-win32-x64\jre\17.0.8.1-win32-x86_64\bin\zip.dll
0x00007ffc577c0000 - 0x00007ffc58018000 	C:\Windows\System32\SHELL32.dll
0x00007ffc53bc0000 - 0x00007ffc544b2000 	C:\Windows\SYSTEM32\windows.storage.dll
0x00007ffc53a80000 - 0x00007ffc53bbe000 	C:\Windows\SYSTEM32\wintypes.dll
0x00007ffc58270000 - 0x00007ffc58363000 	C:\Windows\System32\SHCORE.dll
0x00007ffc56a20000 - 0x00007ffc56a7e000 	C:\Windows\System32\shlwapi.dll
0x00007ffc55be0000 - 0x00007ffc55c06000 	C:\Windows\SYSTEM32\profapi.dll
0x00007ffc1d8f0000 - 0x00007ffc1d909000 	C:\Users\HP\.vscode\extensions\redhat.java-1.24.0-win32-x64\jre\17.0.8.1-win32-x86_64\bin\net.dll
0x00007ffc4f7b0000 - 0x00007ffc4f8e7000 	C:\Windows\SYSTEM32\WINHTTP.dll
0x00007ffc55120000 - 0x00007ffc55189000 	C:\Windows\system32\mswsock.dll
0x00007ffc1c740000 - 0x00007ffc1c755000 	C:\Users\HP\.vscode\extensions\redhat.java-1.24.0-win32-x64\jre\17.0.8.1-win32-x86_64\bin\nio.dll
0x00007ffc55440000 - 0x00007ffc5545b000 	C:\Windows\SYSTEM32\CRYPTSP.dll
0x00007ffc54c10000 - 0x00007ffc54c45000 	C:\Windows\system32\rsaenh.dll
0x00007ffc551c0000 - 0x00007ffc551ec000 	C:\Windows\SYSTEM32\USERENV.dll
0x00007ffc55560000 - 0x00007ffc55588000 	C:\Windows\SYSTEM32\bcrypt.dll
0x00007ffc55420000 - 0x00007ffc5542c000 	C:\Windows\SYSTEM32\CRYPTBASE.dll
0x00007ffc54760000 - 0x00007ffc5478d000 	C:\Windows\SYSTEM32\IPHLPAPI.DLL
0x00007ffc56da0000 - 0x00007ffc56da9000 	C:\Windows\System32\NSI.dll
0x00007ffc4f580000 - 0x00007ffc4f599000 	C:\Windows\SYSTEM32\dhcpcsvc6.DLL
0x00007ffc4f4f0000 - 0x00007ffc4f50f000 	C:\Windows\SYSTEM32\dhcpcsvc.DLL
0x00007ffc54790000 - 0x00007ffc54889000 	C:\Windows\SYSTEM32\DNSAPI.dll
0x00007ffc35090000 - 0x00007ffc350a0000 	c:\Users\HP\.vscode\extensions\redhat.java-1.24.0-win32-x64\jre\17.0.8.1-win32-x86_64\bin\verify.dll
0x00007ffc50c90000 - 0x00007ffc50c99000 	C:\Users\HP\.vscode\extensions\redhat.java-1.24.0-win32-x64\jre\17.0.8.1-win32-x86_64\bin\management.dll
0x00007ffc50c80000 - 0x00007ffc50c8b000 	C:\Users\HP\.vscode\extensions\redhat.java-1.24.0-win32-x64\jre\17.0.8.1-win32-x86_64\bin\management_ext.dll
0x00007ffc57790000 - 0x00007ffc57798000 	C:\Windows\System32\PSAPI.DLL

dbghelp: loaded successfully - version: 4.0.5 - missing functions: none
symbol engine: initialized successfully - sym options: 0x614 - pdb path: .;c:\Users\HP\.vscode\extensions\redhat.java-1.24.0-win32-x64\jre\17.0.8.1-win32-x86_64\bin;C:\Windows\SYSTEM32;C:\Windows\WinSxS\amd64_microsoft.windows.common-controls_6595b64144ccf1df_6.0.22621.2361_none_2712ced57382f843;c:\Users\HP\.vscode\extensions\redhat.java-1.24.0-win32-x64\jre\17.0.8.1-win32-x86_64\bin\server

VM Arguments:
jvm_args: -XX:+HeapDumpOnOutOfMemoryError -Xmx1024m -Dsts.lsp.client=vscode -Dsts.log.file=/dev/null -XX:TieredStopAtLevel=1 -Xlog:jni+resolve=off -Dspring.config.location=file:c:\Users\HP\.vscode\extensions\vmware.vscode-spring-boot-1.50.0\language-server\BOOT-INF\classes\application.properties 
java_command: org.springframework.ide.vscode.boot.app.BootLanguageServerBootApp
java_class_path (initial): c:\Users\HP\.vscode\extensions\vmware.vscode-spring-boot-1.50.0\language-server\BOOT-INF\classes;c:\Users\HP\.vscode\extensions\vmware.vscode-spring-boot-1.50.0\language-server\BOOT-INF\lib\annotations-24.0.1.jar;c:\Users\HP\.vscode\extensions\vmware.vscode-spring-boot-1.50.0\language-server\BOOT-INF\lib\antlr-runtime-3.5.3.jar;c:\Users\HP\.vscode\extensions\vmware.vscode-spring-boot-1.50.0\language-server\BOOT-INF\lib\antlr4-4.11.1.jar;c:\Users\HP\.vscode\extensions\vmware.vscode-spring-boot-1.50.0\language-server\BOOT-INF\lib\antlr4-runtime-4.11.1.jar;c:\Users\HP\.vscode\extensions\vmware.vscode-spring-boot-1.50.0\language-server\BOOT-INF\lib\archunit-1.1.0.jar;c:\Users\HP\.vscode\extensions\vmware.vscode-spring-boot-1.50.0\language-server\BOOT-INF\lib\asm-9.5.jar;c:\Users\HP\.vscode\extensions\vmware.vscode-spring-boot-1.50.0\language-server\BOOT-INF\lib\asm-analysis-9.5.jar;c:\Users\HP\.vscode\extensions\vmware.vscode-spring-boot-1.50.0\language-server\BOOT-INF\lib\asm-tree-9.5.jar;c:\Users\HP\.vscode\extensions\vmware.vscode-spring-boot-1.50.0\language-server\BOOT-INF\lib\asm-util-9.5.jar;c:\Users\HP\.vscode\extensions\vmware.vscode-spring-boot-1.50.0\language-server\BOOT-INF\lib\bosh-language-server-1.50.0-SNAPSHOT.jar;c:\Users\HP\.vscode\extensions\vmware.vscode-spring-boot-1.50.0\language-server\BOOT-INF\lib\caffeine-3.1.8.jar;c:\Users\HP\.vscode\extensions\vmware.vscode-spring-boot-1.50.0\language-server\BOOT-INF\lib\checker-qual-3.12.0.jar;c:\Users\HP\.vscode\extensions\vmware.vscode-spring-boot-1.50.0\language-server\BOOT-INF\lib\classgraph-4.8.149.jar;c:\Users\HP\.vscode\extensions\vmware.vscode-spring-boot-1.50.0\language-server\BOOT-INF\lib\commons-codec-1.15.jar;c:\Users\HP\.vscode\extensions\vmware.vscode-spring-boot-1.50.0\language-server\BOOT-INF\lib\commons-compress-1.24.0.jar;c:\Users\HP\.vscode\extensions\vmware.vscode-spring-boot-1.50.0\language-server\BOOT-INF\lib\commons-io-2.4.jar;c:\Users\HP\.vscode\extensions\v
Launcher Type: SUN_STANDARD

[Global flags]
     intx CICompilerCount                          = 12                                        {product} {ergonomic}
     uint ConcGCThreads                            = 3                                         {product} {ergonomic}
     uint G1ConcRefinementThreads                  = 13                                        {product} {ergonomic}
   size_t G1HeapRegionSize                         = 1048576                                   {product} {ergonomic}
    uintx GCDrainStackTargetSize                   = 64                                        {product} {ergonomic}
     bool HeapDumpOnOutOfMemoryError               = true                                   {manageable} {command line}
   size_t InitialHeapSize                          = 130023424                                 {product} {ergonomic}
   size_t MarkStackSize                            = 4194304                                   {product} {ergonomic}
   size_t MaxHeapSize                              = 1073741824                                {product} {command line}
   size_t MaxNewSize                               = 643825664                                 {product} {ergonomic}
   size_t MinHeapDeltaBytes                        = 1048576                                   {product} {ergonomic}
   size_t MinHeapSize                              = 8388608                                   {product} {ergonomic}
    uintx NonProfiledCodeHeapSize                  = 0                                      {pd product} {ergonomic}
     bool ProfileInterpreter                       = false                                  {pd product} {command line}
    uintx ProfiledCodeHeapSize                     = 0                                      {pd product} {ergonomic}
   size_t SoftMaxHeapSize                          = 1073741824                             {manageable} {ergonomic}
     intx TieredStopAtLevel                        = 1                                         {product} {command line}
     bool UseCompressedClassPointers               = true                           {product lp64_product} {ergonomic}
     bool UseCompressedOops                        = true                           {product lp64_product} {ergonomic}
     bool UseG1GC                                  = true                                      {product} {ergonomic}
     bool UseLargePagesIndividualAllocation        = false                                  {pd product} {ergonomic}

Logging:
Log output configuration:
 #0: stdout all=warning,jni+resolve=off uptime,level,tags
 #1: stderr all=off uptime,level,tags

Environment Variables:
PATH=C:\Program Files\Common Files\Oracle\Java\javapath;C:\Program Files\Microsoft\jdk-11.0.16.101-hotspot\bin;C:\Windows\system32;C:\Windows;C:\Windows\System32\Wbem;C:\Windows\System32\WindowsPowerShell\v1.0\;C:\Windows\System32\OpenSSH\;C:\xampp\php;C:\Program Files\Microsoft SQL Server\150\Tools\Binn\;C:\Program Files\Microsoft SQL Server\Client SDK\ODBC\170\Tools\Binn\;C:\composer;C:\Program Files\dotnet\;C:\ProgramData\chocolatey\bin;C:\Program Files\nodejs\;C:\Program Files\Git\cmd;C:\Program Files\Microsoft SQL Server\Client SDK\ODBC\110\Tools\Binn\;C:\Program Files (x86)\Microsoft SQL Server\120\Tools\Binn\;C:\Program Files\Microsoft SQL Server\120\Tools\Binn\;C:\Program Files\Microsoft SQL Server\120\DTS\Binn\;C:\Program Files (x86)\Microsoft SQL Server\120\Tools\Binn\ManagementStudio\;C:\Program Files (x86)\Microsoft SQL Server\120\DTS\Binn\;C:\Users\HP\AppData\Local\Programs\Python\Python311\Scripts\;C:\Users\HP\AppData\Local\Programs\Python\Python311\;C:\Users\HP\AppData\Local\Microsoft\WindowsApps;C:\Users\HP\AppData\Local\Programs\Microsoft VS Code\bin;C:\Users\HP\AppData\Roaming\Composer\vendor\bin;C:\Users\HP\.dotnet\tools;C:\Users\HP\AppData\Local\Android\Sdk\platform-tools;C:\Users\HP\AppData\Roaming\npm;
USERNAME=HP
OS=Windows_NT
PROCESSOR_IDENTIFIER=Intel64 Family 6 Model 154 Stepping 3, GenuineIntel
TMP=C:\Users\HP\AppData\Local\Temp
TEMP=C:\Users\HP\AppData\Local\Temp



---------------  S Y S T E M  ---------------

OS:
 Windows 11 , 64 bit Build 22621 (10.0.22621.2428)
OS uptime: 0 days 0:57 hours
Hyper-V role detected

CPU: total 16 (initial active 16) (8 cores per cpu, 2 threads per core) family 6 model 154 stepping 3 microcode 0x42c, cx8, cmov, fxsr, ht, mmx, 3dnowpref, sse, sse2, sse3, ssse3, sse4.1, sse4.2, popcnt, lzcnt, tsc, tscinvbit, avx, avx2, aes, erms, clmul, bmi1, bmi2, adx, sha, fma, vzeroupper, clflush, clflushopt, clwb, hv
Processor Information for processor 0
  Max Mhz: 1700, Current Mhz: 1700, Mhz Limit: 1700
Processor Information for processor 1
  Max Mhz: 1700, Current Mhz: 1700, Mhz Limit: 1700
Processor Information for processor 2
  Max Mhz: 1700, Current Mhz: 1700, Mhz Limit: 1700
Processor Information for processor 3
  Max Mhz: 1700, Current Mhz: 1700, Mhz Limit: 1700
Processor Information for processor 4
  Max Mhz: 1700, Current Mhz: 1700, Mhz Limit: 1700
Processor Information for processor 5
  Max Mhz: 1700, Current Mhz: 1700, Mhz Limit: 1700
Processor Information for processor 6
  Max Mhz: 1700, Current Mhz: 1700, Mhz Limit: 1700
Processor Information for processor 7
  Max Mhz: 1700, Current Mhz: 1700, Mhz Limit: 1700
Processor Information for processor 8
  Max Mhz: 1700, Current Mhz: 1200, Mhz Limit: 1190
Processor Information for processor 9
  Max Mhz: 1700, Current Mhz: 1200, Mhz Limit: 1190
Processor Information for processor 10
  Max Mhz: 1700, Current Mhz: 1200, Mhz Limit: 1190
Processor Information for processor 11
  Max Mhz: 1700, Current Mhz: 1200, Mhz Limit: 1190
Processor Information for processor 12
  Max Mhz: 1700, Current Mhz: 1200, Mhz Limit: 1190
Processor Information for processor 13
  Max Mhz: 1700, Current Mhz: 1200, Mhz Limit: 1190
Processor Information for processor 14
  Max Mhz: 1700, Current Mhz: 1200, Mhz Limit: 1190
Processor Information for processor 15
  Max Mhz: 1700, Current Mhz: 1200, Mhz Limit: 1190

Memory: 4k page, system-wide physical 7860M (903M free)
TotalPageFile size 11998M (AvailPageFile size 4M)
current process WorkingSet (physical memory assigned to process): 159M, peak: 159M
current process commit charge ("private bytes"): 213M, peak: 241M

vm_info: OpenJDK 64-Bit Server VM (17.0.8.1+1) for windows-amd64 JRE (17.0.8.1+1), built on Aug 23 2023 15:29:17 by "admin" with MS VC++ 16.7 (VS2019)

END.
