#
# A fatal error has been detected by the Java Runtime Environment:
#
#  EXCEPTION_ACCESS_VIOLATION (0xc0000005) at pc=0x00007ffc361d1be1, pid=16516, tid=15700
#
# JRE version:  (17.0.8.1+1) (build )
# Java VM: OpenJDK 64-Bit Server VM (17.0.8.1+1, mixed mode, sharing, tiered, unknown gc, windows-amd64)
# Problematic frame:
# C  [jimage.dll+0x1be1]
#
# No core dump will be written. Minidumps are not enabled by default on client versions of Windows
#
#

---------------  S U M M A R Y ------------

Command Line: 

Host: 12th Gen Intel(R) Core(TM) i5-1240P, 16 cores, 7G,  Windows 11 , 64 bit Build 22621 (10.0.22621.2428)
Time: Fri Nov 10 15:07:34 2023 SE Asia Standard Time elapsed time: 0.012378 seconds (0d 0h 0m 0s)

---------------  T H R E A D  ---------------

Current thread is native thread

Stack: [0x000000ea9c300000,0x000000ea9c400000],  sp=0x000000ea9c3fd540,  free space=1013k
Native frames: (J=compiled Java code, j=interpreted, Vv=VM code, C=native code)
C  [jimage.dll+0x1be1]
C  [jimage.dll+0x1d6f]
C  [jimage.dll+0x264d]
V  [jvm.dll+0x1f2d5a]
V  [jvm.dll+0xb07de]
V  [jvm.dll+0x7e6dfc]
V  [jvm.dll+0x3ee4af]
V  [jvm.dll+0x3f00c1]
C  [jli.dll+0x528b]
C  [ucrtbase.dll+0x29363]
C  [KERNEL32.DLL+0x1257d]
C  [ntdll.dll+0x5aa78]


siginfo: EXCEPTION_ACCESS_VIOLATION (0xc0000005), reading address 0x000000000000bc98


Registers:
RAX=0x0000000000002f1f, RBX=0x000000ea9c3fd631, RCX=0x00007ffc361d6000, RDX=0x0000000000002f1f
RSP=0x000000ea9c3fd540, RBP=0x000000ea9c3fd630, RSI=0x000000000000719f, RDI=0x000000ea9c3fd630
R8 =0x00007ffc361d4288, R9 =0x000000000000001c, R10=0x00007ffbc71a8c00, R11=0x00007ffc361d6000
R12=0x0000000000000002, R13=0x00000284aac98f00, R14=0x000000ea9c3fe6a0, R15=0x00007ffbc71a8c28
RIP=0x00007ffc361d1be1, EFLAGS=0x0000000000010246

Top of Stack: (sp=0x000000ea9c3fd540)
0x000000ea9c3fd540:   00000284aac90150 00000000b80005bd
0x000000ea9c3fd550:   00000284aabf0c28 00000284aac90000
0x000000ea9c3fd560:   00000284aacad750 00007ffc361d1d6f
0x000000ea9c3fd570:   000000000000000b 00000284aacad750
0x000000ea9c3fd580:   0000000000001000 0000000000800001
0x000000ea9c3fd590:   0000000000001010 0000000000000000
0x000000ea9c3fd5a0:   0000000000000101 00000000b80004bc
0x000000ea9c3fd5b0:   00000284aac90000 00007ffc5896cd49
0x000000ea9c3fd5c0:   00000284aac90000 0000028400800003
0x000000ea9c3fd5d0:   0000205fceb8ec68 00000284aac90150
0x000000ea9c3fd5e0:   00007ffbc7187810 0000000000000017
0x000000ea9c3fd5f0:   00000284aacad750 000000ea9c3fe6a0
0x000000ea9c3fd600:   000000000000000b 00007ffc361d264d
0x000000ea9c3fd610:   00000284aac90000 00007ffcb80004bc
0x000000ea9c3fd620:   00000000000006b1 00000284ad0664c0
0x000000ea9c3fd630:   61622e6176616a2f 692f6b646a2f6573 

Instructions: (pc=0x00007ffc361d1be1)
0x00007ffc361d1ae1:   48 85 c9 74 1d 80 3d 23 45 00 00 00 74 06 48 8b
0x00007ffc361d1af1:   53 18 eb 04 48 8b 53 40 e8 ae 0e 00 00 48 83 63
0x00007ffc361d1b01:   48 00 8b 4b 0c 83 f9 ff 74 09 e8 e4 0c 00 00 83
0x00007ffc361d1b11:   4b 0c ff 48 8b 4b 70 48 85 c9 74 0f ba 10 00 00
0x00007ffc361d1b21:   00 e8 fd 0e 00 00 48 83 63 70 00 48 83 c4 20 5b
0x00007ffc361d1b31:   c3 cc cc 40 53 48 83 ec 20 48 8b d9 48 8d 0d dc
0x00007ffc361d1b41:   46 00 00 e8 b3 0c 00 00 83 6b 08 01 75 24 48 8b
0x00007ffc361d1b51:   d3 48 8d 0d bf 44 00 00 e8 22 08 00 00 48 8b cb
0x00007ffc361d1b61:   e8 de fe ff ff ba 78 00 00 00 48 8b cb e8 b1 0e
0x00007ffc361d1b71:   00 00 48 8d 0d a6 46 00 00 48 83 c4 20 5b e9 80
0x00007ffc361d1b81:   0c 00 00 48 89 5c 24 08 48 89 74 24 10 57 48 83
0x00007ffc361d1b91:   ec 20 41 8b f1 4d 8b c8 48 8b fa 4c 8b d9 4d 85
0x00007ffc361d1ba1:   c0 74 78 85 f6 74 74 44 8a 12 48 8d 5a 01 48 8b
0x00007ffc361d1bb1:   d3 b8 93 01 00 01 eb 12 69 c0 93 01 00 01 41 0f
0x00007ffc361d1bc1:   b6 ca 44 8a 12 33 c1 48 ff c2 45 84 d2 75 e9 4d
0x00007ffc361d1bd1:   8b 03 0f ba f0 1f 33 d2 49 8b cb f7 f6 48 63 c2
0x00007ffc361d1be1:   41 8b 14 81 41 ff 50 08 85 c0 7e 24 8a 0f eb 10
0x00007ffc361d1bf1:   69 c0 93 01 00 01 0f b6 c9 33 c1 8a 0b 48 ff c3
0x00007ffc361d1c01:   84 c9 75 ec 0f ba f0 1f 33 d2 f7 f6 8b c2 eb 0e
0x00007ffc361d1c11:   79 09 83 c9 ff 2b c8 8b c1 eb 03 83 c8 ff 48 8b
0x00007ffc361d1c21:   5c 24 30 48 8b 74 24 38 48 83 c4 20 5f c3 cc 48
0x00007ffc361d1c31:   89 5c 24 08 48 89 74 24 10 57 48 83 ec 20 48 8b
0x00007ffc361d1c41:   f1 48 8d 0d d7 45 00 00 e8 ae 0b 00 00 33 ff 39
0x00007ffc361d1c51:   3d c2 43 00 00 76 24 48 8b 05 c1 43 00 00 48 8b
0x00007ffc361d1c61:   d6 48 8b 1c f8 48 8b 0b e8 72 1e 00 00 85 c0 74
0x00007ffc361d1c71:   2b ff c7 3b 3d 9e 43 00 00 72 dc 33 db 48 8d 0d
0x00007ffc361d1c81:   9b 45 00 00 e8 7a 0b 00 00 48 8b 74 24 38 48 8b
0x00007ffc361d1c91:   c3 48 8b 5c 24 30 48 83 c4 20 5f c3 ff 43 08 eb
0x00007ffc361d1ca1:   dc cc cc 48 89 5c 24 08 48 89 74 24 10 57 48 83
0x00007ffc361d1cb1:   ec 20 48 8b d9 48 8b f2 48 8b 49 10 49 8b f8 8b
0x00007ffc361d1cc1:   53 30 48 8b 01 ff 50 20 4c 8b 43 50 48 8b d6 48
0x00007ffc361d1cd1:   8b 4b 10 44 8b c8 e8 a8 fe ff ff 83 f8 ff 74 38 



---------------  P R O C E S S  ---------------

VM state: not at safepoint (not fully initialized)

VM Mutex/Monitor currently owned by a thread: None

GC Precious Log:
<Not initialized>


Dynamic libraries:
0x00007ff771c80000 - 0x00007ff771c8e000 	c:\Users\HP\.vscode\extensions\redhat.java-1.24.0-win32-x64\jre\17.0.8.1-win32-x86_64\bin\java.exe
0x00007ffc58930000 - 0x00007ffc58b47000 	C:\Windows\SYSTEM32\ntdll.dll
0x00007ffc57240000 - 0x00007ffc57304000 	C:\Windows\System32\KERNEL32.DLL
0x00007ffc560a0000 - 0x00007ffc56446000 	C:\Windows\System32\KERNELBASE.dll
0x00007ffc56570000 - 0x00007ffc56681000 	C:\Windows\System32\ucrtbase.dll
0x00007ffc2d410000 - 0x00007ffc2d429000 	c:\Users\HP\.vscode\extensions\redhat.java-1.24.0-win32-x64\jre\17.0.8.1-win32-x86_64\bin\VCRUNTIME140.dll
0x00007ffc35390000 - 0x00007ffc353a7000 	c:\Users\HP\.vscode\extensions\redhat.java-1.24.0-win32-x64\jre\17.0.8.1-win32-x86_64\bin\jli.dll
0x00007ffc56780000 - 0x00007ffc5692d000 	C:\Windows\System32\USER32.dll
0x00007ffc564d0000 - 0x00007ffc564f6000 	C:\Windows\System32\win32u.dll
0x00007ffc2afc0000 - 0x00007ffc2b253000 	C:\Windows\WinSxS\amd64_microsoft.windows.common-controls_6595b64144ccf1df_6.0.22621.2361_none_2712ced57382f843\COMCTL32.dll
0x00007ffc58420000 - 0x00007ffc58449000 	C:\Windows\System32\GDI32.dll
0x00007ffc581c0000 - 0x00007ffc58267000 	C:\Windows\System32\msvcrt.dll
0x00007ffc55ee0000 - 0x00007ffc55ff8000 	C:\Windows\System32\gdi32full.dll
0x00007ffc56000000 - 0x00007ffc5609a000 	C:\Windows\System32\msvcp_win.dll
0x00007ffc56730000 - 0x00007ffc56761000 	C:\Windows\System32\IMM32.DLL
0x00007ffc50c90000 - 0x00007ffc50c9c000 	c:\Users\HP\.vscode\extensions\redhat.java-1.24.0-win32-x64\jre\17.0.8.1-win32-x86_64\bin\vcruntime140_1.dll
0x00007ffc2a070000 - 0x00007ffc2a101000 	c:\Users\HP\.vscode\extensions\redhat.java-1.24.0-win32-x64\jre\17.0.8.1-win32-x86_64\bin\msvcp140.dll
0x00007ffbc6870000 - 0x00007ffbc74bc000 	c:\Users\HP\.vscode\extensions\redhat.java-1.24.0-win32-x64\jre\17.0.8.1-win32-x86_64\bin\server\jvm.dll
0x00007ffc56a80000 - 0x00007ffc56b30000 	C:\Windows\System32\ADVAPI32.dll
0x00007ffc56cf0000 - 0x00007ffc56d96000 	C:\Windows\System32\sechost.dll
0x00007ffc587d0000 - 0x00007ffc588e7000 	C:\Windows\System32\RPCRT4.dll
0x00007ffc559d0000 - 0x00007ffc55a1d000 	C:\Windows\SYSTEM32\POWRPROF.dll
0x00007ffc4cb00000 - 0x00007ffc4cb34000 	C:\Windows\SYSTEM32\WINMM.dll
0x00007ffc2a010000 - 0x00007ffc2a019000 	C:\Windows\SYSTEM32\WSOCK32.dll
0x00007ffc58750000 - 0x00007ffc587c1000 	C:\Windows\System32\WS2_32.dll
0x00007ffc4b6a0000 - 0x00007ffc4b6aa000 	C:\Windows\SYSTEM32\VERSION.dll
0x00007ffc559b0000 - 0x00007ffc559c3000 	C:\Windows\SYSTEM32\UMPDC.dll
0x00007ffc54c50000 - 0x00007ffc54c68000 	C:\Windows\SYSTEM32\kernel.appcore.dll
0x00007ffc361d0000 - 0x00007ffc361da000 	c:\Users\HP\.vscode\extensions\redhat.java-1.24.0-win32-x64\jre\17.0.8.1-win32-x86_64\bin\jimage.dll
0x00007ffc534d0000 - 0x00007ffc536fe000 	C:\Windows\SYSTEM32\DBGHELP.DLL
0x00007ffc56eb0000 - 0x00007ffc5723a000 	C:\Windows\System32\combase.dll
0x00007ffc58670000 - 0x00007ffc58747000 	C:\Windows\System32\OLEAUT32.dll
0x00007ffc2ad70000 - 0x00007ffc2ada2000 	C:\Windows\SYSTEM32\dbgcore.DLL
0x00007ffc56450000 - 0x00007ffc564ca000 	C:\Windows\System32\bcryptPrimitives.dll

dbghelp: loaded successfully - version: 4.0.5 - missing functions: none
symbol engine: initialized successfully - sym options: 0x614 - pdb path: .;c:\Users\HP\.vscode\extensions\redhat.java-1.24.0-win32-x64\jre\17.0.8.1-win32-x86_64\bin;C:\Windows\SYSTEM32;C:\Windows\WinSxS\amd64_microsoft.windows.common-controls_6595b64144ccf1df_6.0.22621.2361_none_2712ced57382f843;c:\Users\HP\.vscode\extensions\redhat.java-1.24.0-win32-x64\jre\17.0.8.1-win32-x86_64\bin\server

VM Arguments:
java_command: <unknown>
java_class_path (initial): <not set>
Launcher Type: SUN_STANDARD

[Global flags]
     bool UseLargePagesIndividualAllocation        = false                                  {pd product} {ergonomic}

Logging:
Log output configuration:
 #0: stdout all=warning uptime,level,tags
 #1: stderr all=off uptime,level,tags

Environment Variables:
PATH=C:\Program Files\Common Files\Oracle\Java\javapath;C:\Program Files\Microsoft\jdk-11.0.16.101-hotspot\bin;C:\Windows\system32;C:\Windows;C:\Windows\System32\Wbem;C:\Windows\System32\WindowsPowerShell\v1.0\;C:\Windows\System32\OpenSSH\;C:\xampp\php;C:\Program Files\Microsoft SQL Server\150\Tools\Binn\;C:\Program Files\Microsoft SQL Server\Client SDK\ODBC\170\Tools\Binn\;C:\composer;C:\Program Files\dotnet\;C:\ProgramData\chocolatey\bin;C:\Program Files\nodejs\;C:\Program Files\Git\cmd;C:\Program Files\Microsoft SQL Server\Client SDK\ODBC\110\Tools\Binn\;C:\Program Files (x86)\Microsoft SQL Server\120\Tools\Binn\;C:\Program Files\Microsoft SQL Server\120\Tools\Binn\;C:\Program Files\Microsoft SQL Server\120\DTS\Binn\;C:\Program Files (x86)\Microsoft SQL Server\120\Tools\Binn\ManagementStudio\;C:\Program Files (x86)\Microsoft SQL Server\120\DTS\Binn\;C:\Users\HP\AppData\Local\Programs\Python\Python311\Scripts\;C:\Users\HP\AppData\Local\Programs\Python\Python311\;C:\Users\HP\AppData\Local\Microsoft\WindowsApps;C:\Users\HP\AppData\Local\Programs\Microsoft VS Code\bin;C:\Users\HP\AppData\Roaming\Composer\vendor\bin;C:\Users\HP\.dotnet\tools;C:\Users\HP\AppData\Local\Android\Sdk\platform-tools;C:\Users\HP\AppData\Roaming\npm;
USERNAME=HP
OS=Windows_NT
PROCESSOR_IDENTIFIER=Intel64 Family 6 Model 154 Stepping 3, GenuineIntel
TMP=C:\Users\HP\AppData\Local\Temp
TEMP=C:\Users\HP\AppData\Local\Temp



---------------  S Y S T E M  ---------------

OS:
 Windows 11 , 64 bit Build 22621 (10.0.22621.2428)
OS uptime: 0 days 0:59 hours

CPU: total 16 (initial active 0) 
Processor Information for processor 0
  Max Mhz: 1700, Current Mhz: 1700, Mhz Limit: 1700
Processor Information for processor 1
  Max Mhz: 1700, Current Mhz: 1700, Mhz Limit: 1700
Processor Information for processor 2
  Max Mhz: 1700, Current Mhz: 1700, Mhz Limit: 1700
Processor Information for processor 3
  Max Mhz: 1700, Current Mhz: 1700, Mhz Limit: 1700
Processor Information for processor 4
  Max Mhz: 1700, Current Mhz: 1700, Mhz Limit: 1700
Processor Information for processor 5
  Max Mhz: 1700, Current Mhz: 1700, Mhz Limit: 1700
Processor Information for processor 6
  Max Mhz: 1700, Current Mhz: 1700, Mhz Limit: 1700
Processor Information for processor 7
  Max Mhz: 1700, Current Mhz: 1700, Mhz Limit: 1700
Processor Information for processor 8
  Max Mhz: 1700, Current Mhz: 1200, Mhz Limit: 1190
Processor Information for processor 9
  Max Mhz: 1700, Current Mhz: 1200, Mhz Limit: 1190
Processor Information for processor 10
  Max Mhz: 1700, Current Mhz: 1200, Mhz Limit: 1190
Processor Information for processor 11
  Max Mhz: 1700, Current Mhz: 1200, Mhz Limit: 1190
Processor Information for processor 12
  Max Mhz: 1700, Current Mhz: 1200, Mhz Limit: 1190
Processor Information for processor 13
  Max Mhz: 1700, Current Mhz: 1200, Mhz Limit: 1190
Processor Information for processor 14
  Max Mhz: 1700, Current Mhz: 1200, Mhz Limit: 1190
Processor Information for processor 15
  Max Mhz: 1700, Current Mhz: 1200, Mhz Limit: 1190

Memory: 4k page, system-wide physical 7860M (601M free)
TotalPageFile size 11998M (AvailPageFile size 3M)
current process WorkingSet (physical memory assigned to process): 8M, peak: 8M
current process commit charge ("private bytes"): 3M, peak: 3M

vm_info: OpenJDK 64-Bit Server VM (17.0.8.1+1) for windows-amd64 JRE (17.0.8.1+1), built on Aug 23 2023 15:29:17 by "admin" with MS VC++ 16.7 (VS2019)

END.
