#
# There is insufficient memory for the Java Runtime Environment to continue.
# Native memory allocation (malloc) failed to allocate 1048576 bytes for AllocateHeap
# Possible reasons:
#   The system is out of physical RAM or swap space
#   The process is running with CompressedOops enabled, and the Java Heap may be blocking the growth of the native heap
# Possible solutions:
#   Reduce memory load on the system
#   Increase physical memory or swap space
#   Check if swap backing store is full
#   Decrease Java heap size (-Xmx/-Xms)
#   Decrease number of Java threads
#   Decrease Java thread stack sizes (-Xss)
#   Set larger code cache with -XX:ReservedCodeCacheSize=
#   JVM is running with Unscaled Compressed Oops mode in which the Java heap is
#     placed in the first 4GB address space. The Java Heap base address is the
#     maximum limit for the native heap growth. Please use -XX:HeapBaseMinAddress
#     to set the Java Heap base and to place the Java Heap above 4GB virtual address.
# This output file may be truncated or incomplete.
#
#  Out of Memory Error (allocation.cpp:44), pid=8980, tid=13948
#
# JRE version: OpenJDK Runtime Environment Temurin-17.0.8.1+1 (17.0.8.1+1) (build 17.0.8.1+1)
# Java VM: OpenJDK 64-Bit Server VM Temurin-17.0.8.1+1 (17.0.8.1+1, mixed mode, emulated-client, tiered, compressed oops, compressed class ptrs, g1 gc, windows-amd64)
# No core dump will be written. Minidumps are not enabled by default on client versions of Windows
#

---------------  S U M M A R Y ------------

Command Line: -XX:+HeapDumpOnOutOfMemoryError -Xmx1024m -Dsts.lsp.client=vscode -Dsts.log.file=/dev/null -XX:TieredStopAtLevel=1 -Xlog:jni+resolve=off -Dspring.config.location=file:c:\Users\HP\.vscode\extensions\vmware.vscode-spring-boot-1.49.0\language-server\BOOT-INF\classes\application.properties org.springframework.ide.vscode.boot.app.BootLanguageServerBootApp

Host: 12th Gen Intel(R) Core(TM) i5-1240P, 16 cores, 7G,  Windows 11 , 64 bit Build 22621 (10.0.22621.2428)
Time: Sat Oct 28 18:36:08 2023 SE Asia Standard Time elapsed time: 5299.553096 seconds (0d 1h 28m 19s)

---------------  T H R E A D  ---------------

Current thread (0x000001ad6a8eabc0):  VMThread "VM Thread" [stack: 0x0000000830600000,0x0000000830700000] [id=13948]

Stack: [0x0000000830600000,0x0000000830700000]
Native frames: (J=compiled Java code, j=interpreted, Vv=VM code, C=native code)
V  [jvm.dll+0x678b0a]
V  [jvm.dll+0x835e84]
V  [jvm.dll+0x83762e]
V  [jvm.dll+0x837c93]
V  [jvm.dll+0x24746f]
V  [jvm.dll+0xa697b]
V  [jvm.dll+0x2f7eb3]
V  [jvm.dll+0x2f3b80]
V  [jvm.dll+0x2dc1c7]
V  [jvm.dll+0x31f227]
V  [jvm.dll+0x83c15b]
V  [jvm.dll+0x83ce94]
V  [jvm.dll+0x83d3ac]
V  [jvm.dll+0x83d784]
V  [jvm.dll+0x83d850]
V  [jvm.dll+0x7e64ca]
V  [jvm.dll+0x677955]
C  [ucrtbase.dll+0x29363]
C  [KERNEL32.DLL+0x1257d]
C  [ntdll.dll+0x5aa78]

VM_Operation (0x00000008326feac0): G1CollectFull, mode: safepoint, requested by thread 0x000001ad70415720


---------------  P R O C E S S  ---------------

Threads class SMR info:
_java_thread_list=0x000001ad6f772890, length=28, elements={
0x000001ad6a900380, 0x000001ad6a901110, 0x000001ad6a91c980, 0x000001ad6a91d710,
0x000001ad6a91dfe0, 0x000001ad6a91e8b0, 0x000001ad6aa467e0, 0x000001ad6aa49100,
0x000001ad6ac60b40, 0x000001ad6ac6c890, 0x000001ad70414ab0, 0x000001ad70415720,
0x000001ad6abb7870, 0x000001ad5f011e00, 0x000001ad6ff64460, 0x000001ad6fbde330,
0x000001ad70060e10, 0x000001ad70061d40, 0x000001ad70061320, 0x000001ad70062250,
0x000001ad6fa487b0, 0x000001ad6fa45000, 0x000001ad6fa440d0, 0x000001ad6fa45f30,
0x000001ad6fa45510, 0x000001ad6fa491d0, 0x000001ad6fa42780, 0x000001ad6fa42c90
}

Java Threads: ( => current thread )
  0x000001ad6a900380 JavaThread "Reference Handler" daemon [_thread_blocked, id=4304, stack(0x0000000830700000,0x0000000830800000)]
  0x000001ad6a901110 JavaThread "Finalizer" daemon [_thread_blocked, id=8976, stack(0x0000000830800000,0x0000000830900000)]
  0x000001ad6a91c980 JavaThread "Signal Dispatcher" daemon [_thread_blocked, id=10016, stack(0x0000000830900000,0x0000000830a00000)]
  0x000001ad6a91d710 JavaThread "Attach Listener" daemon [_thread_blocked, id=5132, stack(0x0000000830a00000,0x0000000830b00000)]
  0x000001ad6a91dfe0 JavaThread "Service Thread" daemon [_thread_blocked, id=18508, stack(0x0000000830b00000,0x0000000830c00000)]
  0x000001ad6a91e8b0 JavaThread "Monitor Deflation Thread" daemon [_thread_blocked, id=19572, stack(0x0000000830c00000,0x0000000830d00000)]
  0x000001ad6aa467e0 JavaThread "C1 CompilerThread0" daemon [_thread_blocked, id=13384, stack(0x0000000830d00000,0x0000000830e00000)]
  0x000001ad6aa49100 JavaThread "Sweeper thread" daemon [_thread_blocked, id=20080, stack(0x0000000830e00000,0x0000000830f00000)]
  0x000001ad6ac60b40 JavaThread "Notification Thread" daemon [_thread_blocked, id=2772, stack(0x0000000831200000,0x0000000831300000)]
  0x000001ad6ac6c890 JavaThread "Common-Cleaner" daemon [_thread_blocked, id=3088, stack(0x0000000831400000,0x0000000831500000)]
  0x000001ad70414ab0 JavaThread "boundedElastic-evictor-1" daemon [_thread_blocked, id=12488, stack(0x0000000832500000,0x0000000832600000)]
  0x000001ad70415720 JavaThread "pool-11-thread-1" [_thread_blocked, id=6532, stack(0x0000000832600000,0x0000000832700000)]
  0x000001ad6abb7870 JavaThread "LanguageServerApp-lifecycle" [_thread_blocked, id=22180, stack(0x0000000832700000,0x0000000832800000)]
  0x000001ad5f011e00 JavaThread "DestroyJavaVM" [_thread_blocked, id=14180, stack(0x0000000830000000,0x0000000830100000)]
  0x000001ad6ff64460 JavaThread "pool-12-thread-1" [_thread_in_native, id=19264, stack(0x0000000832800000,0x0000000832900000)]
  0x000001ad6fbde330 JavaThread "Simple-Language-Server main thread" daemon [_thread_blocked, id=17348, stack(0x0000000832900000,0x0000000832a00000)]
  0x000001ad70060e10 JavaThread "pool-7-thread-1" [_thread_blocked, id=2068, stack(0x0000000832d00000,0x0000000832e00000)]
  0x000001ad70061d40 JavaThread "parallel-1" daemon [_thread_blocked, id=13020, stack(0x0000000832e00000,0x0000000832f00000)]
  0x000001ad70061320 JavaThread "pool-5-thread-1" [_thread_blocked, id=12176, stack(0x0000000832f00000,0x0000000833000000)]
  0x000001ad70062250 JavaThread "parallel-2" daemon [_thread_blocked, id=13016, stack(0x0000000833000000,0x0000000833100000)]
  0x000001ad6fa487b0 JavaThread "parallel-3" daemon [_thread_blocked, id=12180, stack(0x0000000833100000,0x0000000833200000)]
  0x000001ad6fa45000 JavaThread "parallel-4" daemon [_thread_blocked, id=13048, stack(0x0000000833500000,0x0000000833600000)]
  0x000001ad6fa440d0 JavaThread "parallel-5" daemon [_thread_blocked, id=1184, stack(0x0000000833600000,0x0000000833700000)]
  0x000001ad6fa45f30 JavaThread "Reconciler-1" daemon [_thread_blocked, id=2308, stack(0x0000000833700000,0x0000000833800000)]
  0x000001ad6fa45510 JavaThread "parallel-6" daemon [_thread_blocked, id=1816, stack(0x000000082fd00000,0x000000082fe00000)]
  0x000001ad6fa491d0 JavaThread "parallel-7" daemon [_thread_blocked, id=1480, stack(0x000000082fe00000,0x000000082ff00000)]
  0x000001ad6fa42780 JavaThread "parallel-8" daemon [_thread_blocked, id=13892, stack(0x0000000831100000,0x0000000831200000)]
  0x000001ad6fa42c90 JavaThread "parallel-9" daemon [_thread_blocked, id=5064, stack(0x0000000832400000,0x0000000832500000)]

Other Threads:
=>0x000001ad6a8eabc0 VMThread "VM Thread" [stack: 0x0000000830600000,0x0000000830700000] [id=13948]
  0x000001ad6ac61020 WatcherThread [stack: 0x0000000831300000,0x0000000831400000] [id=18920]
  0x000001ad5f0500c0 GCTaskThread "GC Thread#0" [stack: 0x0000000830100000,0x0000000830200000] [id=10468]
  0x000001ad6f8487e0 GCTaskThread "GC Thread#1" [stack: 0x0000000831500000,0x0000000831600000] [id=2848]
  0x000001ad6f8494d0 GCTaskThread "GC Thread#2" [stack: 0x0000000831600000,0x0000000831700000] [id=13916]
  0x000001ad6f876e00 GCTaskThread "GC Thread#3" [stack: 0x0000000831700000,0x0000000831800000] [id=10108]
  0x000001ad6f9d7590 GCTaskThread "GC Thread#4" [stack: 0x0000000831800000,0x0000000831900000] [id=8268]
  0x000001ad6f9db860 GCTaskThread "GC Thread#5" [stack: 0x0000000831900000,0x0000000831a00000] [id=12780]
  0x000001ad6f9dbf30 GCTaskThread "GC Thread#6" [stack: 0x0000000831a00000,0x0000000831b00000] [id=20332]
  0x000001ad6f9dc1f0 GCTaskThread "GC Thread#7" [stack: 0x0000000831b00000,0x0000000831c00000] [id=5680]
  0x000001ad6fd20ab0 GCTaskThread "GC Thread#8" [stack: 0x0000000831d00000,0x0000000831e00000] [id=4324]
  0x000001ad6fdc4eb0 GCTaskThread "GC Thread#9" [stack: 0x0000000831e00000,0x0000000831f00000] [id=4076]
  0x000001ad6fdc5170 GCTaskThread "GC Thread#10" [stack: 0x0000000831f00000,0x0000000832000000] [id=20368]
  0x000001ad6fd28f80 GCTaskThread "GC Thread#11" [stack: 0x0000000832000000,0x0000000832100000] [id=5496]
  0x000001ad70017250 GCTaskThread "GC Thread#12" [stack: 0x0000000831c00000,0x0000000831d00000] [id=19428]
  0x000001ad5f059f30 ConcurrentGCThread "G1 Main Marker" [stack: 0x0000000830200000,0x0000000830300000] [id=20536]
  0x000001ad5f05a850 ConcurrentGCThread "G1 Conc#0" [stack: 0x0000000830300000,0x0000000830400000] [id=3420]
  0x000001ad6fd20440 ConcurrentGCThread "G1 Conc#1" [stack: 0x0000000832100000,0x0000000832200000] [id=8408]
  0x000001ad6fce9920 ConcurrentGCThread "G1 Conc#2" [stack: 0x0000000832200000,0x0000000832300000] [id=7932]
  0x000001ad6a75c110 ConcurrentGCThread "G1 Refine#0" [stack: 0x0000000830400000,0x0000000830500000] [id=4548]
  0x000001ad6a75ca50 ConcurrentGCThread "G1 Service" [stack: 0x0000000830500000,0x0000000830600000] [id=13984]

Threads with active compile tasks:

VM state: at safepoint (normal execution)

VM Mutex/Monitor currently owned by a thread:  ([mutex/lock_event])
[0x000001ad5ce30970] Threads_lock - owner thread: 0x000001ad6a8eabc0
[0x000001ad5f00fb80] Heap_lock - owner thread: 0x000001ad70415720

Heap address: 0x00000000c0000000, size: 1024 MB, Compressed Oops mode: 32-bit

CDS archive(s) not mapped
Compressed class space mapped at: 0x0000000100000000-0x0000000140000000, reserved size: 1073741824
Narrow klass base: 0x0000000000000000, Narrow klass shift: 3, Narrow klass range: 0x140000000

GC Precious Log:
 CPUs: 16 total, 16 available
 Memory: 7860M
 Large Page Support: Disabled
 NUMA Support: Disabled
 Compressed Oops: Enabled (32-bit)
 Heap Region Size: 1M
 Heap Min Capacity: 8M
 Heap Initial Capacity: 124M
 Heap Max Capacity: 1G
 Pre-touch: Disabled
 Parallel Workers: 13
 Concurrent Workers: 3
 Concurrent Refinement Workers: 13
 Periodic GC: Disabled

Heap:
 garbage-first heap   total 74752K, used 29696K [0x00000000c0000000, 0x0000000100000000)
  region size 1024K, 1 young (1024K), 0 survivors (0K)
 Metaspace       used 55408K, committed 55872K, reserved 1114112K
  class space    used 7060K, committed 7296K, reserved 1048576K

Heap Regions: E=young(eden), S=young(survivor), O=old, HS=humongous(starts), HC=humongous(continues), CS=collection set, F=free, OA=open archive, CA=closed archive, TAMS=top-at-mark-start (previous, next)
|   0|0x00000000c0000000, 0x00000000c00fffc8, 0x00000000c0100000| 99%| O|  |TAMS 0x00000000c00fffc8, 0x00000000c0000000| Untracked 
|   1|0x00000000c0100000, 0x00000000c0200000, 0x00000000c0200000|100%| O|  |TAMS 0x00000000c0200000, 0x00000000c0100000| Untracked 
|   2|0x00000000c0200000, 0x00000000c0300000, 0x00000000c0300000|100%| O|  |TAMS 0x00000000c0300000, 0x00000000c0200000| Untracked 
|   3|0x00000000c0300000, 0x00000000c03ffff0, 0x00000000c0400000| 99%| O|  |TAMS 0x00000000c03ffff0, 0x00000000c0300000| Untracked 
|   4|0x00000000c0400000, 0x00000000c04ffff0, 0x00000000c0500000| 99%| O|  |TAMS 0x00000000c04ffff0, 0x00000000c0400000| Untracked 
|   5|0x00000000c0500000, 0x00000000c0600000, 0x00000000c0600000|100%| O|  |TAMS 0x00000000c0600000, 0x00000000c0500000| Untracked 
|   6|0x00000000c0600000, 0x00000000c06fffe0, 0x00000000c0700000| 99%| O|  |TAMS 0x00000000c06fffe0, 0x00000000c0600000| Untracked 
|   7|0x00000000c0700000, 0x00000000c0800000, 0x00000000c0800000|100%| O|  |TAMS 0x00000000c0800000, 0x00000000c0700000| Untracked 
|   8|0x00000000c0800000, 0x00000000c0900000, 0x00000000c0900000|100%| O|  |TAMS 0x00000000c0900000, 0x00000000c0800000| Untracked 
|   9|0x00000000c0900000, 0x00000000c09ffe88, 0x00000000c0a00000| 99%| O|  |TAMS 0x00000000c09ffe88, 0x00000000c0900000| Untracked 
|  10|0x00000000c0a00000, 0x00000000c0affff0, 0x00000000c0b00000| 99%| O|  |TAMS 0x00000000c0affff0, 0x00000000c0a00000| Untracked 
|  11|0x00000000c0b00000, 0x00000000c0bffc18, 0x00000000c0c00000| 99%| O|  |TAMS 0x00000000c0bffc18, 0x00000000c0b00000| Untracked 
|  12|0x00000000c0c00000, 0x00000000c0cfffc0, 0x00000000c0d00000| 99%| O|  |TAMS 0x00000000c0cfffc0, 0x00000000c0c00000| Untracked 
|  13|0x00000000c0d00000, 0x00000000c0dfffc0, 0x00000000c0e00000| 99%| O|  |TAMS 0x00000000c0dfffc0, 0x00000000c0d00000| Untracked 
|  14|0x00000000c0e00000, 0x00000000c0efe878, 0x00000000c0f00000| 99%| O|  |TAMS 0x00000000c0efe878, 0x00000000c0e00000| Untracked 
|  15|0x00000000c0f00000, 0x00000000c0ffffb8, 0x00000000c1000000| 99%| O|  |TAMS 0x00000000c0ffffb8, 0x00000000c0f00000| Untracked 
|  16|0x00000000c1000000, 0x00000000c10f7650, 0x00000000c1100000| 96%| O|  |TAMS 0x00000000c10f7650, 0x00000000c1000000| Untracked 
|  17|0x00000000c1100000, 0x00000000c11ff030, 0x00000000c1200000| 99%| O|  |TAMS 0x00000000c11ff030, 0x00000000c1100000| Untracked 
|  18|0x00000000c1200000, 0x00000000c12fffc8, 0x00000000c1300000| 99%| O|  |TAMS 0x00000000c12fffc8, 0x00000000c1200000| Untracked 
|  19|0x00000000c1300000, 0x00000000c13ffff8, 0x00000000c1400000| 99%| O|  |TAMS 0x00000000c13ffff8, 0x00000000c1300000| Untracked 
|  20|0x00000000c1400000, 0x00000000c14fffa8, 0x00000000c1500000| 99%| O|  |TAMS 0x00000000c14fffa8, 0x00000000c1400000| Untracked 
|  21|0x00000000c1500000, 0x00000000c1600000, 0x00000000c1600000|100%| O|  |TAMS 0x00000000c1600000, 0x00000000c1500000| Untracked 
|  22|0x00000000c1600000, 0x00000000c16ffff8, 0x00000000c1700000| 99%| O|  |TAMS 0x00000000c16ffff8, 0x00000000c1600000| Untracked 
|  23|0x00000000c1700000, 0x00000000c17f9b58, 0x00000000c1800000| 97%| O|  |TAMS 0x00000000c17f9b58, 0x00000000c1700000| Untracked 
|  24|0x00000000c1800000, 0x00000000c1900000, 0x00000000c1900000|100%|HS|  |TAMS 0x00000000c1900000, 0x00000000c1800000| Untracked 
|  25|0x00000000c1900000, 0x00000000c19feba0, 0x00000000c1a00000| 99%| O|  |TAMS 0x00000000c19feba0, 0x00000000c1900000| Untracked 
|  26|0x00000000c1a00000, 0x00000000c1afffe8, 0x00000000c1b00000| 99%| O|  |TAMS 0x00000000c1afffe8, 0x00000000c1a00000| Untracked 
|  27|0x00000000c1b00000, 0x00000000c1bfffe8, 0x00000000c1c00000| 99%| O|  |TAMS 0x00000000c1bfffe8, 0x00000000c1b00000| Untracked 
|  28|0x00000000c1c00000, 0x00000000c1c13228, 0x00000000c1d00000|  7%| O|  |TAMS 0x00000000c1c00000, 0x00000000c1c00000| Untracked 
|  29|0x00000000c1d00000, 0x00000000c1d00000, 0x00000000c1e00000|  0%| F|  |TAMS 0x00000000c1d00000, 0x00000000c1d00000| Untracked 
|  30|0x00000000c1e00000, 0x00000000c1f00000, 0x00000000c1f00000|100%| O|  |TAMS 0x00000000c1f00000, 0x00000000c1e00000| Untracked 
|  31|0x00000000c1f00000, 0x00000000c1f00000, 0x00000000c2000000|  0%| F|  |TAMS 0x00000000c1f00000, 0x00000000c1f00000| Untracked 
|  32|0x00000000c2000000, 0x00000000c2000000, 0x00000000c2100000|  0%| F|  |TAMS 0x00000000c2000000, 0x00000000c2000000| Untracked 
|  33|0x00000000c2100000, 0x00000000c2100000, 0x00000000c2200000|  0%| F|  |TAMS 0x00000000c2100000, 0x00000000c2100000| Untracked 
|  34|0x00000000c2200000, 0x00000000c2200000, 0x00000000c2300000|  0%| F|  |TAMS 0x00000000c2200000, 0x00000000c2200000| Untracked 
|  35|0x00000000c2300000, 0x00000000c2300000, 0x00000000c2400000|  0%| F|  |TAMS 0x00000000c2300000, 0x00000000c2300000| Untracked 
|  36|0x00000000c2400000, 0x00000000c2400000, 0x00000000c2500000|  0%| F|  |TAMS 0x00000000c2400000, 0x00000000c2400000| Untracked 
|  37|0x00000000c2500000, 0x00000000c2500000, 0x00000000c2600000|  0%| F|  |TAMS 0x00000000c2500000, 0x00000000c2500000| Untracked 
|  38|0x00000000c2600000, 0x00000000c2600000, 0x00000000c2700000|  0%| F|  |TAMS 0x00000000c2600000, 0x00000000c2600000| Untracked 
|  39|0x00000000c2700000, 0x00000000c2700000, 0x00000000c2800000|  0%| F|  |TAMS 0x00000000c2700000, 0x00000000c2700000| Untracked 
|  40|0x00000000c2800000, 0x00000000c2800000, 0x00000000c2900000|  0%| F|  |TAMS 0x00000000c2800000, 0x00000000c2800000| Untracked 
|  41|0x00000000c2900000, 0x00000000c2900000, 0x00000000c2a00000|  0%| F|  |TAMS 0x00000000c2900000, 0x00000000c2900000| Untracked 
|  42|0x00000000c2a00000, 0x00000000c2a00000, 0x00000000c2b00000|  0%| F|  |TAMS 0x00000000c2a00000, 0x00000000c2a00000| Untracked 
|  43|0x00000000c2b00000, 0x00000000c2b00000, 0x00000000c2c00000|  0%| F|  |TAMS 0x00000000c2b00000, 0x00000000c2b00000| Untracked 
|  44|0x00000000c2c00000, 0x00000000c2c00000, 0x00000000c2d00000|  0%| F|  |TAMS 0x00000000c2c00000, 0x00000000c2c00000| Untracked 
|  45|0x00000000c2d00000, 0x00000000c2d00000, 0x00000000c2e00000|  0%| F|  |TAMS 0x00000000c2d00000, 0x00000000c2d00000| Untracked 
|  46|0x00000000c2e00000, 0x00000000c2e00000, 0x00000000c2f00000|  0%| F|  |TAMS 0x00000000c2e00000, 0x00000000c2e00000| Untracked 
|  47|0x00000000c2f00000, 0x00000000c2f00000, 0x00000000c3000000|  0%| F|  |TAMS 0x00000000c2f00000, 0x00000000c2f00000| Untracked 
|  48|0x00000000c3000000, 0x00000000c3000000, 0x00000000c3100000|  0%| F|  |TAMS 0x00000000c3000000, 0x00000000c3000000| Untracked 
|  49|0x00000000c3100000, 0x00000000c3100000, 0x00000000c3200000|  0%| F|  |TAMS 0x00000000c3100000, 0x00000000c3100000| Untracked 
|  50|0x00000000c3200000, 0x00000000c3200000, 0x00000000c3300000|  0%| F|  |TAMS 0x00000000c3200000, 0x00000000c3200000| Untracked 
|  51|0x00000000c3300000, 0x00000000c3300000, 0x00000000c3400000|  0%| F|  |TAMS 0x00000000c3300000, 0x00000000c3300000| Untracked 
|  52|0x00000000c3400000, 0x00000000c3400000, 0x00000000c3500000|  0%| F|  |TAMS 0x00000000c3400000, 0x00000000c3400000| Untracked 
|  53|0x00000000c3500000, 0x00000000c3500000, 0x00000000c3600000|  0%| F|  |TAMS 0x00000000c3500000, 0x00000000c3500000| Untracked 
|  54|0x00000000c3600000, 0x00000000c3600000, 0x00000000c3700000|  0%| F|  |TAMS 0x00000000c3600000, 0x00000000c3600000| Untracked 
|  55|0x00000000c3700000, 0x00000000c3700000, 0x00000000c3800000|  0%| F|  |TAMS 0x00000000c3700000, 0x00000000c3700000| Untracked 
|  56|0x00000000c3800000, 0x00000000c3800000, 0x00000000c3900000|  0%| F|  |TAMS 0x00000000c3800000, 0x00000000c3800000| Untracked 
|  57|0x00000000c3900000, 0x00000000c3900000, 0x00000000c3a00000|  0%| F|  |TAMS 0x00000000c3900000, 0x00000000c3900000| Untracked 
|  58|0x00000000c3a00000, 0x00000000c3a00000, 0x00000000c3b00000|  0%| F|  |TAMS 0x00000000c3a00000, 0x00000000c3a00000| Untracked 
|  59|0x00000000c3b00000, 0x00000000c3b00000, 0x00000000c3c00000|  0%| F|  |TAMS 0x00000000c3b00000, 0x00000000c3b00000| Untracked 
|  60|0x00000000c3c00000, 0x00000000c3c00000, 0x00000000c3d00000|  0%| F|  |TAMS 0x00000000c3c00000, 0x00000000c3c00000| Untracked 
|  61|0x00000000c3d00000, 0x00000000c3d00000, 0x00000000c3e00000|  0%| F|  |TAMS 0x00000000c3d00000, 0x00000000c3d00000| Untracked 
|  62|0x00000000c3e00000, 0x00000000c3e00000, 0x00000000c3f00000|  0%| F|  |TAMS 0x00000000c3e00000, 0x00000000c3e00000| Untracked 
|  63|0x00000000c3f00000, 0x00000000c3f00000, 0x00000000c4000000|  0%| F|  |TAMS 0x00000000c3f00000, 0x00000000c3f00000| Untracked 
|  64|0x00000000c4000000, 0x00000000c4000000, 0x00000000c4100000|  0%| F|  |TAMS 0x00000000c4000000, 0x00000000c4000000| Untracked 
|  65|0x00000000c4100000, 0x00000000c4100000, 0x00000000c4200000|  0%| F|  |TAMS 0x00000000c4100000, 0x00000000c4100000| Untracked 
|  90|0x00000000c5a00000, 0x00000000c5a00000, 0x00000000c5b00000|  0%| F|  |TAMS 0x00000000c5a00000, 0x00000000c5a00000| Untracked 
|  91|0x00000000c5b00000, 0x00000000c5b00000, 0x00000000c5c00000|  0%| F|  |TAMS 0x00000000c5b00000, 0x00000000c5b00000| Untracked 
|  92|0x00000000c5c00000, 0x00000000c5c00000, 0x00000000c5d00000|  0%| F|  |TAMS 0x00000000c5c00000, 0x00000000c5c00000| Untracked 
|  97|0x00000000c6100000, 0x00000000c6100000, 0x00000000c6200000|  0%| F|  |TAMS 0x00000000c6100000, 0x00000000c6100000| Untracked 
|  98|0x00000000c6200000, 0x00000000c6200000, 0x00000000c6300000|  0%| F|  |TAMS 0x00000000c6200000, 0x00000000c6200000| Untracked 
| 122|0x00000000c7a00000, 0x00000000c7a00000, 0x00000000c7b00000|  0%| F|  |TAMS 0x00000000c7a00000, 0x00000000c7a00000| Untracked 
| 123|0x00000000c7b00000, 0x00000000c7b06240, 0x00000000c7c00000|  2%| E|  |TAMS 0x00000000c7b00000, 0x00000000c7b00000| Complete 

Card table byte_map: [0x000001ad654e0000,0x000001ad656e0000] _byte_map_base: 0x000001ad64ee0000

Marking Bits (Prev, Next): (CMBitMap*) 0x000001ad5f051640, (CMBitMap*) 0x000001ad5f051600
 Prev Bits: [0x000001ad668e0000, 0x000001ad678e0000)
 Next Bits: [0x000001ad658e0000, 0x000001ad668e0000)

Polling page: 0x000001ad5e7c0000

Metaspace:

Usage:
  Non-class:     47.21 MB used.
      Class:      6.89 MB used.
       Both:     54.11 MB used.

Virtual space:
  Non-class space:       64.00 MB reserved,      47.44 MB ( 74%) committed,  1 nodes.
      Class space:        1.00 GB reserved,       7.12 MB ( <1%) committed,  1 nodes.
             Both:        1.06 GB reserved,      54.56 MB (  5%) committed. 

Chunk freelists:
   Non-Class:  15.78 MB
       Class:  8.93 MB
        Both:  24.71 MB

MaxMetaspaceSize: unlimited
CompressedClassSpaceSize: 1.00 GB
Initial GC threshold: 21.00 MB
Current GC threshold: 90.94 MB
CDS: off
MetaspaceReclaimPolicy: balanced
 - commit_granule_bytes: 65536.
 - commit_granule_words: 8192.
 - virtual_space_node_default_size: 8388608.
 - enlarge_chunks_in_place: 1.
 - new_chunks_are_fully_committed: 0.
 - uncommit_free_chunks: 1.
 - use_allocation_guard: 0.
 - handle_deallocations: 1.


Internal statistics:

num_allocs_failed_limit: 8.
num_arena_births: 664.
num_arena_deaths: 242.
num_vsnodes_births: 2.
num_vsnodes_deaths: 0.
num_space_committed: 873.
num_space_uncommitted: 0.
num_chunks_returned_to_freelist: 294.
num_chunks_taken_from_freelist: 2462.
num_chunk_merges: 95.
num_chunk_splits: 1612.
num_chunks_enlarged: 1216.
num_inconsistent_stats: 0.

CodeCache: size=49152Kb used=12765Kb max_used=13628Kb free=36386Kb
 bounds [0x000001ad61c80000, 0x000001ad62a30000, 0x000001ad64c80000]
 total_blobs=7502 nmethods=6848 adapters=580
 compilation: enabled
              stopped_count=0, restarted_count=0
 full_count=0

Compilation events (20 events):
Event: 2961.551 Thread 0x000001ad6aa467e0 nmethod 6838 0x000001ad62926890 code [0x000001ad62926a20, 0x000001ad62926b08]
Event: 2961.551 Thread 0x000001ad6aa467e0 6839       1       java.lang.ProcessImpl$2::run (242 bytes)
Event: 2961.552 Thread 0x000001ad6ab3b760 nmethod 6830 0x000001ad62924110 code [0x000001ad62924560, 0x000001ad62925918]
Event: 2961.552 Thread 0x000001ad6aa467e0 nmethod 6839 0x000001ad62922a90 code [0x000001ad62922d40, 0x000001ad62923ad8]
Event: 2961.552 Thread 0x000001ad6ab3b760 6840       1       java.lang.ProcessImpl::waitFor (136 bytes)
Event: 2961.552 Thread 0x000001ad6aa467e0 6831       1       java.lang.Process::<init> (5 bytes)
Event: 2961.553 Thread 0x000001ad6aa467e0 nmethod 6831 0x000001ad62922790 code [0x000001ad62922920, 0x000001ad629229d8]
Event: 2961.554 Thread 0x000001ad6ab3b760 nmethod 6840 0x000001ad62921f10 code [0x000001ad62922120, 0x000001ad62922538]
Event: 2961.684 Thread 0x000001ad6aa467e0 6842   !   1       java.io.FilterOutputStream::close (183 bytes)
Event: 2961.685 Thread 0x000001ad6ab3b760 6843   !   1       java.io.FileOutputStream::close (69 bytes)
Event: 2961.741 Thread 0x000001ad6ab3b760 nmethod 6843 0x000001ad62921090 code [0x000001ad62921260, 0x000001ad629215d8]
Event: 2961.741 Thread 0x000001ad6ab3b760 6847       1       java.lang.ProcessImpl$$Lambda$1005/0x00000001006f0b38::run (8 bytes)
Event: 2961.741 Thread 0x000001ad6ab3b760 nmethod 6847 0x000001ad62920d90 code [0x000001ad62920f20, 0x000001ad62921008]
Event: 2961.741 Thread 0x000001ad6ab3b760 6848       1       java.lang.ProcessImpl::lambda$new$0 (6 bytes)
Event: 2961.741 Thread 0x000001ad6ab3b760 nmethod 6848 0x000001ad62920a90 code [0x000001ad62920c20, 0x000001ad62920ce8]
Event: 2961.741 Thread 0x000001ad6ab3b760 6844       1       java.io.FileOutputStream$1::<init> (10 bytes)
Event: 2961.741 Thread 0x000001ad6aa467e0 nmethod 6842 0x000001ad62920110 code [0x000001ad62920320, 0x000001ad629207f8]
Event: 2961.741 Thread 0x000001ad6aa467e0 6845       1       java.io.FileOutputStream$1::close (11 bytes)
Event: 2961.742 Thread 0x000001ad6ab3b760 nmethod 6844 0x000001ad6291fe10 code [0x000001ad6291ffa0, 0x000001ad629200b8]
Event: 2961.742 Thread 0x000001ad6aa467e0 nmethod 6845 0x000001ad6291f790 code [0x000001ad6291f940, 0x000001ad6291fc58]

GC Heap History (20 events):
Event: 5197.175 GC heap before
{Heap before GC invocations=494 (full 474):
 garbage-first heap   total 74752K, used 29696K [0x00000000c0000000, 0x0000000100000000)
  region size 1024K, 1 young (1024K), 0 survivors (0K)
 Metaspace       used 55408K, committed 55872K, reserved 1114112K
  class space    used 7060K, committed 7296K, reserved 1048576K
}
Event: 5197.225 GC heap after
{Heap after GC invocations=495 (full 475):
 garbage-first heap   total 74752K, used 29696K [0x00000000c0000000, 0x0000000100000000)
  region size 1024K, 0 young (0K), 0 survivors (0K)
 Metaspace       used 55408K, committed 55872K, reserved 1114112K
  class space    used 7060K, committed 7296K, reserved 1048576K
}
Event: 5207.426 GC heap before
{Heap before GC invocations=495 (full 475):
 garbage-first heap   total 74752K, used 29696K [0x00000000c0000000, 0x0000000100000000)
  region size 1024K, 1 young (1024K), 0 survivors (0K)
 Metaspace       used 55408K, committed 55872K, reserved 1114112K
  class space    used 7060K, committed 7296K, reserved 1048576K
}
Event: 5207.475 GC heap after
{Heap after GC invocations=496 (full 476):
 garbage-first heap   total 74752K, used 29696K [0x00000000c0000000, 0x0000000100000000)
  region size 1024K, 0 young (0K), 0 survivors (0K)
 Metaspace       used 55408K, committed 55872K, reserved 1114112K
  class space    used 7060K, committed 7296K, reserved 1048576K
}
Event: 5217.650 GC heap before
{Heap before GC invocations=496 (full 476):
 garbage-first heap   total 74752K, used 29696K [0x00000000c0000000, 0x0000000100000000)
  region size 1024K, 1 young (1024K), 0 survivors (0K)
 Metaspace       used 55408K, committed 55872K, reserved 1114112K
  class space    used 7060K, committed 7296K, reserved 1048576K
}
Event: 5217.698 GC heap after
{Heap after GC invocations=497 (full 477):
 garbage-first heap   total 74752K, used 29696K [0x00000000c0000000, 0x0000000100000000)
  region size 1024K, 0 young (0K), 0 survivors (0K)
 Metaspace       used 55408K, committed 55872K, reserved 1114112K
  class space    used 7060K, committed 7296K, reserved 1048576K
}
Event: 5227.861 GC heap before
{Heap before GC invocations=497 (full 477):
 garbage-first heap   total 74752K, used 29696K [0x00000000c0000000, 0x0000000100000000)
  region size 1024K, 1 young (1024K), 0 survivors (0K)
 Metaspace       used 55408K, committed 55872K, reserved 1114112K
  class space    used 7060K, committed 7296K, reserved 1048576K
}
Event: 5227.907 GC heap after
{Heap after GC invocations=498 (full 478):
 garbage-first heap   total 74752K, used 29696K [0x00000000c0000000, 0x0000000100000000)
  region size 1024K, 0 young (0K), 0 survivors (0K)
 Metaspace       used 55408K, committed 55872K, reserved 1114112K
  class space    used 7060K, committed 7296K, reserved 1048576K
}
Event: 5238.088 GC heap before
{Heap before GC invocations=498 (full 478):
 garbage-first heap   total 74752K, used 29696K [0x00000000c0000000, 0x0000000100000000)
  region size 1024K, 1 young (1024K), 0 survivors (0K)
 Metaspace       used 55408K, committed 55872K, reserved 1114112K
  class space    used 7060K, committed 7296K, reserved 1048576K
}
Event: 5238.133 GC heap after
{Heap after GC invocations=499 (full 479):
 garbage-first heap   total 74752K, used 29696K [0x00000000c0000000, 0x0000000100000000)
  region size 1024K, 0 young (0K), 0 survivors (0K)
 Metaspace       used 55408K, committed 55872K, reserved 1114112K
  class space    used 7060K, committed 7296K, reserved 1048576K
}
Event: 5248.302 GC heap before
{Heap before GC invocations=499 (full 479):
 garbage-first heap   total 74752K, used 29696K [0x00000000c0000000, 0x0000000100000000)
  region size 1024K, 1 young (1024K), 0 survivors (0K)
 Metaspace       used 55408K, committed 55872K, reserved 1114112K
  class space    used 7060K, committed 7296K, reserved 1048576K
}
Event: 5248.342 GC heap after
{Heap after GC invocations=500 (full 480):
 garbage-first heap   total 74752K, used 29696K [0x00000000c0000000, 0x0000000100000000)
  region size 1024K, 0 young (0K), 0 survivors (0K)
 Metaspace       used 55408K, committed 55872K, reserved 1114112K
  class space    used 7060K, committed 7296K, reserved 1048576K
}
Event: 5258.576 GC heap before
{Heap before GC invocations=500 (full 480):
 garbage-first heap   total 74752K, used 29696K [0x00000000c0000000, 0x0000000100000000)
  region size 1024K, 1 young (1024K), 0 survivors (0K)
 Metaspace       used 55408K, committed 55872K, reserved 1114112K
  class space    used 7060K, committed 7296K, reserved 1048576K
}
Event: 5258.613 GC heap after
{Heap after GC invocations=501 (full 481):
 garbage-first heap   total 74752K, used 29696K [0x00000000c0000000, 0x0000000100000000)
  region size 1024K, 0 young (0K), 0 survivors (0K)
 Metaspace       used 55408K, committed 55872K, reserved 1114112K
  class space    used 7060K, committed 7296K, reserved 1048576K
}
Event: 5268.822 GC heap before
{Heap before GC invocations=501 (full 481):
 garbage-first heap   total 74752K, used 29696K [0x00000000c0000000, 0x0000000100000000)
  region size 1024K, 1 young (1024K), 0 survivors (0K)
 Metaspace       used 55408K, committed 55872K, reserved 1114112K
  class space    used 7060K, committed 7296K, reserved 1048576K
}
Event: 5268.850 GC heap after
{Heap after GC invocations=502 (full 482):
 garbage-first heap   total 74752K, used 29696K [0x00000000c0000000, 0x0000000100000000)
  region size 1024K, 0 young (0K), 0 survivors (0K)
 Metaspace       used 55408K, committed 55872K, reserved 1114112K
  class space    used 7060K, committed 7296K, reserved 1048576K
}
Event: 5279.062 GC heap before
{Heap before GC invocations=502 (full 482):
 garbage-first heap   total 74752K, used 29696K [0x00000000c0000000, 0x0000000100000000)
  region size 1024K, 1 young (1024K), 0 survivors (0K)
 Metaspace       used 55408K, committed 55872K, reserved 1114112K
  class space    used 7060K, committed 7296K, reserved 1048576K
}
Event: 5279.103 GC heap after
{Heap after GC invocations=503 (full 483):
 garbage-first heap   total 74752K, used 29696K [0x00000000c0000000, 0x0000000100000000)
  region size 1024K, 0 young (0K), 0 survivors (0K)
 Metaspace       used 55408K, committed 55872K, reserved 1114112K
  class space    used 7060K, committed 7296K, reserved 1048576K
}
Event: 5289.291 GC heap before
{Heap before GC invocations=503 (full 483):
 garbage-first heap   total 74752K, used 29696K [0x00000000c0000000, 0x0000000100000000)
  region size 1024K, 1 young (1024K), 0 survivors (0K)
 Metaspace       used 55408K, committed 55872K, reserved 1114112K
  class space    used 7060K, committed 7296K, reserved 1048576K
}
Event: 5289.340 GC heap after
{Heap after GC invocations=504 (full 484):
 garbage-first heap   total 74752K, used 29696K [0x00000000c0000000, 0x0000000100000000)
  region size 1024K, 0 young (0K), 0 survivors (0K)
 Metaspace       used 55408K, committed 55872K, reserved 1114112K
  class space    used 7060K, committed 7296K, reserved 1048576K
}

Dll operation events (9 events):
Event: 0.010 Loaded shared library c:\Users\HP\.vscode\extensions\redhat.java-1.24.0-win32-x64\jre\17.0.8.1-win32-x86_64\bin\java.dll
Event: 0.236 Loaded shared library C:\Users\HP\.vscode\extensions\redhat.java-1.24.0-win32-x64\jre\17.0.8.1-win32-x86_64\bin\net.dll
Event: 0.238 Loaded shared library C:\Users\HP\.vscode\extensions\redhat.java-1.24.0-win32-x64\jre\17.0.8.1-win32-x86_64\bin\nio.dll
Event: 0.899 Loaded shared library C:\Users\HP\.vscode\extensions\redhat.java-1.24.0-win32-x64\jre\17.0.8.1-win32-x86_64\bin\zip.dll
Event: 8.792 Loaded shared library C:\Users\HP\.vscode\extensions\redhat.java-1.24.0-win32-x64\jre\17.0.8.1-win32-x86_64\bin\jimage.dll
Event: 14.685 Loaded shared library c:\Users\HP\.vscode\extensions\redhat.java-1.24.0-win32-x64\jre\17.0.8.1-win32-x86_64\bin\verify.dll
Event: 15.952 Loaded shared library C:\Users\HP\.vscode\extensions\redhat.java-1.24.0-win32-x64\jre\17.0.8.1-win32-x86_64\bin\management.dll
Event: 15.971 Loaded shared library C:\Users\HP\.vscode\extensions\redhat.java-1.24.0-win32-x64\jre\17.0.8.1-win32-x86_64\bin\management_ext.dll
Event: 17.229 Loaded shared library C:\Users\HP\.vscode\extensions\redhat.java-1.24.0-win32-x64\jre\17.0.8.1-win32-x86_64\bin\sunmscapi.dll

Deoptimization events (20 events):
Event: 16.253 Thread 0x000001ad6fbde330 DEOPT PACKING pc=0x000001ad625b2435 sp=0x00000008329fe3a0
Event: 16.253 Thread 0x000001ad6fbde330 DEOPT UNPACKING pc=0x000001ad61cd7143 sp=0x00000008329fd8c8 mode 3
Event: 16.261 Thread 0x000001ad6ff64460 DEOPT PACKING pc=0x000001ad6221e481 sp=0x00000008328fd910
Event: 16.261 Thread 0x000001ad6ff64460 DEOPT UNPACKING pc=0x000001ad61cd7143 sp=0x00000008328fcda0 mode 3
Event: 16.282 Thread 0x000001ad6fbde330 DEOPT PACKING pc=0x000001ad6221df97 sp=0x00000008329ff3d0
Event: 16.282 Thread 0x000001ad6fbde330 DEOPT UNPACKING pc=0x000001ad61cd7143 sp=0x00000008329fe828 mode 3
Event: 17.015 Thread 0x000001ad6fa47d90 DEOPT PACKING pc=0x000001ad61efbf0c sp=0x00000008339fe9a0
Event: 17.015 Thread 0x000001ad6fa47d90 DEOPT UNPACKING pc=0x000001ad61cd7143 sp=0x00000008339fde68 mode 0
Event: 17.056 Thread 0x000001ad6fa46950 DEOPT PACKING pc=0x000001ad626fb66e sp=0x00000008332fda10
Event: 17.056 Thread 0x000001ad6fa46950 DEOPT UNPACKING pc=0x000001ad61cd7143 sp=0x00000008332fcf08 mode 3
Event: 191.516 Thread 0x000001ad6ff64460 DEOPT PACKING pc=0x000001ad6230c854 sp=0x00000008328fec20
Event: 191.518 Thread 0x000001ad6ff64460 DEOPT UNPACKING pc=0x000001ad61cd7143 sp=0x00000008328fe0c8 mode 0
Event: 193.195 Thread 0x000001ad6fa47d90 DEOPT PACKING pc=0x000001ad6206164f sp=0x00000008339fd8f0
Event: 193.195 Thread 0x000001ad6fa47d90 DEOPT UNPACKING pc=0x000001ad61cd7143 sp=0x00000008339fcde0 mode 3
Event: 315.069 Thread 0x000001ad6fa46950 DEOPT PACKING pc=0x000001ad61f71236 sp=0x0000000830ffcd90
Event: 315.069 Thread 0x000001ad6fa46950 DEOPT UNPACKING pc=0x000001ad61cd7143 sp=0x0000000830ffc288 mode 3
Event: 808.223 Thread 0x000001ad6fa46950 DEOPT PACKING pc=0x000001ad61e985a0 sp=0x000000082fffd990
Event: 808.223 Thread 0x000001ad6fa46950 DEOPT UNPACKING pc=0x000001ad61cd7143 sp=0x000000082fffce10 mode 3
Event: 2140.089 Thread 0x000001ad6fa46950 DEOPT PACKING pc=0x000001ad6298a166 sp=0x00000008323fe6c0
Event: 2140.090 Thread 0x000001ad6fa46950 DEOPT UNPACKING pc=0x000001ad61cd7143 sp=0x00000008323fdb80 mode 3

Classes unloaded (20 events):
Event: 229.893 Thread 0x000001ad6a8eabc0 Unloading class 0x0000000100211800 'java/lang/invoke/LambdaForm$MH+0x0000000100211800'
Event: 229.893 Thread 0x000001ad6a8eabc0 Unloading class 0x0000000100320400 'java/lang/invoke/LambdaForm$MH+0x0000000100320400'
Event: 229.893 Thread 0x000001ad6a8eabc0 Unloading class 0x0000000100399400 'java/lang/invoke/LambdaForm$MH+0x0000000100399400'
Event: 250.488 Thread 0x000001ad6a8eabc0 Unloading class 0x0000000100089400 'java/lang/invoke/LambdaForm$MH+0x0000000100089400'
Event: 250.488 Thread 0x000001ad6a8eabc0 Unloading class 0x0000000100089c00 'java/lang/invoke/LambdaForm$MH+0x0000000100089c00'
Event: 250.488 Thread 0x000001ad6a8eabc0 Unloading class 0x0000000100092000 'java/lang/invoke/LambdaForm$MH+0x0000000100092000'
Event: 250.488 Thread 0x000001ad6a8eabc0 Unloading class 0x0000000100225c00 'java/lang/invoke/LambdaForm$MH+0x0000000100225c00'
Event: 250.488 Thread 0x000001ad6a8eabc0 Unloading class 0x0000000100226800 'java/lang/invoke/LambdaForm$MH+0x0000000100226800'
Event: 250.488 Thread 0x000001ad6a8eabc0 Unloading class 0x0000000100398000 'java/lang/invoke/LambdaForm$MH+0x0000000100398000'
Event: 250.488 Thread 0x000001ad6a8eabc0 Unloading class 0x000000010039b400 'java/lang/invoke/LambdaForm$MH+0x000000010039b400'
Event: 250.488 Thread 0x000001ad6a8eabc0 Unloading class 0x000000010039c400 'java/lang/invoke/LambdaForm$MH+0x000000010039c400'
Event: 250.488 Thread 0x000001ad6a8eabc0 Unloading class 0x000000010039cc00 'java/lang/invoke/LambdaForm$MH+0x000000010039cc00'
Event: 250.488 Thread 0x000001ad6a8eabc0 Unloading class 0x000000010039d400 'java/lang/invoke/LambdaForm$MH+0x000000010039d400'
Event: 250.488 Thread 0x000001ad6a8eabc0 Unloading class 0x00000001003a8400 'java/lang/invoke/LambdaForm$MH+0x00000001003a8400'
Event: 250.488 Thread 0x000001ad6a8eabc0 Unloading class 0x00000001003a8800 'java/lang/invoke/LambdaForm$MH+0x00000001003a8800'
Event: 250.488 Thread 0x000001ad6a8eabc0 Unloading class 0x00000001003a9800 'java/lang/invoke/LambdaForm$MH+0x00000001003a9800'
Event: 250.488 Thread 0x000001ad6a8eabc0 Unloading class 0x00000001003b8400 'java/lang/invoke/LambdaForm$MH+0x00000001003b8400'
Event: 1994.502 Thread 0x000001ad6a8eabc0 Unloading class 0x000000010039c400 'java/lang/invoke/LambdaForm$MH+0x000000010039c400'
Event: 1994.503 Thread 0x000001ad6a8eabc0 Unloading class 0x000000010039b400 'java/lang/invoke/LambdaForm$MH+0x000000010039b400'
Event: 1994.503 Thread 0x000001ad6a8eabc0 Unloading class 0x0000000100398000 'java/lang/invoke/LambdaForm$MH+0x0000000100398000'

Classes redefined (0 events):
No events

Internal exceptions (20 events):
Event: 16.557 Thread 0x000001ad70061320 Exception <a 'sun/nio/fs/WindowsException'{0x00000000c2e622d8}> (0x00000000c2e622d8) 
thrown [s\src\hotspot\share\prims\jni.cpp, line 516]
Event: 16.572 Thread 0x000001ad70061320 Exception <a 'sun/nio/fs/WindowsException'{0x00000000c2d2fac0}> (0x00000000c2d2fac0) 
thrown [s\src\hotspot\share\prims\jni.cpp, line 516]
Event: 16.619 Thread 0x000001ad6fa46950 Exception <a 'java/lang/NoSuchMethodError'{0x00000000c289d250}: 'java.lang.Object java.lang.invoke.Invokers$Holder.invoke_MT(java.lang.Object, java.lang.Object, java.lang.Object)'> (0x00000000c289d250) 
thrown [s\src\hotspot\share\interpreter\linkResolver.cpp, line 759]
Event: 16.909 Thread 0x000001ad6fa45f30 Exception <a 'java/lang/NoSuchMethodError'{0x00000000c5cd63f8}: 'java.lang.Object java.lang.invoke.DirectMethodHandle$Holder.newInvokeSpecial(java.lang.Object, java.lang.Object, java.lang.Object, java.lang.Object, java.lang.Object, long)'> (0x00000000c5cd63f8) 
thrown [s\src\hotspot\share\interpreter\linkResolver.cpp, line 759]
Event: 16.909 Thread 0x000001ad6fa45f30 Exception <a 'java/lang/NoSuchMethodError'{0x00000000c5cdaa78}: 'java.lang.Object java.lang.invoke.DirectMethodHandle$Holder.invokeSpecial(java.lang.Object, java.lang.Object, java.lang.Object, java.lang.Object, java.lang.Object, java.lang.Object, long)'> (0x00000000c5cdaa78) 
thrown [s\src\hotspot\share\interpreter\linkResolver.cpp, line 759]
Event: 16.943 Thread 0x000001ad6fa436b0 Exception <a 'java/lang/IncompatibleClassChangeError'{0x00000000c5a42100}: Found class java.lang.Object, but interface was expected> (0x00000000c5a42100) 
thrown [s\src\hotspot\share\interpreter\linkResolver.cpp, line 826]
Event: 16.943 Thread 0x000001ad6fa46950 Exception <a 'java/lang/IncompatibleClassChangeError'{0x00000000c5cfaf98}: Found class java.lang.Object, but interface was expected> (0x00000000c5cfaf98) 
thrown [s\src\hotspot\share\interpreter\linkResolver.cpp, line 826]
Event: 16.949 Thread 0x000001ad6fa47d90 Exception <a 'java/lang/NoSuchMethodError'{0x00000000c3e61038}: 'void java.lang.invoke.DirectMethodHandle$Holder.invokeVirtual(java.lang.Object, java.lang.Object, java.lang.Object, java.lang.Object)'> (0x00000000c3e61038) 
thrown [s\src\hotspot\share\interpreter\linkResolver.cpp, line 759]
Event: 16.994 Thread 0x000001ad6fa46950 Exception <a 'java/lang/NoSuchMethodError'{0x00000000c5ba1778}: 'int java.lang.invoke.DirectMethodHandle$Holder.invokeSpecialIFC(java.lang.Object, java.lang.Object, java.lang.Object)'> (0x00000000c5ba1778) 
thrown [s\src\hotspot\share\interpreter\linkResolver.cpp, line 759]
Event: 16.994 Thread 0x000001ad6fa436b0 Exception <a 'java/lang/NoSuchMethodError'{0x00000000c5a9ee08}: 'int java.lang.invoke.DirectMethodHandle$Holder.invokeSpecialIFC(java.lang.Object, java.lang.Object, java.lang.Object)'> (0x00000000c5a9ee08) 
thrown [s\src\hotspot\share\interpreter\linkResolver.cpp, line 759]
Event: 17.046 Thread 0x000001ad6fa47d90 Exception <a 'sun/nio/fs/WindowsException'{0x00000000c3ddfc58}> (0x00000000c3ddfc58) 
thrown [s\src\hotspot\share\prims\jni.cpp, line 516]
Event: 17.056 Thread 0x000001ad6fa46950 Implicit null exception at 0x000001ad626fb444 to 0x000001ad626fb669
Event: 17.122 Thread 0x000001ad6fa436b0 Exception <a 'java/lang/NoSuchMethodError'{0x00000000c36b56a0}: 'int java.lang.invoke.DirectMethodHandle$Holder.invokeStatic(java.lang.Object, int, java.lang.Object)'> (0x00000000c36b56a0) 
thrown [s\src\hotspot\share\interpreter\linkResolver.cpp, line 759]
Event: 17.122 Thread 0x000001ad6fa46950 Exception <a 'java/lang/NoSuchMethodError'{0x00000000c37f20b8}: 'int java.lang.invoke.DirectMethodHandle$Holder.invokeStatic(java.lang.Object, int, java.lang.Object)'> (0x00000000c37f20b8) 
thrown [s\src\hotspot\share\interpreter\linkResolver.cpp, line 759]
Event: 55.984 Thread 0x000001ad70415720 Exception <a 'java/lang/NoSuchMethodError'{0x00000000c3abd7a0}: 'void java.lang.invoke.DirectMethodHandle$Holder.invokeStatic(java.lang.Object, long)'> (0x00000000c3abd7a0) 
thrown [s\src\hotspot\share\interpreter\linkResolver.cpp, line 759]
Event: 55.986 Thread 0x000001ad70415720 Exception <a 'java/lang/NoSuchMethodError'{0x00000000c3ac2b50}: 'java.lang.Object java.lang.invoke.DirectMethodHandle$Holder.newInvokeSpecial(java.lang.Object, long)'> (0x00000000c3ac2b50) 
thrown [s\src\hotspot\share\interpreter\linkResolver.cpp, line 759]
Event: 193.195 Thread 0x000001ad6fa47d90 Implicit null exception at 0x000001ad62061090 to 0x000001ad6206164a
Event: 315.069 Thread 0x000001ad6fa46950 Implicit null exception at 0x000001ad61f706e2 to 0x000001ad61f71231
Event: 808.223 Thread 0x000001ad6fa46950 Implicit null exception at 0x000001ad61e9835a to 0x000001ad61e9859b
Event: 2140.089 Thread 0x000001ad6fa46950 Implicit null exception at 0x000001ad62989eb5 to 0x000001ad6298a161

VM Operations (20 events):
Event: 5197.225 Executing VM operation: G1CollectFull done
Event: 5207.426 Executing VM operation: G1CollectFull
Event: 5207.475 Executing VM operation: G1CollectFull done
Event: 5217.649 Executing VM operation: G1CollectFull
Event: 5217.698 Executing VM operation: G1CollectFull done
Event: 5227.861 Executing VM operation: G1CollectFull
Event: 5227.908 Executing VM operation: G1CollectFull done
Event: 5238.088 Executing VM operation: G1CollectFull
Event: 5238.133 Executing VM operation: G1CollectFull done
Event: 5248.302 Executing VM operation: G1CollectFull
Event: 5248.342 Executing VM operation: G1CollectFull done
Event: 5258.575 Executing VM operation: G1CollectFull
Event: 5258.613 Executing VM operation: G1CollectFull done
Event: 5268.821 Executing VM operation: G1CollectFull
Event: 5268.850 Executing VM operation: G1CollectFull done
Event: 5279.062 Executing VM operation: G1CollectFull
Event: 5279.103 Executing VM operation: G1CollectFull done
Event: 5289.291 Executing VM operation: G1CollectFull
Event: 5289.340 Executing VM operation: G1CollectFull done
Event: 5299.539 Executing VM operation: G1CollectFull

Events (20 events):
Event: 2012.848 Thread 0x000001ad6fa46440 Thread exited: 0x000001ad6fa46440
Event: 2135.555 Thread 0x000001ad6fa436b0 Thread added: 0x000001ad6fa436b0
Event: 2135.569 Thread 0x000001ad6fa46440 Thread added: 0x000001ad6fa46440
Event: 2135.649 Thread 0x000001ad6ab3d150 Thread added: 0x000001ad6ab3d150
Event: 2135.650 Thread 0x000001ad6ab3d670 Thread added: 0x000001ad6ab3d670
Event: 2139.905 Thread 0x000001ad6fa42c90 Thread added: 0x000001ad6fa42c90
Event: 2139.929 Thread 0x000001ad6ab3d670 Thread exited: 0x000001ad6ab3d670
Event: 2139.930 Thread 0x000001ad6fa46950 Thread added: 0x000001ad6fa46950
Event: 2140.080 Thread 0x000001ad711fe2a0 Thread added: 0x000001ad711fe2a0
Event: 2145.424 Thread 0x000001ad711fe2a0 Thread exited: 0x000001ad711fe2a0
Event: 2145.424 Thread 0x000001ad6ab3d150 Thread exited: 0x000001ad6ab3d150
Event: 2199.986 Thread 0x000001ad6fa436b0 Thread exited: 0x000001ad6fa436b0
Event: 2264.457 Thread 0x000001ad6fa46440 Thread exited: 0x000001ad6fa46440
Event: 2264.457 Thread 0x000001ad6fa46950 Thread exited: 0x000001ad6fa46950
Event: 2273.938 Thread 0x000001ad6fa46440 Thread added: 0x000001ad6fa46440
Event: 2273.941 Thread 0x000001ad6fa48cc0 Thread added: 0x000001ad6fa48cc0
Event: 2333.969 Thread 0x000001ad6fa48cc0 Thread exited: 0x000001ad6fa48cc0
Event: 2334.532 Thread 0x000001ad6fa46440 Thread exited: 0x000001ad6fa46440
Event: 2961.538 Thread 0x000001ad6ab3b760 Thread added: 0x000001ad6ab3b760
Event: 2966.763 Thread 0x000001ad6ab3b760 Thread exited: 0x000001ad6ab3b760


Dynamic libraries:
0x00007ff700700000 - 0x00007ff70070e000 	c:\Users\HP\.vscode\extensions\redhat.java-1.24.0-win32-x64\jre\17.0.8.1-win32-x86_64\bin\java.exe
0x00007ff9e9890000 - 0x00007ff9e9aa7000 	C:\Windows\SYSTEM32\ntdll.dll
0x00007ff9e8190000 - 0x00007ff9e8254000 	C:\Windows\System32\KERNEL32.DLL
0x00007ff9e7210000 - 0x00007ff9e75b6000 	C:\Windows\System32\KERNELBASE.dll
0x00007ff9e6d30000 - 0x00007ff9e6e41000 	C:\Windows\System32\ucrtbase.dll
0x00007ff9c9b50000 - 0x00007ff9c9b69000 	c:\Users\HP\.vscode\extensions\redhat.java-1.24.0-win32-x64\jre\17.0.8.1-win32-x86_64\bin\VCRUNTIME140.dll
0x00007ff9c9b70000 - 0x00007ff9c9b87000 	c:\Users\HP\.vscode\extensions\redhat.java-1.24.0-win32-x64\jre\17.0.8.1-win32-x86_64\bin\jli.dll
0x00007ff9e7cb0000 - 0x00007ff9e7e5d000 	C:\Windows\System32\USER32.dll
0x00007ff9ca0d0000 - 0x00007ff9ca363000 	C:\Windows\WinSxS\amd64_microsoft.windows.common-controls_6595b64144ccf1df_6.0.22621.2361_none_2712ced57382f843\COMCTL32.dll
0x00007ff9e7600000 - 0x00007ff9e76a7000 	C:\Windows\System32\msvcrt.dll
0x00007ff9e9460000 - 0x00007ff9e9489000 	C:\Windows\System32\GDI32.dll
0x00007ff9e75c0000 - 0x00007ff9e75e6000 	C:\Windows\System32\win32u.dll
0x00007ff9e70f0000 - 0x00007ff9e7208000 	C:\Windows\System32\gdi32full.dll
0x00007ff9e6c10000 - 0x00007ff9e6caa000 	C:\Windows\System32\msvcp_win.dll
0x00007ff9e97f0000 - 0x00007ff9e9821000 	C:\Windows\System32\IMM32.DLL
0x00007ff9df0c0000 - 0x00007ff9df0cc000 	c:\Users\HP\.vscode\extensions\redhat.java-1.24.0-win32-x64\jre\17.0.8.1-win32-x86_64\bin\vcruntime140_1.dll
0x00007ff9b5060000 - 0x00007ff9b50f1000 	c:\Users\HP\.vscode\extensions\redhat.java-1.24.0-win32-x64\jre\17.0.8.1-win32-x86_64\bin\msvcp140.dll
0x00007ff981240000 - 0x00007ff981e8c000 	c:\Users\HP\.vscode\extensions\redhat.java-1.24.0-win32-x64\jre\17.0.8.1-win32-x86_64\bin\server\jvm.dll
0x00007ff9e7f70000 - 0x00007ff9e8020000 	C:\Windows\System32\ADVAPI32.dll
0x00007ff9e7e60000 - 0x00007ff9e7f06000 	C:\Windows\System32\sechost.dll
0x00007ff9e8260000 - 0x00007ff9e8377000 	C:\Windows\System32\RPCRT4.dll
0x00007ff9e6930000 - 0x00007ff9e697d000 	C:\Windows\SYSTEM32\POWRPROF.dll
0x00007ff9b9510000 - 0x00007ff9b9519000 	C:\Windows\SYSTEM32\WSOCK32.dll
0x00007ff9da560000 - 0x00007ff9da56a000 	C:\Windows\SYSTEM32\VERSION.dll
0x00007ff9dd5a0000 - 0x00007ff9dd5d4000 	C:\Windows\SYSTEM32\WINMM.dll
0x00007ff9e9490000 - 0x00007ff9e9501000 	C:\Windows\System32\WS2_32.dll
0x00007ff9e6910000 - 0x00007ff9e6923000 	C:\Windows\SYSTEM32\UMPDC.dll
0x00007ff9e5bb0000 - 0x00007ff9e5bc8000 	C:\Windows\SYSTEM32\kernel.appcore.dll
0x00007ff9c9b40000 - 0x00007ff9c9b4a000 	c:\Users\HP\.vscode\extensions\redhat.java-1.24.0-win32-x64\jre\17.0.8.1-win32-x86_64\bin\jimage.dll
0x00007ff9e4450000 - 0x00007ff9e467e000 	C:\Windows\SYSTEM32\DBGHELP.DLL
0x00007ff9e76c0000 - 0x00007ff9e7a4a000 	C:\Windows\System32\combase.dll
0x00007ff9e80b0000 - 0x00007ff9e8187000 	C:\Windows\System32\OLEAUT32.dll
0x00007ff9d56f0000 - 0x00007ff9d5722000 	C:\Windows\SYSTEM32\dbgcore.DLL
0x00007ff9e6cb0000 - 0x00007ff9e6d2a000 	C:\Windows\System32\bcryptPrimitives.dll
0x00007ff9c5c40000 - 0x00007ff9c5c65000 	c:\Users\HP\.vscode\extensions\redhat.java-1.24.0-win32-x64\jre\17.0.8.1-win32-x86_64\bin\java.dll
0x00007ff9c8ac0000 - 0x00007ff9c8ad8000 	c:\Users\HP\.vscode\extensions\redhat.java-1.24.0-win32-x64\jre\17.0.8.1-win32-x86_64\bin\zip.dll
0x00007ff9e8380000 - 0x00007ff9e8bd8000 	C:\Windows\System32\SHELL32.dll
0x00007ff9e4b20000 - 0x00007ff9e5412000 	C:\Windows\SYSTEM32\windows.storage.dll
0x00007ff9e49e0000 - 0x00007ff9e4b1e000 	C:\Windows\SYSTEM32\wintypes.dll
0x00007ff9e9510000 - 0x00007ff9e9603000 	C:\Windows\System32\SHCORE.dll
0x00007ff9e7f10000 - 0x00007ff9e7f6e000 	C:\Windows\System32\shlwapi.dll
0x00007ff9e6b40000 - 0x00007ff9e6b66000 	C:\Windows\SYSTEM32\profapi.dll
0x00007ff9b3b40000 - 0x00007ff9b3b59000 	C:\Users\HP\.vscode\extensions\redhat.java-1.24.0-win32-x64\jre\17.0.8.1-win32-x86_64\bin\net.dll
0x00007ff9e07f0000 - 0x00007ff9e0927000 	C:\Windows\SYSTEM32\WINHTTP.dll
0x00007ff9e6080000 - 0x00007ff9e60e9000 	C:\Windows\system32\mswsock.dll
0x00007ff9b3b20000 - 0x00007ff9b3b35000 	C:\Users\HP\.vscode\extensions\redhat.java-1.24.0-win32-x64\jre\17.0.8.1-win32-x86_64\bin\nio.dll
0x00007ff9e63a0000 - 0x00007ff9e63bb000 	C:\Windows\SYSTEM32\CRYPTSP.dll
0x00007ff9e5b70000 - 0x00007ff9e5ba5000 	C:\Windows\system32\rsaenh.dll
0x00007ff9e6120000 - 0x00007ff9e614c000 	C:\Windows\SYSTEM32\USERENV.dll
0x00007ff9e64c0000 - 0x00007ff9e64e8000 	C:\Windows\SYSTEM32\bcrypt.dll
0x00007ff9e6380000 - 0x00007ff9e638c000 	C:\Windows\SYSTEM32\CRYPTBASE.dll
0x00007ff9e5680000 - 0x00007ff9e56ad000 	C:\Windows\SYSTEM32\IPHLPAPI.DLL
0x00007ff9e76b0000 - 0x00007ff9e76b9000 	C:\Windows\System32\NSI.dll
0x00007ff9e0500000 - 0x00007ff9e0519000 	C:\Windows\SYSTEM32\dhcpcsvc6.DLL
0x00007ff9e0410000 - 0x00007ff9e042f000 	C:\Windows\SYSTEM32\dhcpcsvc.DLL
0x00007ff9e56b0000 - 0x00007ff9e57a9000 	C:\Windows\SYSTEM32\DNSAPI.dll
0x00007ff9c8a00000 - 0x00007ff9c8a10000 	c:\Users\HP\.vscode\extensions\redhat.java-1.24.0-win32-x64\jre\17.0.8.1-win32-x86_64\bin\verify.dll
0x00007ff9c9b30000 - 0x00007ff9c9b39000 	C:\Users\HP\.vscode\extensions\redhat.java-1.24.0-win32-x64\jre\17.0.8.1-win32-x86_64\bin\management.dll
0x00007ff9820a0000 - 0x00007ff9820ab000 	C:\Users\HP\.vscode\extensions\redhat.java-1.24.0-win32-x64\jre\17.0.8.1-win32-x86_64\bin\management_ext.dll
0x00007ff9e75f0000 - 0x00007ff9e75f8000 	C:\Windows\System32\PSAPI.DLL
0x00007ff96c2a0000 - 0x00007ff96c2ae000 	C:\Users\HP\.vscode\extensions\redhat.java-1.24.0-win32-x64\jre\17.0.8.1-win32-x86_64\bin\sunmscapi.dll
0x00007ff9e6e50000 - 0x00007ff9e6fb6000 	C:\Windows\System32\CRYPT32.dll
0x00007ff9e6490000 - 0x00007ff9e64bd000 	C:\Windows\SYSTEM32\ncrypt.dll
0x00007ff9e6450000 - 0x00007ff9e6487000 	C:\Windows\SYSTEM32\NTASN1.dll
0x00007ff9df0b0000 - 0x00007ff9df0ba000 	C:\Windows\System32\rasadhlp.dll
0x00007ff9ddc70000 - 0x00007ff9ddcf4000 	C:\Windows\System32\fwpuclnt.dll

dbghelp: loaded successfully - version: 4.0.5 - missing functions: none
symbol engine: initialized successfully - sym options: 0x614 - pdb path: .;c:\Users\HP\.vscode\extensions\redhat.java-1.24.0-win32-x64\jre\17.0.8.1-win32-x86_64\bin;C:\Windows\SYSTEM32;C:\Windows\WinSxS\amd64_microsoft.windows.common-controls_6595b64144ccf1df_6.0.22621.2361_none_2712ced57382f843;c:\Users\HP\.vscode\extensions\redhat.java-1.24.0-win32-x64\jre\17.0.8.1-win32-x86_64\bin\server

VM Arguments:
jvm_args: -XX:+HeapDumpOnOutOfMemoryError -Xmx1024m -Dsts.lsp.client=vscode -Dsts.log.file=/dev/null -XX:TieredStopAtLevel=1 -Xlog:jni+resolve=off -Dspring.config.location=file:c:\Users\HP\.vscode\extensions\vmware.vscode-spring-boot-1.49.0\language-server\BOOT-INF\classes\application.properties 
java_command: org.springframework.ide.vscode.boot.app.BootLanguageServerBootApp
java_class_path (initial): c:\Users\HP\.vscode\extensions\vmware.vscode-spring-boot-1.49.0\language-server\BOOT-INF\classes;c:\Users\HP\.vscode\extensions\vmware.vscode-spring-boot-1.49.0\language-server\BOOT-INF\lib\annotations-24.0.1.jar;c:\Users\HP\.vscode\extensions\vmware.vscode-spring-boot-1.49.0\language-server\BOOT-INF\lib\antlr-runtime-3.5.3.jar;c:\Users\HP\.vscode\extensions\vmware.vscode-spring-boot-1.49.0\language-server\BOOT-INF\lib\antlr4-4.11.1.jar;c:\Users\HP\.vscode\extensions\vmware.vscode-spring-boot-1.49.0\language-server\BOOT-INF\lib\antlr4-runtime-4.11.1.jar;c:\Users\HP\.vscode\extensions\vmware.vscode-spring-boot-1.49.0\language-server\BOOT-INF\lib\archunit-1.1.0.jar;c:\Users\HP\.vscode\extensions\vmware.vscode-spring-boot-1.49.0\language-server\BOOT-INF\lib\asm-9.5.jar;c:\Users\HP\.vscode\extensions\vmware.vscode-spring-boot-1.49.0\language-server\BOOT-INF\lib\asm-analysis-9.5.jar;c:\Users\HP\.vscode\extensions\vmware.vscode-spring-boot-1.49.0\language-server\BOOT-INF\lib\asm-tree-9.5.jar;c:\Users\HP\.vscode\extensions\vmware.vscode-spring-boot-1.49.0\language-server\BOOT-INF\lib\asm-util-9.5.jar;c:\Users\HP\.vscode\extensions\vmware.vscode-spring-boot-1.49.0\language-server\BOOT-INF\lib\bosh-language-server-1.49.0-SNAPSHOT.jar;c:\Users\HP\.vscode\extensions\vmware.vscode-spring-boot-1.49.0\language-server\BOOT-INF\lib\caffeine-3.1.6.jar;c:\Users\HP\.vscode\extensions\vmware.vscode-spring-boot-1.49.0\language-server\BOOT-INF\lib\checker-qual-3.12.0.jar;c:\Users\HP\.vscode\extensions\vmware.vscode-spring-boot-1.49.0\language-server\BOOT-INF\lib\classgraph-4.8.149.jar;c:\Users\HP\.vscode\extensions\vmware.vscode-spring-boot-1.49.0\language-server\BOOT-INF\lib\commons-codec-1.15.jar;c:\Users\HP\.vscode\extensions\vmware.vscode-spring-boot-1.49.0\language-server\BOOT-INF\lib\commons-compress-1.23.0.jar;c:\Users\HP\.vscode\extensions\vmware.vscode-spring-boot-1.49.0\language-server\BOOT-INF\lib\commons-io-2.4.jar;c:\Users\HP\.vscode\extensions\v
Launcher Type: SUN_STANDARD

[Global flags]
     intx CICompilerCount                          = 12                                        {product} {ergonomic}
     uint ConcGCThreads                            = 3                                         {product} {ergonomic}
     uint G1ConcRefinementThreads                  = 13                                        {product} {ergonomic}
   size_t G1HeapRegionSize                         = 1048576                                   {product} {ergonomic}
    uintx GCDrainStackTargetSize                   = 64                                        {product} {ergonomic}
     bool HeapDumpOnOutOfMemoryError               = true                                   {manageable} {command line}
   size_t InitialHeapSize                          = 130023424                                 {product} {ergonomic}
   size_t MarkStackSize                            = 4194304                                   {product} {ergonomic}
   size_t MaxHeapSize                              = 1073741824                                {product} {command line}
   size_t MaxNewSize                               = 643825664                                 {product} {ergonomic}
   size_t MinHeapDeltaBytes                        = 1048576                                   {product} {ergonomic}
   size_t MinHeapSize                              = 8388608                                   {product} {ergonomic}
    uintx NonProfiledCodeHeapSize                  = 0                                      {pd product} {ergonomic}
     bool ProfileInterpreter                       = false                                  {pd product} {command line}
    uintx ProfiledCodeHeapSize                     = 0                                      {pd product} {ergonomic}
   size_t SoftMaxHeapSize                          = 1073741824                             {manageable} {ergonomic}
     intx TieredStopAtLevel                        = 1                                         {product} {command line}
     bool UseCompressedClassPointers               = true                           {product lp64_product} {ergonomic}
     bool UseCompressedOops                        = true                           {product lp64_product} {ergonomic}
     bool UseG1GC                                  = true                                      {product} {ergonomic}
     bool UseLargePagesIndividualAllocation        = false                                  {pd product} {ergonomic}

Logging:
Log output configuration:
 #0: stdout all=warning,jni+resolve=off uptime,level,tags
 #1: stderr all=off uptime,level,tags

Environment Variables:
PATH=C:\Program Files\Common Files\Oracle\Java\javapath;C:\Program Files\Microsoft\jdk-11.0.16.101-hotspot\bin;C:\Windows\system32;C:\Windows;C:\Windows\System32\Wbem;C:\Windows\System32\WindowsPowerShell\v1.0\;C:\Windows\System32\OpenSSH\;C:\xampp\php;C:\Program Files\Microsoft SQL Server\150\Tools\Binn\;C:\Program Files\Microsoft SQL Server\Client SDK\ODBC\170\Tools\Binn\;C:\composer;C:\Program Files\dotnet\;C:\ProgramData\chocolatey\bin;C:\Program Files\nodejs\;C:\Program Files\Git\cmd;C:\Program Files\Microsoft SQL Server\Client SDK\ODBC\110\Tools\Binn\;C:\Program Files (x86)\Microsoft SQL Server\120\Tools\Binn\;C:\Program Files\Microsoft SQL Server\120\Tools\Binn\;C:\Program Files\Microsoft SQL Server\120\DTS\Binn\;C:\Program Files (x86)\Microsoft SQL Server\120\Tools\Binn\ManagementStudio\;C:\Program Files (x86)\Microsoft SQL Server\120\DTS\Binn\;C:\Users\HP\AppData\Local\Programs\Python\Python311\Scripts\;C:\Users\HP\AppData\Local\Programs\Python\Python311\;C:\Users\HP\AppData\Local\Microsoft\WindowsApps;C:\Users\HP\AppData\Local\Programs\Microsoft VS Code\bin;C:\Users\HP\AppData\Roaming\Composer\vendor\bin;C:\Users\HP\.dotnet\tools;C:\Users\HP\AppData\Local\Android\Sdk\platform-tools;C:\Users\HP\AppData\Roaming\npm;
USERNAME=HP
OS=Windows_NT
PROCESSOR_IDENTIFIER=Intel64 Family 6 Model 154 Stepping 3, GenuineIntel
TMP=C:\Users\HP\AppData\Local\Temp
TEMP=C:\Users\HP\AppData\Local\Temp



---------------  S Y S T E M  ---------------

OS:
 Windows 11 , 64 bit Build 22621 (10.0.22621.2428)
OS uptime: 0 days 4:31 hours
Hyper-V role detected

CPU: total 16 (initial active 16) (8 cores per cpu, 2 threads per core) family 6 model 154 stepping 3 microcode 0x42c, cx8, cmov, fxsr, ht, mmx, 3dnowpref, sse, sse2, sse3, ssse3, sse4.1, sse4.2, popcnt, lzcnt, tsc, tscinvbit, avx, avx2, aes, erms, clmul, bmi1, bmi2, adx, sha, fma, vzeroupper, clflush, clflushopt, clwb, hv
Processor Information for processor 0
  Max Mhz: 1700, Current Mhz: 1700, Mhz Limit: 1700
Processor Information for processor 1
  Max Mhz: 1700, Current Mhz: 1700, Mhz Limit: 1700
Processor Information for processor 2
  Max Mhz: 1700, Current Mhz: 1700, Mhz Limit: 1700
Processor Information for processor 3
  Max Mhz: 1700, Current Mhz: 1700, Mhz Limit: 1700
Processor Information for processor 4
  Max Mhz: 1700, Current Mhz: 1457, Mhz Limit: 1700
Processor Information for processor 5
  Max Mhz: 1700, Current Mhz: 1700, Mhz Limit: 1700
Processor Information for processor 6
  Max Mhz: 1700, Current Mhz: 1700, Mhz Limit: 1700
Processor Information for processor 7
  Max Mhz: 1700, Current Mhz: 1457, Mhz Limit: 1700
Processor Information for processor 8
  Max Mhz: 1700, Current Mhz: 1200, Mhz Limit: 1190
Processor Information for processor 9
  Max Mhz: 1700, Current Mhz: 1200, Mhz Limit: 1190
Processor Information for processor 10
  Max Mhz: 1700, Current Mhz: 1200, Mhz Limit: 1190
Processor Information for processor 11
  Max Mhz: 1700, Current Mhz: 1200, Mhz Limit: 1190
Processor Information for processor 12
  Max Mhz: 1700, Current Mhz: 1200, Mhz Limit: 1190
Processor Information for processor 13
  Max Mhz: 1700, Current Mhz: 1200, Mhz Limit: 1190
Processor Information for processor 14
  Max Mhz: 1700, Current Mhz: 1200, Mhz Limit: 1190
Processor Information for processor 15
  Max Mhz: 1700, Current Mhz: 1200, Mhz Limit: 1190

Memory: 4k page, system-wide physical 7860M (48M free)
TotalPageFile size 20360M (AvailPageFile size 2M)
current process WorkingSet (physical memory assigned to process): 20M, peak: 200M
current process commit charge ("private bytes"): 249M, peak: 264M

vm_info: OpenJDK 64-Bit Server VM (17.0.8.1+1) for windows-amd64 JRE (17.0.8.1+1), built on Aug 23 2023 15:29:17 by "admin" with MS VC++ 16.7 (VS2019)

END.
